INFO - 2023-06-18 01:46:33 --> Session: Class initialized using 'CodeIgniter\Session\Handlers\FileHandler' driver.
INFO - 2023-06-18 01:46:53 --> Session: Class initialized using 'CodeIgniter\Session\Handlers\FileHandler' driver.
WARNING - 2023-06-18 01:46:53 --> Session: Sessions is enabled, and one exists. Please don't $session->start();
INFO - 2023-06-18 01:46:57 --> Session: Class initialized using 'CodeIgniter\Session\Handlers\FileHandler' driver.
WARNING - 2023-06-18 01:46:57 --> Session: Sessions is enabled, and one exists. Please don't $session->start();
INFO - 2023-06-18 01:46:58 --> Session: Class initialized using 'CodeIgniter\Session\Handlers\FileHandler' driver.
INFO - 2023-06-18 01:47:05 --> Session: Class initialized using 'CodeIgniter\Session\Handlers\FileHandler' driver.
ERROR - 2023-06-18 02:10:54 --> mysqli_sql_exception: Can't create table `e-comearce`.`products` (errno: 150 "Foreign key constraint is incorrectly formed") in F:\Xampp\htdocs\Mahim_53\Codeigniter\Project\Ecomearce\system\Database\MySQLi\Connection.php:295
Stack trace:
#0 F:\Xampp\htdocs\Mahim_53\Codeigniter\Project\Ecomearce\system\Database\MySQLi\Connection.php(295): mysqli->query('CREATE TABLE `p...', 0)
#1 F:\Xampp\htdocs\Mahim_53\Codeigniter\Project\Ecomearce\system\Database\BaseConnection.php(692): CodeIgniter\Database\MySQLi\Connection->execute('CREATE TABLE `p...')
#2 F:\Xampp\htdocs\Mahim_53\Codeigniter\Project\Ecomearce\system\Database\BaseConnection.php(606): CodeIgniter\Database\BaseConnection->simpleQuery('CREATE TABLE `p...')
#3 F:\Xampp\htdocs\Mahim_53\Codeigniter\Project\Ecomearce\system\Database\Forge.php(546): CodeIgniter\Database\BaseConnection->query('CREATE TABLE `p...')
#4 F:\Xampp\htdocs\Mahim_53\Codeigniter\Project\Ecomearce\app\Database\Migrations\2023-06-18-020434_Products.php(83): CodeIgniter\Database\Forge->createTable('products')
#5 F:\Xampp\htdocs\Mahim_53\Codeigniter\Project\Ecomearce\system\Database\MigrationRunner.php(877): App\Database\Migrations\Products->up()
#6 F:\Xampp\htdocs\Mahim_53\Codeigniter\Project\Ecomearce\system\Database\MigrationRunner.php(188): CodeIgniter\Database\MigrationRunner->migrate('up', Object(stdClass))
#7 F:\Xampp\htdocs\Mahim_53\Codeigniter\Project\Ecomearce\system\Commands\Database\Migrate.php(84): CodeIgniter\Database\MigrationRunner->latest(NULL)
#8 F:\Xampp\htdocs\Mahim_53\Codeigniter\Project\Ecomearce\system\CLI\Commands.php(65): CodeIgniter\Commands\Database\Migrate->run(Array)
#9 F:\Xampp\htdocs\Mahim_53\Codeigniter\Project\Ecomearce\system\CLI\Console.php(37): CodeIgniter\CLI\Commands->run('migrate', Array)
#10 F:\Xampp\htdocs\Mahim_53\Codeigniter\Project\Ecomearce\spark(97): CodeIgniter\CLI\Console->run()
#11 {main}
ERROR - 2023-06-18 02:13:57 --> mysqli_sql_exception: Table 'categories' already exists in F:\Xampp\htdocs\Mahim_53\Codeigniter\Project\Ecomearce\system\Database\MySQLi\Connection.php:295
Stack trace:
#0 F:\Xampp\htdocs\Mahim_53\Codeigniter\Project\Ecomearce\system\Database\MySQLi\Connection.php(295): mysqli->query('CREATE TABLE `c...', 0)
#1 F:\Xampp\htdocs\Mahim_53\Codeigniter\Project\Ecomearce\system\Database\BaseConnection.php(692): CodeIgniter\Database\MySQLi\Connection->execute('CREATE TABLE `c...')
#2 F:\Xampp\htdocs\Mahim_53\Codeigniter\Project\Ecomearce\system\Database\BaseConnection.php(606): CodeIgniter\Database\BaseConnection->simpleQuery('CREATE TABLE `c...')
#3 F:\Xampp\htdocs\Mahim_53\Codeigniter\Project\Ecomearce\system\Database\Forge.php(546): CodeIgniter\Database\BaseConnection->query('CREATE TABLE `c...')
#4 F:\Xampp\htdocs\Mahim_53\Codeigniter\Project\Ecomearce\app\Database\Migrations\2023-06-18-020004_Categories.php(35): CodeIgniter\Database\Forge->createTable('categories')
#5 F:\Xampp\htdocs\Mahim_53\Codeigniter\Project\Ecomearce\system\Database\MigrationRunner.php(877): App\Database\Migrations\Categories->up()
#6 F:\Xampp\htdocs\Mahim_53\Codeigniter\Project\Ecomearce\system\Database\MigrationRunner.php(188): CodeIgniter\Database\MigrationRunner->migrate('up', Object(stdClass))
#7 F:\Xampp\htdocs\Mahim_53\Codeigniter\Project\Ecomearce\system\Commands\Database\Migrate.php(84): CodeIgniter\Database\MigrationRunner->latest(NULL)
#8 F:\Xampp\htdocs\Mahim_53\Codeigniter\Project\Ecomearce\system\CLI\Commands.php(65): CodeIgniter\Commands\Database\Migrate->run(Array)
#9 F:\Xampp\htdocs\Mahim_53\Codeigniter\Project\Ecomearce\system\CLI\Console.php(37): CodeIgniter\CLI\Commands->run('migrate', Array)
#10 F:\Xampp\htdocs\Mahim_53\Codeigniter\Project\Ecomearce\spark(97): CodeIgniter\CLI\Console->run()
#11 {main}
ERROR - 2023-06-18 02:16:49 --> mysqli_sql_exception: Table 'categories' already exists in F:\Xampp\htdocs\Mahim_53\Codeigniter\Project\Ecomearce\system\Database\MySQLi\Connection.php:295
Stack trace:
#0 F:\Xampp\htdocs\Mahim_53\Codeigniter\Project\Ecomearce\system\Database\MySQLi\Connection.php(295): mysqli->query('CREATE TABLE `c...', 0)
#1 F:\Xampp\htdocs\Mahim_53\Codeigniter\Project\Ecomearce\system\Database\BaseConnection.php(692): CodeIgniter\Database\MySQLi\Connection->execute('CREATE TABLE `c...')
#2 F:\Xampp\htdocs\Mahim_53\Codeigniter\Project\Ecomearce\system\Database\BaseConnection.php(606): CodeIgniter\Database\BaseConnection->simpleQuery('CREATE TABLE `c...')
#3 F:\Xampp\htdocs\Mahim_53\Codeigniter\Project\Ecomearce\system\Database\Forge.php(546): CodeIgniter\Database\BaseConnection->query('CREATE TABLE `c...')
#4 F:\Xampp\htdocs\Mahim_53\Codeigniter\Project\Ecomearce\app\Database\Migrations\2023-06-18-020004_Categories.php(35): CodeIgniter\Database\Forge->createTable('categories')
#5 F:\Xampp\htdocs\Mahim_53\Codeigniter\Project\Ecomearce\system\Database\MigrationRunner.php(877): App\Database\Migrations\Categories->up()
#6 F:\Xampp\htdocs\Mahim_53\Codeigniter\Project\Ecomearce\system\Database\MigrationRunner.php(188): CodeIgniter\Database\MigrationRunner->migrate('up', Object(stdClass))
#7 F:\Xampp\htdocs\Mahim_53\Codeigniter\Project\Ecomearce\system\Commands\Database\Migrate.php(84): CodeIgniter\Database\MigrationRunner->latest(NULL)
#8 F:\Xampp\htdocs\Mahim_53\Codeigniter\Project\Ecomearce\system\CLI\Commands.php(65): CodeIgniter\Commands\Database\Migrate->run(Array)
#9 F:\Xampp\htdocs\Mahim_53\Codeigniter\Project\Ecomearce\system\CLI\Console.php(37): CodeIgniter\CLI\Commands->run('migrate', Array)
#10 F:\Xampp\htdocs\Mahim_53\Codeigniter\Project\Ecomearce\spark(97): CodeIgniter\CLI\Console->run()
#11 {main}
ERROR - 2023-06-18 02:17:14 --> mysqli_sql_exception: Can't create table `e-comearce`.`products` (errno: 150 "Foreign key constraint is incorrectly formed") in F:\Xampp\htdocs\Mahim_53\Codeigniter\Project\Ecomearce\system\Database\MySQLi\Connection.php:295
Stack trace:
#0 F:\Xampp\htdocs\Mahim_53\Codeigniter\Project\Ecomearce\system\Database\MySQLi\Connection.php(295): mysqli->query('CREATE TABLE `p...', 0)
#1 F:\Xampp\htdocs\Mahim_53\Codeigniter\Project\Ecomearce\system\Database\BaseConnection.php(692): CodeIgniter\Database\MySQLi\Connection->execute('CREATE TABLE `p...')
#2 F:\Xampp\htdocs\Mahim_53\Codeigniter\Project\Ecomearce\system\Database\BaseConnection.php(606): CodeIgniter\Database\BaseConnection->simpleQuery('CREATE TABLE `p...')
#3 F:\Xampp\htdocs\Mahim_53\Codeigniter\Project\Ecomearce\system\Database\Forge.php(546): CodeIgniter\Database\BaseConnection->query('CREATE TABLE `p...')
#4 F:\Xampp\htdocs\Mahim_53\Codeigniter\Project\Ecomearce\app\Database\Migrations\2023-06-18-020434_Products.php(83): CodeIgniter\Database\Forge->createTable('products')
#5 F:\Xampp\htdocs\Mahim_53\Codeigniter\Project\Ecomearce\system\Database\MigrationRunner.php(877): App\Database\Migrations\Products->up()
#6 F:\Xampp\htdocs\Mahim_53\Codeigniter\Project\Ecomearce\system\Database\MigrationRunner.php(188): CodeIgniter\Database\MigrationRunner->migrate('up', Object(stdClass))
#7 F:\Xampp\htdocs\Mahim_53\Codeigniter\Project\Ecomearce\system\Commands\Database\Migrate.php(84): CodeIgniter\Database\MigrationRunner->latest(NULL)
#8 F:\Xampp\htdocs\Mahim_53\Codeigniter\Project\Ecomearce\system\CLI\Commands.php(65): CodeIgniter\Commands\Database\Migrate->run(Array)
#9 F:\Xampp\htdocs\Mahim_53\Codeigniter\Project\Ecomearce\system\CLI\Console.php(37): CodeIgniter\CLI\Commands->run('migrate', Array)
#10 F:\Xampp\htdocs\Mahim_53\Codeigniter\Project\Ecomearce\spark(97): CodeIgniter\CLI\Console->run()
#11 {main}
ERROR - 2023-06-18 02:17:48 --> mysqli_sql_exception: Can't create table `e-comearce`.`products` (errno: 150 "Foreign key constraint is incorrectly formed") in F:\Xampp\htdocs\Mahim_53\Codeigniter\Project\Ecomearce\system\Database\MySQLi\Connection.php:295
Stack trace:
#0 F:\Xampp\htdocs\Mahim_53\Codeigniter\Project\Ecomearce\system\Database\MySQLi\Connection.php(295): mysqli->query('CREATE TABLE `p...', 0)
#1 F:\Xampp\htdocs\Mahim_53\Codeigniter\Project\Ecomearce\system\Database\BaseConnection.php(692): CodeIgniter\Database\MySQLi\Connection->execute('CREATE TABLE `p...')
#2 F:\Xampp\htdocs\Mahim_53\Codeigniter\Project\Ecomearce\system\Database\BaseConnection.php(606): CodeIgniter\Database\BaseConnection->simpleQuery('CREATE TABLE `p...')
#3 F:\Xampp\htdocs\Mahim_53\Codeigniter\Project\Ecomearce\system\Database\Forge.php(546): CodeIgniter\Database\BaseConnection->query('CREATE TABLE `p...')
#4 F:\Xampp\htdocs\Mahim_53\Codeigniter\Project\Ecomearce\app\Database\Migrations\2023-06-18-020434_Products.php(83): CodeIgniter\Database\Forge->createTable('products')
#5 F:\Xampp\htdocs\Mahim_53\Codeigniter\Project\Ecomearce\system\Database\MigrationRunner.php(877): App\Database\Migrations\Products->up()
#6 F:\Xampp\htdocs\Mahim_53\Codeigniter\Project\Ecomearce\system\Database\MigrationRunner.php(188): CodeIgniter\Database\MigrationRunner->migrate('up', Object(stdClass))
#7 F:\Xampp\htdocs\Mahim_53\Codeigniter\Project\Ecomearce\system\Commands\Database\Migrate.php(84): CodeIgniter\Database\MigrationRunner->latest(NULL)
#8 F:\Xampp\htdocs\Mahim_53\Codeigniter\Project\Ecomearce\system\CLI\Commands.php(65): CodeIgniter\Commands\Database\Migrate->run(Array)
#9 F:\Xampp\htdocs\Mahim_53\Codeigniter\Project\Ecomearce\system\CLI\Console.php(37): CodeIgniter\CLI\Commands->run('migrate', Array)
#10 F:\Xampp\htdocs\Mahim_53\Codeigniter\Project\Ecomearce\spark(97): CodeIgniter\CLI\Console->run()
#11 {main}
INFO - 2023-06-18 02:35:01 --> Session: Class initialized using 'CodeIgniter\Session\Handlers\FileHandler' driver.
INFO - 2023-06-18 02:35:11 --> Session: Class initialized using 'CodeIgniter\Session\Handlers\FileHandler' driver.
WARNING - 2023-06-18 02:35:11 --> Session: Sessions is enabled, and one exists. Please don't $session->start();
INFO - 2023-06-18 02:35:11 --> Session: Class initialized using 'CodeIgniter\Session\Handlers\FileHandler' driver.
INFO - 2023-06-18 02:35:15 --> Session: Class initialized using 'CodeIgniter\Session\Handlers\FileHandler' driver.
WARNING - 2023-06-18 02:35:15 --> Session: Sessions is enabled, and one exists. Please don't $session->start();
INFO - 2023-06-18 02:35:37 --> Session: Class initialized using 'CodeIgniter\Session\Handlers\FileHandler' driver.
WARNING - 2023-06-18 02:35:37 --> Session: Sessions is enabled, and one exists. Please don't $session->start();
INFO - 2023-06-18 02:35:37 --> Session: Class initialized using 'CodeIgniter\Session\Handlers\FileHandler' driver.
WARNING - 2023-06-18 02:35:37 --> Session: Sessions is enabled, and one exists. Please don't $session->start();
INFO - 2023-06-18 02:36:00 --> Session: Class initialized using 'CodeIgniter\Session\Handlers\FileHandler' driver.
WARNING - 2023-06-18 02:36:00 --> Session: Sessions is enabled, and one exists. Please don't $session->start();
INFO - 2023-06-18 02:36:01 --> Session: Class initialized using 'CodeIgniter\Session\Handlers\FileHandler' driver.
INFO - 2023-06-18 02:36:04 --> Session: Class initialized using 'CodeIgniter\Session\Handlers\FileHandler' driver.
CRITICAL - 2023-06-18 02:36:04 --> Undefined array key "roll"
in APPPATH\Views\Admin\User\user.php on line 43.
 1 APPPATH\Views\Admin\User\user.php(43): CodeIgniter\Debug\Exceptions->errorHandler(2, 'Undefined array key "roll"', 'F:\\Xampp\\htdocs\\Mahim_53\\Codeigniter\\Project\\Ecomearce\\app\\Views\\Admin\\User\\user.php', 43)
 2 SYSTEMPATH\View\View.php(213): include('F:\\Xampp\\htdocs\\Mahim_53\\Codeigniter\\Project\\Ecomearce\\app\\Views\\Admin\\User\\user.php')
 3 SYSTEMPATH\View\View.php(216): CodeIgniter\View\View->CodeIgniter\View\{closure}()
 4 SYSTEMPATH\Common.php(1184): CodeIgniter\View\View->render('Admin/User/user', [], true)
 5 APPPATH\Controllers\Admin\User.php(19): view('Admin/User/user', [...])
 6 SYSTEMPATH\CodeIgniter.php(934): App\Controllers\Admin\User->index()
 7 SYSTEMPATH\CodeIgniter.php(499): CodeIgniter\CodeIgniter->runController(Object(App\Controllers\Admin\User))
 8 SYSTEMPATH\CodeIgniter.php(368): CodeIgniter\CodeIgniter->handleRequest(null, Object(Config\Cache), false)
 9 FCPATH\index.php(67): CodeIgniter\CodeIgniter->run()
INFO - 2023-06-18 02:36:09 --> Session: Class initialized using 'CodeIgniter\Session\Handlers\FileHandler' driver.
INFO - 2023-06-18 02:36:11 --> Session: Class initialized using 'CodeIgniter\Session\Handlers\FileHandler' driver.
CRITICAL - 2023-06-18 02:36:11 --> Undefined array key "roll"
in APPPATH\Views\Admin\User\user.php on line 43.
 1 APPPATH\Views\Admin\User\user.php(43): CodeIgniter\Debug\Exceptions->errorHandler(2, 'Undefined array key "roll"', 'F:\\Xampp\\htdocs\\Mahim_53\\Codeigniter\\Project\\Ecomearce\\app\\Views\\Admin\\User\\user.php', 43)
 2 SYSTEMPATH\View\View.php(213): include('F:\\Xampp\\htdocs\\Mahim_53\\Codeigniter\\Project\\Ecomearce\\app\\Views\\Admin\\User\\user.php')
 3 SYSTEMPATH\View\View.php(216): CodeIgniter\View\View->CodeIgniter\View\{closure}()
 4 SYSTEMPATH\Common.php(1184): CodeIgniter\View\View->render('Admin/User/user', [], true)
 5 APPPATH\Controllers\Admin\User.php(19): view('Admin/User/user', [...])
 6 SYSTEMPATH\CodeIgniter.php(934): App\Controllers\Admin\User->index()
 7 SYSTEMPATH\CodeIgniter.php(499): CodeIgniter\CodeIgniter->runController(Object(App\Controllers\Admin\User))
 8 SYSTEMPATH\CodeIgniter.php(368): CodeIgniter\CodeIgniter->handleRequest(null, Object(Config\Cache), false)
 9 FCPATH\index.php(67): CodeIgniter\CodeIgniter->run()
INFO - 2023-06-18 02:36:50 --> Session: Class initialized using 'CodeIgniter\Session\Handlers\FileHandler' driver.
CRITICAL - 2023-06-18 02:36:50 --> Undefined array key "roll"
in APPPATH\Views\Admin\User\user.php on line 43.
 1 APPPATH\Views\Admin\User\user.php(43): CodeIgniter\Debug\Exceptions->errorHandler(2, 'Undefined array key "roll"', 'F:\\Xampp\\htdocs\\Mahim_53\\Codeigniter\\Project\\Ecomearce\\app\\Views\\Admin\\User\\user.php', 43)
 2 SYSTEMPATH\View\View.php(213): include('F:\\Xampp\\htdocs\\Mahim_53\\Codeigniter\\Project\\Ecomearce\\app\\Views\\Admin\\User\\user.php')
 3 SYSTEMPATH\View\View.php(216): CodeIgniter\View\View->CodeIgniter\View\{closure}()
 4 SYSTEMPATH\Common.php(1184): CodeIgniter\View\View->render('Admin/User/user', [], true)
 5 APPPATH\Controllers\Admin\User.php(19): view('Admin/User/user', [...])
 6 SYSTEMPATH\CodeIgniter.php(934): App\Controllers\Admin\User->index()
 7 SYSTEMPATH\CodeIgniter.php(499): CodeIgniter\CodeIgniter->runController(Object(App\Controllers\Admin\User))
 8 SYSTEMPATH\CodeIgniter.php(368): CodeIgniter\CodeIgniter->handleRequest(null, Object(Config\Cache), false)
 9 FCPATH\index.php(67): CodeIgniter\CodeIgniter->run()
INFO - 2023-06-18 02:36:51 --> Session: Class initialized using 'CodeIgniter\Session\Handlers\FileHandler' driver.
CRITICAL - 2023-06-18 02:36:51 --> Undefined array key "roll"
in APPPATH\Views\Admin\User\user.php on line 43.
 1 APPPATH\Views\Admin\User\user.php(43): CodeIgniter\Debug\Exceptions->errorHandler(2, 'Undefined array key "roll"', 'F:\\Xampp\\htdocs\\Mahim_53\\Codeigniter\\Project\\Ecomearce\\app\\Views\\Admin\\User\\user.php', 43)
 2 SYSTEMPATH\View\View.php(213): include('F:\\Xampp\\htdocs\\Mahim_53\\Codeigniter\\Project\\Ecomearce\\app\\Views\\Admin\\User\\user.php')
 3 SYSTEMPATH\View\View.php(216): CodeIgniter\View\View->CodeIgniter\View\{closure}()
 4 SYSTEMPATH\Common.php(1184): CodeIgniter\View\View->render('Admin/User/user', [], true)
 5 APPPATH\Controllers\Admin\User.php(19): view('Admin/User/user', [...])
 6 SYSTEMPATH\CodeIgniter.php(934): App\Controllers\Admin\User->index()
 7 SYSTEMPATH\CodeIgniter.php(499): CodeIgniter\CodeIgniter->runController(Object(App\Controllers\Admin\User))
 8 SYSTEMPATH\CodeIgniter.php(368): CodeIgniter\CodeIgniter->handleRequest(null, Object(Config\Cache), false)
 9 FCPATH\index.php(67): CodeIgniter\CodeIgniter->run()
INFO - 2023-06-18 02:36:53 --> Session: Class initialized using 'CodeIgniter\Session\Handlers\FileHandler' driver.
CRITICAL - 2023-06-18 02:36:53 --> Undefined array key "roll"
in APPPATH\Views\Admin\User\user.php on line 43.
 1 APPPATH\Views\Admin\User\user.php(43): CodeIgniter\Debug\Exceptions->errorHandler(2, 'Undefined array key "roll"', 'F:\\Xampp\\htdocs\\Mahim_53\\Codeigniter\\Project\\Ecomearce\\app\\Views\\Admin\\User\\user.php', 43)
 2 SYSTEMPATH\View\View.php(213): include('F:\\Xampp\\htdocs\\Mahim_53\\Codeigniter\\Project\\Ecomearce\\app\\Views\\Admin\\User\\user.php')
 3 SYSTEMPATH\View\View.php(216): CodeIgniter\View\View->CodeIgniter\View\{closure}()
 4 SYSTEMPATH\Common.php(1184): CodeIgniter\View\View->render('Admin/User/user', [], true)
 5 APPPATH\Controllers\Admin\User.php(19): view('Admin/User/user', [...])
 6 SYSTEMPATH\CodeIgniter.php(934): App\Controllers\Admin\User->index()
 7 SYSTEMPATH\CodeIgniter.php(499): CodeIgniter\CodeIgniter->runController(Object(App\Controllers\Admin\User))
 8 SYSTEMPATH\CodeIgniter.php(368): CodeIgniter\CodeIgniter->handleRequest(null, Object(Config\Cache), false)
 9 FCPATH\index.php(67): CodeIgniter\CodeIgniter->run()
INFO - 2023-06-18 02:36:54 --> Session: Class initialized using 'CodeIgniter\Session\Handlers\FileHandler' driver.
CRITICAL - 2023-06-18 02:36:54 --> Undefined array key "roll"
in APPPATH\Views\Admin\User\user.php on line 43.
 1 APPPATH\Views\Admin\User\user.php(43): CodeIgniter\Debug\Exceptions->errorHandler(2, 'Undefined array key "roll"', 'F:\\Xampp\\htdocs\\Mahim_53\\Codeigniter\\Project\\Ecomearce\\app\\Views\\Admin\\User\\user.php', 43)
 2 SYSTEMPATH\View\View.php(213): include('F:\\Xampp\\htdocs\\Mahim_53\\Codeigniter\\Project\\Ecomearce\\app\\Views\\Admin\\User\\user.php')
 3 SYSTEMPATH\View\View.php(216): CodeIgniter\View\View->CodeIgniter\View\{closure}()
 4 SYSTEMPATH\Common.php(1184): CodeIgniter\View\View->render('Admin/User/user', [], true)
 5 APPPATH\Controllers\Admin\User.php(19): view('Admin/User/user', [...])
 6 SYSTEMPATH\CodeIgniter.php(934): App\Controllers\Admin\User->index()
 7 SYSTEMPATH\CodeIgniter.php(499): CodeIgniter\CodeIgniter->runController(Object(App\Controllers\Admin\User))
 8 SYSTEMPATH\CodeIgniter.php(368): CodeIgniter\CodeIgniter->handleRequest(null, Object(Config\Cache), false)
 9 FCPATH\index.php(67): CodeIgniter\CodeIgniter->run()
INFO - 2023-06-18 02:37:44 --> Session: Class initialized using 'CodeIgniter\Session\Handlers\FileHandler' driver.
INFO - 2023-06-18 02:37:50 --> Session: Class initialized using 'CodeIgniter\Session\Handlers\FileHandler' driver.
INFO - 2023-06-18 02:37:55 --> Session: Class initialized using 'CodeIgniter\Session\Handlers\FileHandler' driver.
INFO - 2023-06-18 02:37:56 --> Session: Class initialized using 'CodeIgniter\Session\Handlers\FileHandler' driver.
INFO - 2023-06-18 02:38:04 --> Session: Class initialized using 'CodeIgniter\Session\Handlers\FileHandler' driver.
INFO - 2023-06-18 02:38:05 --> Session: Class initialized using 'CodeIgniter\Session\Handlers\FileHandler' driver.
INFO - 2023-06-18 02:39:00 --> Session: Class initialized using 'CodeIgniter\Session\Handlers\FileHandler' driver.
INFO - 2023-06-18 02:40:14 --> Session: Class initialized using 'CodeIgniter\Session\Handlers\FileHandler' driver.
INFO - 2023-06-18 02:41:17 --> Session: Class initialized using 'CodeIgniter\Session\Handlers\FileHandler' driver.
INFO - 2023-06-18 02:43:27 --> Session: Class initialized using 'CodeIgniter\Session\Handlers\FileHandler' driver.
INFO - 2023-06-18 02:45:11 --> Session: Class initialized using 'CodeIgniter\Session\Handlers\FileHandler' driver.
INFO - 2023-06-18 02:46:38 --> Session: Class initialized using 'CodeIgniter\Session\Handlers\FileHandler' driver.
INFO - 2023-06-18 02:48:07 --> Session: Class initialized using 'CodeIgniter\Session\Handlers\FileHandler' driver.
INFO - 2023-06-18 02:49:56 --> Session: Class initialized using 'CodeIgniter\Session\Handlers\FileHandler' driver.
INFO - 2023-06-18 02:53:08 --> Session: Class initialized using 'CodeIgniter\Session\Handlers\FileHandler' driver.
INFO - 2023-06-18 02:53:46 --> Session: Class initialized using 'CodeIgniter\Session\Handlers\FileHandler' driver.
INFO - 2023-06-18 02:53:57 --> Session: Class initialized using 'CodeIgniter\Session\Handlers\FileHandler' driver.
INFO - 2023-06-18 02:55:21 --> Session: Class initialized using 'CodeIgniter\Session\Handlers\FileHandler' driver.
INFO - 2023-06-18 02:55:28 --> Session: Class initialized using 'CodeIgniter\Session\Handlers\FileHandler' driver.
INFO - 2023-06-18 02:55:29 --> Session: Class initialized using 'CodeIgniter\Session\Handlers\FileHandler' driver.
INFO - 2023-06-18 04:22:30 --> Session: Class initialized using 'CodeIgniter\Session\Handlers\FileHandler' driver.
INFO - 2023-06-18 04:22:37 --> Session: Class initialized using 'CodeIgniter\Session\Handlers\FileHandler' driver.
WARNING - 2023-06-18 04:22:37 --> Session: Sessions is enabled, and one exists. Please don't $session->start();
INFO - 2023-06-18 04:22:40 --> Session: Class initialized using 'CodeIgniter\Session\Handlers\FileHandler' driver.
WARNING - 2023-06-18 04:22:40 --> Session: Sessions is enabled, and one exists. Please don't $session->start();
INFO - 2023-06-18 04:22:41 --> Session: Class initialized using 'CodeIgniter\Session\Handlers\FileHandler' driver.
INFO - 2023-06-18 04:23:11 --> Session: Class initialized using 'CodeIgniter\Session\Handlers\FileHandler' driver.
INFO - 2023-06-18 04:36:13 --> Session: Class initialized using 'CodeIgniter\Session\Handlers\FileHandler' driver.
INFO - 2023-06-18 04:40:11 --> Session: Class initialized using 'CodeIgniter\Session\Handlers\FileHandler' driver.
INFO - 2023-06-18 04:40:47 --> Session: Class initialized using 'CodeIgniter\Session\Handlers\FileHandler' driver.
INFO - 2023-06-18 04:44:52 --> Session: Class initialized using 'CodeIgniter\Session\Handlers\FileHandler' driver.
INFO - 2023-06-18 04:45:34 --> Session: Class initialized using 'CodeIgniter\Session\Handlers\FileHandler' driver.
INFO - 2023-06-18 04:54:47 --> Session: Class initialized using 'CodeIgniter\Session\Handlers\FileHandler' driver.
INFO - 2023-06-18 04:55:51 --> Session: Class initialized using 'CodeIgniter\Session\Handlers\FileHandler' driver.
INFO - 2023-06-18 05:08:52 --> Session: Class initialized using 'CodeIgniter\Session\Handlers\FileHandler' driver.
INFO - 2023-06-18 05:09:14 --> Session: Class initialized using 'CodeIgniter\Session\Handlers\FileHandler' driver.
INFO - 2023-06-18 05:09:29 --> Session: Class initialized using 'CodeIgniter\Session\Handlers\FileHandler' driver.
INFO - 2023-06-18 05:11:33 --> Session: Class initialized using 'CodeIgniter\Session\Handlers\FileHandler' driver.
INFO - 2023-06-18 05:11:35 --> Session: Class initialized using 'CodeIgniter\Session\Handlers\FileHandler' driver.
INFO - 2023-06-18 05:12:55 --> Session: Class initialized using 'CodeIgniter\Session\Handlers\FileHandler' driver.
INFO - 2023-06-18 05:12:56 --> Session: Class initialized using 'CodeIgniter\Session\Handlers\FileHandler' driver.
INFO - 2023-06-18 05:13:09 --> Session: Class initialized using 'CodeIgniter\Session\Handlers\FileHandler' driver.
INFO - 2023-06-18 05:13:10 --> Session: Class initialized using 'CodeIgniter\Session\Handlers\FileHandler' driver.
INFO - 2023-06-18 05:34:32 --> Session: Class initialized using 'CodeIgniter\Session\Handlers\FileHandler' driver.
INFO - 2023-06-18 05:36:57 --> Session: Class initialized using 'CodeIgniter\Session\Handlers\FileHandler' driver.
INFO - 2023-06-18 05:37:18 --> Session: Class initialized using 'CodeIgniter\Session\Handlers\FileHandler' driver.
INFO - 2023-06-18 05:38:13 --> Session: Class initialized using 'CodeIgniter\Session\Handlers\FileHandler' driver.
INFO - 2023-06-18 05:39:10 --> Session: Class initialized using 'CodeIgniter\Session\Handlers\FileHandler' driver.
INFO - 2023-06-18 06:15:39 --> Session: Class initialized using 'CodeIgniter\Session\Handlers\FileHandler' driver.
INFO - 2023-06-18 06:16:23 --> Session: Class initialized using 'CodeIgniter\Session\Handlers\FileHandler' driver.
INFO - 2023-06-18 06:47:26 --> Session: Class initialized using 'CodeIgniter\Session\Handlers\FileHandler' driver.
INFO - 2023-06-18 07:12:11 --> Session: Class initialized using 'CodeIgniter\Session\Handlers\FileHandler' driver.
INFO - 2023-06-18 07:12:46 --> Session: Class initialized using 'CodeIgniter\Session\Handlers\FileHandler' driver.
INFO - 2023-06-18 07:21:51 --> Session: Class initialized using 'CodeIgniter\Session\Handlers\FileHandler' driver.
INFO - 2023-06-18 07:21:52 --> Session: Class initialized using 'CodeIgniter\Session\Handlers\FileHandler' driver.
INFO - 2023-06-18 07:22:17 --> Session: Class initialized using 'CodeIgniter\Session\Handlers\FileHandler' driver.
INFO - 2023-06-18 07:26:21 --> Session: Class initialized using 'CodeIgniter\Session\Handlers\FileHandler' driver.
INFO - 2023-06-18 07:29:22 --> Session: Class initialized using 'CodeIgniter\Session\Handlers\FileHandler' driver.
INFO - 2023-06-18 15:32:56 --> Session: Class initialized using 'CodeIgniter\Session\Handlers\FileHandler' driver.
INFO - 2023-06-18 15:33:02 --> Session: Class initialized using 'CodeIgniter\Session\Handlers\FileHandler' driver.
INFO - 2023-06-18 15:33:06 --> Session: Class initialized using 'CodeIgniter\Session\Handlers\FileHandler' driver.
WARNING - 2023-06-18 15:33:06 --> Session: Sessions is enabled, and one exists. Please don't $session->start();
INFO - 2023-06-18 15:33:15 --> Session: Class initialized using 'CodeIgniter\Session\Handlers\FileHandler' driver.
WARNING - 2023-06-18 15:33:15 --> Session: Sessions is enabled, and one exists. Please don't $session->start();
ERROR - 2023-06-18 15:33:16 --> mysqli_sql_exception: Table 'e-comearce.user' doesn't exist in F:\Xampp\htdocs\Mahim_53\Codeigniter\Project\Ecomearce\system\Database\MySQLi\Connection.php:295
Stack trace:
#0 F:\Xampp\htdocs\Mahim_53\Codeigniter\Project\Ecomearce\system\Database\MySQLi\Connection.php(295): mysqli->query('INSERT INTO `us...', 0)
#1 F:\Xampp\htdocs\Mahim_53\Codeigniter\Project\Ecomearce\system\Database\BaseConnection.php(692): CodeIgniter\Database\MySQLi\Connection->execute('INSERT INTO `us...')
#2 F:\Xampp\htdocs\Mahim_53\Codeigniter\Project\Ecomearce\system\Database\BaseConnection.php(606): CodeIgniter\Database\BaseConnection->simpleQuery('INSERT INTO `us...')
#3 F:\Xampp\htdocs\Mahim_53\Codeigniter\Project\Ecomearce\system\Database\BaseBuilder.php(2309): CodeIgniter\Database\BaseConnection->query('INSERT INTO `us...', Array, false)
#4 F:\Xampp\htdocs\Mahim_53\Codeigniter\Project\Ecomearce\system\Model.php(330): CodeIgniter\Database\BaseBuilder->insert()
#5 F:\Xampp\htdocs\Mahim_53\Codeigniter\Project\Ecomearce\system\BaseModel.php(782): CodeIgniter\Model->doInsert(Array)
#6 F:\Xampp\htdocs\Mahim_53\Codeigniter\Project\Ecomearce\system\Model.php(730): CodeIgniter\BaseModel->insert(Array, true)
#7 F:\Xampp\htdocs\Mahim_53\Codeigniter\Project\Ecomearce\app\Controllers\Login.php(65): CodeIgniter\Model->insert(Array)
#8 F:\Xampp\htdocs\Mahim_53\Codeigniter\Project\Ecomearce\system\CodeIgniter.php(934): App\Controllers\Login->do_register()
#9 F:\Xampp\htdocs\Mahim_53\Codeigniter\Project\Ecomearce\system\CodeIgniter.php(499): CodeIgniter\CodeIgniter->runController(Object(App\Controllers\Login))
#10 F:\Xampp\htdocs\Mahim_53\Codeigniter\Project\Ecomearce\system\CodeIgniter.php(368): CodeIgniter\CodeIgniter->handleRequest(NULL, Object(Config\Cache), false)
#11 F:\Xampp\htdocs\Mahim_53\Codeigniter\Project\Ecomearce\public\index.php(67): CodeIgniter\CodeIgniter->run()
#12 {main}
CRITICAL - 2023-06-18 15:33:16 --> Table 'e-comearce.user' doesn't exist
in SYSTEMPATH\Database\MySQLi\Connection.php on line 295.
 1 SYSTEMPATH\Database\MySQLi\Connection.php(295): mysqli->query('INSERT INTO `user` (`name`, `email`, `password`) VALUES (\'Mohim\', \'mohim@gmail.com\', \'$2y$10$UE0sFFrOAJ7eFEzkrVqXKuoeGbapeSIYu7dUhtKRaVs4qn6q/T.oO\')', 0)
 2 SYSTEMPATH\Database\BaseConnection.php(692): CodeIgniter\Database\MySQLi\Connection->execute('INSERT INTO `user` (`name`, `email`, `password`) VALUES (\'Mohim\', \'mohim@gmail.com\', \'$2y$10$UE0sFFrOAJ7eFEzkrVqXKuoeGbapeSIYu7dUhtKRaVs4qn6q/T.oO\')')
 3 SYSTEMPATH\Database\BaseConnection.php(606): CodeIgniter\Database\BaseConnection->simpleQuery('INSERT INTO `user` (`name`, `email`, `password`) VALUES (\'Mohim\', \'mohim@gmail.com\', \'$2y$10$UE0sFFrOAJ7eFEzkrVqXKuoeGbapeSIYu7dUhtKRaVs4qn6q/T.oO\')')
 4 SYSTEMPATH\Database\BaseBuilder.php(2309): CodeIgniter\Database\BaseConnection->query('INSERT INTO `user` (`name`, `email`, `password`) VALUES (:name:, :email:, :password:)', [...], false)
 5 SYSTEMPATH\Model.php(330): CodeIgniter\Database\BaseBuilder->insert()
 6 SYSTEMPATH\BaseModel.php(782): CodeIgniter\Model->doInsert([...])
 7 SYSTEMPATH\Model.php(730): CodeIgniter\BaseModel->insert([...], true)
 8 APPPATH\Controllers\Login.php(65): CodeIgniter\Model->insert([...])
 9 SYSTEMPATH\CodeIgniter.php(934): App\Controllers\Login->do_register()
10 SYSTEMPATH\CodeIgniter.php(499): CodeIgniter\CodeIgniter->runController(Object(App\Controllers\Login))
11 SYSTEMPATH\CodeIgniter.php(368): CodeIgniter\CodeIgniter->handleRequest(null, Object(Config\Cache), false)
12 FCPATH\index.php(67): CodeIgniter\CodeIgniter->run()
INFO - 2023-06-18 15:34:43 --> Session: Class initialized using 'CodeIgniter\Session\Handlers\FileHandler' driver.
WARNING - 2023-06-18 15:34:43 --> Session: Sessions is enabled, and one exists. Please don't $session->start();
INFO - 2023-06-18 15:34:44 --> Session: Class initialized using 'CodeIgniter\Session\Handlers\FileHandler' driver.
WARNING - 2023-06-18 15:34:44 --> Session: Sessions is enabled, and one exists. Please don't $session->start();
INFO - 2023-06-18 15:34:52 --> Session: Class initialized using 'CodeIgniter\Session\Handlers\FileHandler' driver.
WARNING - 2023-06-18 15:34:52 --> Session: Sessions is enabled, and one exists. Please don't $session->start();
INFO - 2023-06-18 15:34:53 --> Session: Class initialized using 'CodeIgniter\Session\Handlers\FileHandler' driver.
INFO - 2023-06-18 15:34:57 --> Session: Class initialized using 'CodeIgniter\Session\Handlers\FileHandler' driver.
ERROR - 2023-06-18 15:38:21 --> mysqli_sql_exception: Can't create table `e-comearce`.`profiles` (errno: 150 "Foreign key constraint is incorrectly formed") in F:\Xampp\htdocs\Mahim_53\Codeigniter\Project\Ecomearce\system\Database\MySQLi\Connection.php:295
Stack trace:
#0 F:\Xampp\htdocs\Mahim_53\Codeigniter\Project\Ecomearce\system\Database\MySQLi\Connection.php(295): mysqli->query('CREATE TABLE `p...', 0)
#1 F:\Xampp\htdocs\Mahim_53\Codeigniter\Project\Ecomearce\system\Database\BaseConnection.php(692): CodeIgniter\Database\MySQLi\Connection->execute('CREATE TABLE `p...')
#2 F:\Xampp\htdocs\Mahim_53\Codeigniter\Project\Ecomearce\system\Database\BaseConnection.php(606): CodeIgniter\Database\BaseConnection->simpleQuery('CREATE TABLE `p...')
#3 F:\Xampp\htdocs\Mahim_53\Codeigniter\Project\Ecomearce\system\Database\Forge.php(546): CodeIgniter\Database\BaseConnection->query('CREATE TABLE `p...')
#4 F:\Xampp\htdocs\Mahim_53\Codeigniter\Project\Ecomearce\app\Database\Migrations\2023-06-18-023217_Profile.php(71): CodeIgniter\Database\Forge->createTable('profiles')
#5 F:\Xampp\htdocs\Mahim_53\Codeigniter\Project\Ecomearce\system\Database\MigrationRunner.php(877): App\Database\Migrations\Profile->up()
#6 F:\Xampp\htdocs\Mahim_53\Codeigniter\Project\Ecomearce\system\Database\MigrationRunner.php(188): CodeIgniter\Database\MigrationRunner->migrate('up', Object(stdClass))
#7 F:\Xampp\htdocs\Mahim_53\Codeigniter\Project\Ecomearce\system\Commands\Database\Migrate.php(84): CodeIgniter\Database\MigrationRunner->latest(NULL)
#8 F:\Xampp\htdocs\Mahim_53\Codeigniter\Project\Ecomearce\system\CLI\Commands.php(65): CodeIgniter\Commands\Database\Migrate->run(Array)
#9 F:\Xampp\htdocs\Mahim_53\Codeigniter\Project\Ecomearce\system\CLI\Console.php(37): CodeIgniter\CLI\Commands->run('migrate', Array)
#10 F:\Xampp\htdocs\Mahim_53\Codeigniter\Project\Ecomearce\spark(97): CodeIgniter\CLI\Console->run()
#11 {main}
ERROR - 2023-06-18 15:39:58 --> mysqli_sql_exception: Table 'categories' already exists in F:\Xampp\htdocs\Mahim_53\Codeigniter\Project\Ecomearce\system\Database\MySQLi\Connection.php:295
Stack trace:
#0 F:\Xampp\htdocs\Mahim_53\Codeigniter\Project\Ecomearce\system\Database\MySQLi\Connection.php(295): mysqli->query('CREATE TABLE `c...', 0)
#1 F:\Xampp\htdocs\Mahim_53\Codeigniter\Project\Ecomearce\system\Database\BaseConnection.php(692): CodeIgniter\Database\MySQLi\Connection->execute('CREATE TABLE `c...')
#2 F:\Xampp\htdocs\Mahim_53\Codeigniter\Project\Ecomearce\system\Database\BaseConnection.php(606): CodeIgniter\Database\BaseConnection->simpleQuery('CREATE TABLE `c...')
#3 F:\Xampp\htdocs\Mahim_53\Codeigniter\Project\Ecomearce\system\Database\Forge.php(546): CodeIgniter\Database\BaseConnection->query('CREATE TABLE `c...')
#4 F:\Xampp\htdocs\Mahim_53\Codeigniter\Project\Ecomearce\app\Database\Migrations\2023-06-05-101503_Categories.php(30): CodeIgniter\Database\Forge->createTable('categories')
#5 F:\Xampp\htdocs\Mahim_53\Codeigniter\Project\Ecomearce\system\Database\MigrationRunner.php(877): App\Database\Migrations\Categories->up()
#6 F:\Xampp\htdocs\Mahim_53\Codeigniter\Project\Ecomearce\system\Database\MigrationRunner.php(188): CodeIgniter\Database\MigrationRunner->migrate('up', Object(stdClass))
#7 F:\Xampp\htdocs\Mahim_53\Codeigniter\Project\Ecomearce\system\Commands\Database\Migrate.php(84): CodeIgniter\Database\MigrationRunner->latest(NULL)
#8 F:\Xampp\htdocs\Mahim_53\Codeigniter\Project\Ecomearce\system\CLI\Commands.php(65): CodeIgniter\Commands\Database\Migrate->run(Array)
#9 F:\Xampp\htdocs\Mahim_53\Codeigniter\Project\Ecomearce\system\CLI\Console.php(37): CodeIgniter\CLI\Commands->run('migrate', Array)
#10 F:\Xampp\htdocs\Mahim_53\Codeigniter\Project\Ecomearce\spark(97): CodeIgniter\CLI\Console->run()
#11 {main}
ERROR - 2023-06-18 15:40:25 --> mysqli_sql_exception: Table 'categories' already exists in F:\Xampp\htdocs\Mahim_53\Codeigniter\Project\Ecomearce\system\Database\MySQLi\Connection.php:295
Stack trace:
#0 F:\Xampp\htdocs\Mahim_53\Codeigniter\Project\Ecomearce\system\Database\MySQLi\Connection.php(295): mysqli->query('CREATE TABLE `c...', 0)
#1 F:\Xampp\htdocs\Mahim_53\Codeigniter\Project\Ecomearce\system\Database\BaseConnection.php(692): CodeIgniter\Database\MySQLi\Connection->execute('CREATE TABLE `c...')
#2 F:\Xampp\htdocs\Mahim_53\Codeigniter\Project\Ecomearce\system\Database\BaseConnection.php(606): CodeIgniter\Database\BaseConnection->simpleQuery('CREATE TABLE `c...')
#3 F:\Xampp\htdocs\Mahim_53\Codeigniter\Project\Ecomearce\system\Database\Forge.php(546): CodeIgniter\Database\BaseConnection->query('CREATE TABLE `c...')
#4 F:\Xampp\htdocs\Mahim_53\Codeigniter\Project\Ecomearce\app\Database\Migrations\2023-06-05-101503_Categories.php(30): CodeIgniter\Database\Forge->createTable('categories')
#5 F:\Xampp\htdocs\Mahim_53\Codeigniter\Project\Ecomearce\system\Database\MigrationRunner.php(877): App\Database\Migrations\Categories->up()
#6 F:\Xampp\htdocs\Mahim_53\Codeigniter\Project\Ecomearce\system\Database\MigrationRunner.php(188): CodeIgniter\Database\MigrationRunner->migrate('up', Object(stdClass))
#7 F:\Xampp\htdocs\Mahim_53\Codeigniter\Project\Ecomearce\system\Commands\Database\Migrate.php(84): CodeIgniter\Database\MigrationRunner->latest(NULL)
#8 F:\Xampp\htdocs\Mahim_53\Codeigniter\Project\Ecomearce\system\CLI\Commands.php(65): CodeIgniter\Commands\Database\Migrate->run(Array)
#9 F:\Xampp\htdocs\Mahim_53\Codeigniter\Project\Ecomearce\system\CLI\Console.php(37): CodeIgniter\CLI\Commands->run('migrate', Array)
#10 F:\Xampp\htdocs\Mahim_53\Codeigniter\Project\Ecomearce\spark(97): CodeIgniter\CLI\Console->run()
#11 {main}
INFO - 2023-06-18 15:44:09 --> Session: Class initialized using 'CodeIgniter\Session\Handlers\FileHandler' driver.
INFO - 2023-06-18 15:44:18 --> Session: Class initialized using 'CodeIgniter\Session\Handlers\FileHandler' driver.
WARNING - 2023-06-18 15:44:18 --> Session: Sessions is enabled, and one exists. Please don't $session->start();
INFO - 2023-06-18 15:44:18 --> Session: Class initialized using 'CodeIgniter\Session\Handlers\FileHandler' driver.
INFO - 2023-06-18 15:44:22 --> Session: Class initialized using 'CodeIgniter\Session\Handlers\FileHandler' driver.
WARNING - 2023-06-18 15:44:22 --> Session: Sessions is enabled, and one exists. Please don't $session->start();
INFO - 2023-06-18 15:44:29 --> Session: Class initialized using 'CodeIgniter\Session\Handlers\FileHandler' driver.
WARNING - 2023-06-18 15:44:29 --> Session: Sessions is enabled, and one exists. Please don't $session->start();
INFO - 2023-06-18 15:44:29 --> Session: Class initialized using 'CodeIgniter\Session\Handlers\FileHandler' driver.
WARNING - 2023-06-18 15:44:29 --> Session: Sessions is enabled, and one exists. Please don't $session->start();
INFO - 2023-06-18 15:44:31 --> Session: Class initialized using 'CodeIgniter\Session\Handlers\FileHandler' driver.
WARNING - 2023-06-18 15:44:31 --> Session: Sessions is enabled, and one exists. Please don't $session->start();
INFO - 2023-06-18 15:44:32 --> Session: Class initialized using 'CodeIgniter\Session\Handlers\FileHandler' driver.
INFO - 2023-06-18 15:44:36 --> Session: Class initialized using 'CodeIgniter\Session\Handlers\FileHandler' driver.
INFO - 2023-06-18 15:46:22 --> Session: Class initialized using 'CodeIgniter\Session\Handlers\FileHandler' driver.
WARNING - 2023-06-18 15:46:22 --> Session: Sessions is enabled, and one exists. Please don't $session->start();
INFO - 2023-06-18 15:46:22 --> Session: Class initialized using 'CodeIgniter\Session\Handlers\FileHandler' driver.
INFO - 2023-06-18 15:46:24 --> Session: Class initialized using 'CodeIgniter\Session\Handlers\FileHandler' driver.
WARNING - 2023-06-18 15:46:24 --> Session: Sessions is enabled, and one exists. Please don't $session->start();
INFO - 2023-06-18 15:46:36 --> Session: Class initialized using 'CodeIgniter\Session\Handlers\FileHandler' driver.
WARNING - 2023-06-18 15:46:36 --> Session: Sessions is enabled, and one exists. Please don't $session->start();
INFO - 2023-06-18 15:46:37 --> Session: Class initialized using 'CodeIgniter\Session\Handlers\FileHandler' driver.
WARNING - 2023-06-18 15:46:37 --> Session: Sessions is enabled, and one exists. Please don't $session->start();
INFO - 2023-06-18 15:46:40 --> Session: Class initialized using 'CodeIgniter\Session\Handlers\FileHandler' driver.
WARNING - 2023-06-18 15:46:40 --> Session: Sessions is enabled, and one exists. Please don't $session->start();
INFO - 2023-06-18 15:46:41 --> Session: Class initialized using 'CodeIgniter\Session\Handlers\FileHandler' driver.
INFO - 2023-06-18 15:46:45 --> Session: Class initialized using 'CodeIgniter\Session\Handlers\FileHandler' driver.
INFO - 2023-06-18 15:46:48 --> Session: Class initialized using 'CodeIgniter\Session\Handlers\FileHandler' driver.
INFO - 2023-06-18 15:47:09 --> Session: Class initialized using 'CodeIgniter\Session\Handlers\FileHandler' driver.
WARNING - 2023-06-18 15:47:09 --> Session: Sessions is enabled, and one exists. Please don't $session->start();
INFO - 2023-06-18 15:47:09 --> Session: Class initialized using 'CodeIgniter\Session\Handlers\FileHandler' driver.
INFO - 2023-06-18 15:47:13 --> Session: Class initialized using 'CodeIgniter\Session\Handlers\FileHandler' driver.
WARNING - 2023-06-18 15:47:13 --> Session: Sessions is enabled, and one exists. Please don't $session->start();
INFO - 2023-06-18 15:47:28 --> Session: Class initialized using 'CodeIgniter\Session\Handlers\FileHandler' driver.
WARNING - 2023-06-18 15:47:28 --> Session: Sessions is enabled, and one exists. Please don't $session->start();
INFO - 2023-06-18 15:47:28 --> Session: Class initialized using 'CodeIgniter\Session\Handlers\FileHandler' driver.
WARNING - 2023-06-18 15:47:28 --> Session: Sessions is enabled, and one exists. Please don't $session->start();
INFO - 2023-06-18 15:47:38 --> Session: Class initialized using 'CodeIgniter\Session\Handlers\FileHandler' driver.
WARNING - 2023-06-18 15:47:38 --> Session: Sessions is enabled, and one exists. Please don't $session->start();
INFO - 2023-06-18 15:47:39 --> Session: Class initialized using 'CodeIgniter\Session\Handlers\FileHandler' driver.
INFO - 2023-06-18 15:47:43 --> Session: Class initialized using 'CodeIgniter\Session\Handlers\FileHandler' driver.
INFO - 2023-06-18 15:47:49 --> Session: Class initialized using 'CodeIgniter\Session\Handlers\FileHandler' driver.
INFO - 2023-06-18 15:47:55 --> Session: Class initialized using 'CodeIgniter\Session\Handlers\FileHandler' driver.
INFO - 2023-06-18 15:47:55 --> Session: Class initialized using 'CodeIgniter\Session\Handlers\FileHandler' driver.
INFO - 2023-06-18 15:48:05 --> Session: Class initialized using 'CodeIgniter\Session\Handlers\FileHandler' driver.
INFO - 2023-06-18 15:49:40 --> Session: Class initialized using 'CodeIgniter\Session\Handlers\FileHandler' driver.
INFO - 2023-06-18 15:49:42 --> Session: Class initialized using 'CodeIgniter\Session\Handlers\FileHandler' driver.
WARNING - 2023-06-18 15:49:42 --> Session: Sessions is enabled, and one exists. Please don't $session->start();
INFO - 2023-06-18 15:49:42 --> Session: Class initialized using 'CodeIgniter\Session\Handlers\FileHandler' driver.
INFO - 2023-06-18 15:49:46 --> Session: Class initialized using 'CodeIgniter\Session\Handlers\FileHandler' driver.
WARNING - 2023-06-18 15:49:46 --> Session: Sessions is enabled, and one exists. Please don't $session->start();
INFO - 2023-06-18 15:49:50 --> Session: Class initialized using 'CodeIgniter\Session\Handlers\FileHandler' driver.
WARNING - 2023-06-18 15:49:50 --> Session: Sessions is enabled, and one exists. Please don't $session->start();
INFO - 2023-06-18 15:49:50 --> Session: Class initialized using 'CodeIgniter\Session\Handlers\FileHandler' driver.
WARNING - 2023-06-18 15:49:50 --> Session: Sessions is enabled, and one exists. Please don't $session->start();
INFO - 2023-06-18 15:49:52 --> Session: Class initialized using 'CodeIgniter\Session\Handlers\FileHandler' driver.
WARNING - 2023-06-18 15:49:52 --> Session: Sessions is enabled, and one exists. Please don't $session->start();
INFO - 2023-06-18 15:49:52 --> Session: Class initialized using 'CodeIgniter\Session\Handlers\FileHandler' driver.
INFO - 2023-06-18 15:49:56 --> Session: Class initialized using 'CodeIgniter\Session\Handlers\FileHandler' driver.
INFO - 2023-06-18 15:51:08 --> Session: Class initialized using 'CodeIgniter\Session\Handlers\FileHandler' driver.
INFO - 2023-06-18 15:51:09 --> Session: Class initialized using 'CodeIgniter\Session\Handlers\FileHandler' driver.
INFO - 2023-06-18 15:51:20 --> Session: Class initialized using 'CodeIgniter\Session\Handlers\FileHandler' driver.
WARNING - 2023-06-18 15:51:20 --> Session: Sessions is enabled, and one exists. Please don't $session->start();
INFO - 2023-06-18 15:51:20 --> Session: Class initialized using 'CodeIgniter\Session\Handlers\FileHandler' driver.
INFO - 2023-06-18 15:51:23 --> Session: Class initialized using 'CodeIgniter\Session\Handlers\FileHandler' driver.
WARNING - 2023-06-18 15:51:23 --> Session: Sessions is enabled, and one exists. Please don't $session->start();
INFO - 2023-06-18 15:51:27 --> Session: Class initialized using 'CodeIgniter\Session\Handlers\FileHandler' driver.
WARNING - 2023-06-18 15:51:27 --> Session: Sessions is enabled, and one exists. Please don't $session->start();
INFO - 2023-06-18 15:51:27 --> Session: Class initialized using 'CodeIgniter\Session\Handlers\FileHandler' driver.
WARNING - 2023-06-18 15:51:27 --> Session: Sessions is enabled, and one exists. Please don't $session->start();
INFO - 2023-06-18 15:51:29 --> Session: Class initialized using 'CodeIgniter\Session\Handlers\FileHandler' driver.
WARNING - 2023-06-18 15:51:29 --> Session: Sessions is enabled, and one exists. Please don't $session->start();
INFO - 2023-06-18 15:51:29 --> Session: Class initialized using 'CodeIgniter\Session\Handlers\FileHandler' driver.
INFO - 2023-06-18 15:51:34 --> Session: Class initialized using 'CodeIgniter\Session\Handlers\FileHandler' driver.
INFO - 2023-06-18 15:57:37 --> Session: Class initialized using 'CodeIgniter\Session\Handlers\FileHandler' driver.
INFO - 2023-06-18 15:57:39 --> Session: Class initialized using 'CodeIgniter\Session\Handlers\FileHandler' driver.
WARNING - 2023-06-18 15:57:39 --> Session: Sessions is enabled, and one exists. Please don't $session->start();
INFO - 2023-06-18 15:57:40 --> Session: Class initialized using 'CodeIgniter\Session\Handlers\FileHandler' driver.
INFO - 2023-06-18 15:57:45 --> Session: Class initialized using 'CodeIgniter\Session\Handlers\FileHandler' driver.
WARNING - 2023-06-18 15:57:45 --> Session: Sessions is enabled, and one exists. Please don't $session->start();
INFO - 2023-06-18 15:57:48 --> Session: Class initialized using 'CodeIgniter\Session\Handlers\FileHandler' driver.
WARNING - 2023-06-18 15:57:48 --> Session: Sessions is enabled, and one exists. Please don't $session->start();
INFO - 2023-06-18 15:57:48 --> Session: Class initialized using 'CodeIgniter\Session\Handlers\FileHandler' driver.
WARNING - 2023-06-18 15:57:48 --> Session: Sessions is enabled, and one exists. Please don't $session->start();
INFO - 2023-06-18 15:57:51 --> Session: Class initialized using 'CodeIgniter\Session\Handlers\FileHandler' driver.
WARNING - 2023-06-18 15:57:51 --> Session: Sessions is enabled, and one exists. Please don't $session->start();
INFO - 2023-06-18 15:57:51 --> Session: Class initialized using 'CodeIgniter\Session\Handlers\FileHandler' driver.
INFO - 2023-06-18 15:57:55 --> Session: Class initialized using 'CodeIgniter\Session\Handlers\FileHandler' driver.
INFO - 2023-06-18 15:58:19 --> Session: Class initialized using 'CodeIgniter\Session\Handlers\FileHandler' driver.
WARNING - 2023-06-18 15:58:19 --> Session: Sessions is enabled, and one exists. Please don't $session->start();
INFO - 2023-06-18 15:58:19 --> Session: Class initialized using 'CodeIgniter\Session\Handlers\FileHandler' driver.
INFO - 2023-06-18 15:58:22 --> Session: Class initialized using 'CodeIgniter\Session\Handlers\FileHandler' driver.
WARNING - 2023-06-18 15:58:22 --> Session: Sessions is enabled, and one exists. Please don't $session->start();
INFO - 2023-06-18 15:58:27 --> Session: Class initialized using 'CodeIgniter\Session\Handlers\FileHandler' driver.
WARNING - 2023-06-18 15:58:27 --> Session: Sessions is enabled, and one exists. Please don't $session->start();
ERROR - 2023-06-18 15:58:27 --> mysqli_sql_exception: Duplicate entry 'mohim@gmail.com' for key 'email' in F:\Xampp\htdocs\Mahim_53\Codeigniter\Project\Ecomearce\system\Database\MySQLi\Connection.php:295
Stack trace:
#0 F:\Xampp\htdocs\Mahim_53\Codeigniter\Project\Ecomearce\system\Database\MySQLi\Connection.php(295): mysqli->query('INSERT INTO `us...', 0)
#1 F:\Xampp\htdocs\Mahim_53\Codeigniter\Project\Ecomearce\system\Database\BaseConnection.php(692): CodeIgniter\Database\MySQLi\Connection->execute('INSERT INTO `us...')
#2 F:\Xampp\htdocs\Mahim_53\Codeigniter\Project\Ecomearce\system\Database\BaseConnection.php(606): CodeIgniter\Database\BaseConnection->simpleQuery('INSERT INTO `us...')
#3 F:\Xampp\htdocs\Mahim_53\Codeigniter\Project\Ecomearce\system\Database\BaseBuilder.php(2309): CodeIgniter\Database\BaseConnection->query('INSERT INTO `us...', Array, false)
#4 F:\Xampp\htdocs\Mahim_53\Codeigniter\Project\Ecomearce\system\Model.php(330): CodeIgniter\Database\BaseBuilder->insert()
#5 F:\Xampp\htdocs\Mahim_53\Codeigniter\Project\Ecomearce\system\BaseModel.php(782): CodeIgniter\Model->doInsert(Array)
#6 F:\Xampp\htdocs\Mahim_53\Codeigniter\Project\Ecomearce\system\Model.php(730): CodeIgniter\BaseModel->insert(Array, true)
#7 F:\Xampp\htdocs\Mahim_53\Codeigniter\Project\Ecomearce\app\Controllers\Login.php(65): CodeIgniter\Model->insert(Array)
#8 F:\Xampp\htdocs\Mahim_53\Codeigniter\Project\Ecomearce\system\CodeIgniter.php(934): App\Controllers\Login->do_register()
#9 F:\Xampp\htdocs\Mahim_53\Codeigniter\Project\Ecomearce\system\CodeIgniter.php(499): CodeIgniter\CodeIgniter->runController(Object(App\Controllers\Login))
#10 F:\Xampp\htdocs\Mahim_53\Codeigniter\Project\Ecomearce\system\CodeIgniter.php(368): CodeIgniter\CodeIgniter->handleRequest(NULL, Object(Config\Cache), false)
#11 F:\Xampp\htdocs\Mahim_53\Codeigniter\Project\Ecomearce\public\index.php(67): CodeIgniter\CodeIgniter->run()
#12 {main}
CRITICAL - 2023-06-18 15:58:27 --> Duplicate entry 'mohim@gmail.com' for key 'email'
in SYSTEMPATH\Database\MySQLi\Connection.php on line 295.
 1 SYSTEMPATH\Database\MySQLi\Connection.php(295): mysqli->query('INSERT INTO `users` (`name`, `email`, `password`) VALUES (\'Mohim Molla\', \'mohim@gmail.com\', \'$2y$10$afnZsW0PLazRAe1k3LU/FO.I..76Z9o1F.ZZ4KaEyxKsX4S71j2ya\')', 0)
 2 SYSTEMPATH\Database\BaseConnection.php(692): CodeIgniter\Database\MySQLi\Connection->execute('INSERT INTO `users` (`name`, `email`, `password`) VALUES (\'Mohim Molla\', \'mohim@gmail.com\', \'$2y$10$afnZsW0PLazRAe1k3LU/FO.I..76Z9o1F.ZZ4KaEyxKsX4S71j2ya\')')
 3 SYSTEMPATH\Database\BaseConnection.php(606): CodeIgniter\Database\BaseConnection->simpleQuery('INSERT INTO `users` (`name`, `email`, `password`) VALUES (\'Mohim Molla\', \'mohim@gmail.com\', \'$2y$10$afnZsW0PLazRAe1k3LU/FO.I..76Z9o1F.ZZ4KaEyxKsX4S71j2ya\')')
 4 SYSTEMPATH\Database\BaseBuilder.php(2309): CodeIgniter\Database\BaseConnection->query('INSERT INTO `users` (`name`, `email`, `password`) VALUES (:name:, :email:, :password:)', [...], false)
 5 SYSTEMPATH\Model.php(330): CodeIgniter\Database\BaseBuilder->insert()
 6 SYSTEMPATH\BaseModel.php(782): CodeIgniter\Model->doInsert([...])
 7 SYSTEMPATH\Model.php(730): CodeIgniter\BaseModel->insert([...], true)
 8 APPPATH\Controllers\Login.php(65): CodeIgniter\Model->insert([...])
 9 SYSTEMPATH\CodeIgniter.php(934): App\Controllers\Login->do_register()
10 SYSTEMPATH\CodeIgniter.php(499): CodeIgniter\CodeIgniter->runController(Object(App\Controllers\Login))
11 SYSTEMPATH\CodeIgniter.php(368): CodeIgniter\CodeIgniter->handleRequest(null, Object(Config\Cache), false)
12 FCPATH\index.php(67): CodeIgniter\CodeIgniter->run()
INFO - 2023-06-18 15:58:43 --> Session: Class initialized using 'CodeIgniter\Session\Handlers\FileHandler' driver.
WARNING - 2023-06-18 15:58:43 --> Session: Sessions is enabled, and one exists. Please don't $session->start();
INFO - 2023-06-18 15:58:47 --> Session: Class initialized using 'CodeIgniter\Session\Handlers\FileHandler' driver.
WARNING - 2023-06-18 15:58:47 --> Session: Sessions is enabled, and one exists. Please don't $session->start();
INFO - 2023-06-18 15:58:47 --> Session: Class initialized using 'CodeIgniter\Session\Handlers\FileHandler' driver.
WARNING - 2023-06-18 15:58:47 --> Session: Sessions is enabled, and one exists. Please don't $session->start();
INFO - 2023-06-18 15:58:51 --> Session: Class initialized using 'CodeIgniter\Session\Handlers\FileHandler' driver.
WARNING - 2023-06-18 15:58:51 --> Session: Sessions is enabled, and one exists. Please don't $session->start();
INFO - 2023-06-18 15:58:51 --> Session: Class initialized using 'CodeIgniter\Session\Handlers\FileHandler' driver.
INFO - 2023-06-18 15:58:55 --> Session: Class initialized using 'CodeIgniter\Session\Handlers\FileHandler' driver.
INFO - 2023-06-18 16:03:49 --> Session: Class initialized using 'CodeIgniter\Session\Handlers\FileHandler' driver.
INFO - 2023-06-18 16:03:51 --> Session: Class initialized using 'CodeIgniter\Session\Handlers\FileHandler' driver.
INFO - 2023-06-18 16:06:16 --> Session: Class initialized using 'CodeIgniter\Session\Handlers\FileHandler' driver.
INFO - 2023-06-18 16:09:17 --> Session: Class initialized using 'CodeIgniter\Session\Handlers\FileHandler' driver.
INFO - 2023-06-18 16:09:28 --> Session: Class initialized using 'CodeIgniter\Session\Handlers\FileHandler' driver.
INFO - 2023-06-18 16:17:25 --> Session: Class initialized using 'CodeIgniter\Session\Handlers\FileHandler' driver.
INFO - 2023-06-18 16:17:28 --> Session: Class initialized using 'CodeIgniter\Session\Handlers\FileHandler' driver.
WARNING - 2023-06-18 16:17:28 --> Session: Sessions is enabled, and one exists. Please don't $session->start();
INFO - 2023-06-18 16:17:29 --> Session: Class initialized using 'CodeIgniter\Session\Handlers\FileHandler' driver.
WARNING - 2023-06-18 16:17:29 --> Session: Sessions is enabled, and one exists. Please don't $session->start();
INFO - 2023-06-18 16:17:29 --> Session: Class initialized using 'CodeIgniter\Session\Handlers\FileHandler' driver.
INFO - 2023-06-18 16:17:34 --> Session: Class initialized using 'CodeIgniter\Session\Handlers\FileHandler' driver.
INFO - 2023-06-18 16:17:48 --> Session: Class initialized using 'CodeIgniter\Session\Handlers\FileHandler' driver.
CRITICAL - 2023-06-18 16:17:48 --> Call to a member function isValid() on null
in APPPATH\Controllers\Admin\Categories.php on line 26.
 1 SYSTEMPATH\CodeIgniter.php(934): App\Controllers\Admin\Categories->insert_categories()
 2 SYSTEMPATH\CodeIgniter.php(499): CodeIgniter\CodeIgniter->runController(Object(App\Controllers\Admin\Categories))
 3 SYSTEMPATH\CodeIgniter.php(368): CodeIgniter\CodeIgniter->handleRequest(null, Object(Config\Cache), false)
 4 FCPATH\index.php(67): CodeIgniter\CodeIgniter->run()
INFO - 2023-06-18 16:26:04 --> Session: Class initialized using 'CodeIgniter\Session\Handlers\FileHandler' driver.
INFO - 2023-06-18 16:26:05 --> Session: Class initialized using 'CodeIgniter\Session\Handlers\FileHandler' driver.
INFO - 2023-06-18 16:26:06 --> Session: Class initialized using 'CodeIgniter\Session\Handlers\FileHandler' driver.
INFO - 2023-06-18 16:26:18 --> Session: Class initialized using 'CodeIgniter\Session\Handlers\FileHandler' driver.
CRITICAL - 2023-06-18 16:26:18 --> Call to a member function isValid() on null
in APPPATH\Controllers\Admin\Categories.php on line 26.
 1 SYSTEMPATH\CodeIgniter.php(934): App\Controllers\Admin\Categories->insert_categories()
 2 SYSTEMPATH\CodeIgniter.php(499): CodeIgniter\CodeIgniter->runController(Object(App\Controllers\Admin\Categories))
 3 SYSTEMPATH\CodeIgniter.php(368): CodeIgniter\CodeIgniter->handleRequest(null, Object(Config\Cache), false)
 4 FCPATH\index.php(67): CodeIgniter\CodeIgniter->run()
INFO - 2023-06-18 16:28:12 --> Session: Class initialized using 'CodeIgniter\Session\Handlers\FileHandler' driver.
CRITICAL - 2023-06-18 16:28:12 --> Call to a member function isValid() on null
in APPPATH\Controllers\Admin\Categories.php on line 26.
 1 SYSTEMPATH\CodeIgniter.php(934): App\Controllers\Admin\Categories->insert_categories()
 2 SYSTEMPATH\CodeIgniter.php(499): CodeIgniter\CodeIgniter->runController(Object(App\Controllers\Admin\Categories))
 3 SYSTEMPATH\CodeIgniter.php(368): CodeIgniter\CodeIgniter->handleRequest(null, Object(Config\Cache), false)
 4 FCPATH\index.php(67): CodeIgniter\CodeIgniter->run()
INFO - 2023-06-18 16:28:14 --> Session: Class initialized using 'CodeIgniter\Session\Handlers\FileHandler' driver.
INFO - 2023-06-18 16:28:15 --> Session: Class initialized using 'CodeIgniter\Session\Handlers\FileHandler' driver.
INFO - 2023-06-18 16:28:34 --> Session: Class initialized using 'CodeIgniter\Session\Handlers\FileHandler' driver.
INFO - 2023-06-18 16:28:36 --> Session: Class initialized using 'CodeIgniter\Session\Handlers\FileHandler' driver.
INFO - 2023-06-18 16:28:40 --> Session: Class initialized using 'CodeIgniter\Session\Handlers\FileHandler' driver.
INFO - 2023-06-18 16:28:40 --> Session: Class initialized using 'CodeIgniter\Session\Handlers\FileHandler' driver.
INFO - 2023-06-18 16:28:50 --> Session: Class initialized using 'CodeIgniter\Session\Handlers\FileHandler' driver.
INFO - 2023-06-18 16:28:50 --> Session: Class initialized using 'CodeIgniter\Session\Handlers\FileHandler' driver.
INFO - 2023-06-18 16:46:03 --> Session: Class initialized using 'CodeIgniter\Session\Handlers\FileHandler' driver.
INFO - 2023-06-18 16:46:05 --> Session: Class initialized using 'CodeIgniter\Session\Handlers\FileHandler' driver.
INFO - 2023-06-18 16:46:14 --> Session: Class initialized using 'CodeIgniter\Session\Handlers\FileHandler' driver.
INFO - 2023-06-18 16:46:14 --> Session: Class initialized using 'CodeIgniter\Session\Handlers\FileHandler' driver.
INFO - 2023-06-18 16:46:17 --> Session: Class initialized using 'CodeIgniter\Session\Handlers\FileHandler' driver.
INFO - 2023-06-18 16:58:01 --> Session: Class initialized using 'CodeIgniter\Session\Handlers\FileHandler' driver.
INFO - 2023-06-18 16:58:02 --> Session: Class initialized using 'CodeIgniter\Session\Handlers\FileHandler' driver.
INFO - 2023-06-18 16:59:18 --> Session: Class initialized using 'CodeIgniter\Session\Handlers\FileHandler' driver.
INFO - 2023-06-18 16:59:27 --> Session: Class initialized using 'CodeIgniter\Session\Handlers\FileHandler' driver.
INFO - 2023-06-18 16:59:27 --> Session: Class initialized using 'CodeIgniter\Session\Handlers\FileHandler' driver.
INFO - 2023-06-18 17:04:44 --> Session: Class initialized using 'CodeIgniter\Session\Handlers\FileHandler' driver.
INFO - 2023-06-18 17:04:53 --> Session: Class initialized using 'CodeIgniter\Session\Handlers\FileHandler' driver.
INFO - 2023-06-18 17:04:54 --> Session: Class initialized using 'CodeIgniter\Session\Handlers\FileHandler' driver.
INFO - 2023-06-18 17:19:18 --> Session: Class initialized using 'CodeIgniter\Session\Handlers\FileHandler' driver.
INFO - 2023-06-18 17:19:18 --> Session: Class initialized using 'CodeIgniter\Session\Handlers\FileHandler' driver.
INFO - 2023-06-18 17:28:49 --> Session: Class initialized using 'CodeIgniter\Session\Handlers\FileHandler' driver.
INFO - 2023-06-18 17:28:50 --> Session: Class initialized using 'CodeIgniter\Session\Handlers\FileHandler' driver.
INFO - 2023-06-18 17:29:12 --> Session: Class initialized using 'CodeIgniter\Session\Handlers\FileHandler' driver.
INFO - 2023-06-18 17:29:12 --> Session: Class initialized using 'CodeIgniter\Session\Handlers\FileHandler' driver.
INFO - 2023-06-18 17:56:05 --> Session: Class initialized using 'CodeIgniter\Session\Handlers\FileHandler' driver.
INFO - 2023-06-18 17:56:15 --> Session: Class initialized using 'CodeIgniter\Session\Handlers\FileHandler' driver.
INFO - 2023-06-18 17:56:15 --> Session: Class initialized using 'CodeIgniter\Session\Handlers\FileHandler' driver.
INFO - 2023-06-18 17:58:46 --> Session: Class initialized using 'CodeIgniter\Session\Handlers\FileHandler' driver.
INFO - 2023-06-18 17:59:00 --> Session: Class initialized using 'CodeIgniter\Session\Handlers\FileHandler' driver.
INFO - 2023-06-18 17:59:02 --> Session: Class initialized using 'CodeIgniter\Session\Handlers\FileHandler' driver.
INFO - 2023-06-18 18:30:07 --> Session: Class initialized using 'CodeIgniter\Session\Handlers\FileHandler' driver.
CRITICAL - 2023-06-18 18:30:07 --> Undefined variable $cats
in APPPATH\Views\Admin\User\subcategories.php on line 24.
 1 APPPATH\Views\Admin\User\subcategories.php(24): CodeIgniter\Debug\Exceptions->errorHandler(2, 'Undefined variable $cats', 'F:\\Xampp\\htdocs\\Mahim_53\\Codeigniter\\Project\\Ecomearce\\app\\Views\\Admin\\User\\subcategories.php', 24)
 2 SYSTEMPATH\View\View.php(213): include('F:\\Xampp\\htdocs\\Mahim_53\\Codeigniter\\Project\\Ecomearce\\app\\Views\\Admin\\User\\subcategories.php')
 3 SYSTEMPATH\View\View.php(216): CodeIgniter\View\View->CodeIgniter\View\{closure}()
 4 SYSTEMPATH\Common.php(1184): CodeIgniter\View\View->render('Admin/User/subcategories', [], true)
 5 APPPATH\Controllers\Admin\SubcategoryController.php(22): view('Admin/User/subcategories')
 6 SYSTEMPATH\CodeIgniter.php(934): App\Controllers\Admin\SubcategoryController->index()
 7 SYSTEMPATH\CodeIgniter.php(499): CodeIgniter\CodeIgniter->runController(Object(App\Controllers\Admin\SubcategoryController))
 8 SYSTEMPATH\CodeIgniter.php(368): CodeIgniter\CodeIgniter->handleRequest(null, Object(Config\Cache), false)
 9 FCPATH\index.php(67): CodeIgniter\CodeIgniter->run()
INFO - 2023-06-18 18:35:13 --> Session: Class initialized using 'CodeIgniter\Session\Handlers\FileHandler' driver.
CRITICAL - 2023-06-18 18:35:13 --> Invalid file: "layouts/admin.php"
in SYSTEMPATH\Exceptions\FrameworkException.php on line 33.
 1 SYSTEMPATH\View\View.php(201): CodeIgniter\Exceptions\FrameworkException::forInvalidFile('layouts/admin.php')
 2 SYSTEMPATH\View\View.php(229): CodeIgniter\View\View->render('layouts/admin', [], true)
 3 SYSTEMPATH\Common.php(1184): CodeIgniter\View\View->render('Admin/User/subcategories', [], true)
 4 APPPATH\Controllers\Admin\SubcategoryController.php(22): view('Admin/User/subcategories')
 5 SYSTEMPATH\CodeIgniter.php(934): App\Controllers\Admin\SubcategoryController->index()
 6 SYSTEMPATH\CodeIgniter.php(499): CodeIgniter\CodeIgniter->runController(Object(App\Controllers\Admin\SubcategoryController))
 7 SYSTEMPATH\CodeIgniter.php(368): CodeIgniter\CodeIgniter->handleRequest(null, Object(Config\Cache), false)
 8 FCPATH\index.php(67): CodeIgniter\CodeIgniter->run()
INFO - 2023-06-18 18:35:37 --> Session: Class initialized using 'CodeIgniter\Session\Handlers\FileHandler' driver.
CRITICAL - 2023-06-18 18:35:37 --> Invalid file: "layouts/admin.php"
in SYSTEMPATH\Exceptions\FrameworkException.php on line 33.
 1 SYSTEMPATH\View\View.php(201): CodeIgniter\Exceptions\FrameworkException::forInvalidFile('layouts/admin.php')
 2 SYSTEMPATH\View\View.php(229): CodeIgniter\View\View->render('layouts/admin', [], true)
 3 SYSTEMPATH\Common.php(1184): CodeIgniter\View\View->render('Admin/User/subcategories', [], true)
 4 APPPATH\Controllers\Admin\SubcategoryController.php(22): view('Admin/User/subcategories')
 5 SYSTEMPATH\CodeIgniter.php(934): App\Controllers\Admin\SubcategoryController->index()
 6 SYSTEMPATH\CodeIgniter.php(499): CodeIgniter\CodeIgniter->runController(Object(App\Controllers\Admin\SubcategoryController))
 7 SYSTEMPATH\CodeIgniter.php(368): CodeIgniter\CodeIgniter->handleRequest(null, Object(Config\Cache), false)
 8 FCPATH\index.php(67): CodeIgniter\CodeIgniter->run()
INFO - 2023-06-18 18:35:38 --> Session: Class initialized using 'CodeIgniter\Session\Handlers\FileHandler' driver.
CRITICAL - 2023-06-18 18:35:38 --> Invalid file: "layouts/admin.php"
in SYSTEMPATH\Exceptions\FrameworkException.php on line 33.
 1 SYSTEMPATH\View\View.php(201): CodeIgniter\Exceptions\FrameworkException::forInvalidFile('layouts/admin.php')
 2 SYSTEMPATH\View\View.php(229): CodeIgniter\View\View->render('layouts/admin', [], true)
 3 SYSTEMPATH\Common.php(1184): CodeIgniter\View\View->render('Admin/User/subcategories', [], true)
 4 APPPATH\Controllers\Admin\SubcategoryController.php(22): view('Admin/User/subcategories')
 5 SYSTEMPATH\CodeIgniter.php(934): App\Controllers\Admin\SubcategoryController->index()
 6 SYSTEMPATH\CodeIgniter.php(499): CodeIgniter\CodeIgniter->runController(Object(App\Controllers\Admin\SubcategoryController))
 7 SYSTEMPATH\CodeIgniter.php(368): CodeIgniter\CodeIgniter->handleRequest(null, Object(Config\Cache), false)
 8 FCPATH\index.php(67): CodeIgniter\CodeIgniter->run()
INFO - 2023-06-18 18:35:40 --> Session: Class initialized using 'CodeIgniter\Session\Handlers\FileHandler' driver.
INFO - 2023-06-18 18:35:47 --> Session: Class initialized using 'CodeIgniter\Session\Handlers\FileHandler' driver.
INFO - 2023-06-18 18:36:31 --> Session: Class initialized using 'CodeIgniter\Session\Handlers\FileHandler' driver.
INFO - 2023-06-18 18:36:34 --> Session: Class initialized using 'CodeIgniter\Session\Handlers\FileHandler' driver.
CRITICAL - 2023-06-18 18:36:34 --> Invalid file: "layouts/admin.php"
in SYSTEMPATH\Exceptions\FrameworkException.php on line 33.
 1 SYSTEMPATH\View\View.php(201): CodeIgniter\Exceptions\FrameworkException::forInvalidFile('layouts/admin.php')
 2 SYSTEMPATH\View\View.php(229): CodeIgniter\View\View->render('layouts/admin', [], true)
 3 SYSTEMPATH\Common.php(1184): CodeIgniter\View\View->render('Admin/User/subcategories', [], true)
 4 APPPATH\Controllers\Admin\SubcategoryController.php(22): view('Admin/User/subcategories')
 5 SYSTEMPATH\CodeIgniter.php(934): App\Controllers\Admin\SubcategoryController->index()
 6 SYSTEMPATH\CodeIgniter.php(499): CodeIgniter\CodeIgniter->runController(Object(App\Controllers\Admin\SubcategoryController))
 7 SYSTEMPATH\CodeIgniter.php(368): CodeIgniter\CodeIgniter->handleRequest(null, Object(Config\Cache), false)
 8 FCPATH\index.php(67): CodeIgniter\CodeIgniter->run()
INFO - 2023-06-18 18:42:30 --> Session: Class initialized using 'CodeIgniter\Session\Handlers\FileHandler' driver.
INFO - 2023-06-18 18:42:31 --> Session: Class initialized using 'CodeIgniter\Session\Handlers\FileHandler' driver.
INFO - 2023-06-18 18:42:33 --> Session: Class initialized using 'CodeIgniter\Session\Handlers\FileHandler' driver.
INFO - 2023-06-18 18:42:36 --> Session: Class initialized using 'CodeIgniter\Session\Handlers\FileHandler' driver.
INFO - 2023-06-18 18:43:10 --> Session: Class initialized using 'CodeIgniter\Session\Handlers\FileHandler' driver.
CRITICAL - 2023-06-18 18:43:10 --> Invalid file: "layouts/admin.php"
in SYSTEMPATH\Exceptions\FrameworkException.php on line 33.
 1 SYSTEMPATH\View\View.php(201): CodeIgniter\Exceptions\FrameworkException::forInvalidFile('layouts/admin.php')
 2 SYSTEMPATH\View\View.php(229): CodeIgniter\View\View->render('layouts/admin', [], true)
 3 SYSTEMPATH\Common.php(1184): CodeIgniter\View\View->render('Admin/User/subcategories', [], true)
 4 APPPATH\Controllers\Admin\SubcategoryController.php(37): view('Admin/User/subcategories', [...])
 5 SYSTEMPATH\CodeIgniter.php(934): App\Controllers\Admin\SubcategoryController->index()
 6 SYSTEMPATH\CodeIgniter.php(499): CodeIgniter\CodeIgniter->runController(Object(App\Controllers\Admin\SubcategoryController))
 7 SYSTEMPATH\CodeIgniter.php(368): CodeIgniter\CodeIgniter->handleRequest(null, Object(Config\Cache), false)
 8 FCPATH\index.php(67): CodeIgniter\CodeIgniter->run()
INFO - 2023-06-18 18:52:49 --> Session: Class initialized using 'CodeIgniter\Session\Handlers\FileHandler' driver.
INFO - 2023-06-18 18:53:01 --> Session: Class initialized using 'CodeIgniter\Session\Handlers\FileHandler' driver.
INFO - 2023-06-18 18:53:06 --> Session: Class initialized using 'CodeIgniter\Session\Handlers\FileHandler' driver.
INFO - 2023-06-18 18:53:19 --> Session: Class initialized using 'CodeIgniter\Session\Handlers\FileHandler' driver.
INFO - 2023-06-18 18:53:19 --> Session: Class initialized using 'CodeIgniter\Session\Handlers\FileHandler' driver.
INFO - 2023-06-18 18:54:09 --> Session: Class initialized using 'CodeIgniter\Session\Handlers\FileHandler' driver.
INFO - 2023-06-18 18:55:25 --> Session: Class initialized using 'CodeIgniter\Session\Handlers\FileHandler' driver.
INFO - 2023-06-18 18:56:22 --> Session: Class initialized using 'CodeIgniter\Session\Handlers\FileHandler' driver.
CRITICAL - 2023-06-18 18:56:22 --> Invalid file: "layouts/admin.php"
in SYSTEMPATH\Exceptions\FrameworkException.php on line 33.
 1 SYSTEMPATH\View\View.php(201): CodeIgniter\Exceptions\FrameworkException::forInvalidFile('layouts/admin.php')
 2 SYSTEMPATH\View\View.php(229): CodeIgniter\View\View->render('layouts/admin', [], true)
 3 SYSTEMPATH\Common.php(1184): CodeIgniter\View\View->render('Admin/User/subcategories', [], true)
 4 APPPATH\Controllers\Admin\SubcategoryController.php(37): view('Admin/User/subcategories', [...])
 5 SYSTEMPATH\CodeIgniter.php(934): App\Controllers\Admin\SubcategoryController->index()
 6 SYSTEMPATH\CodeIgniter.php(499): CodeIgniter\CodeIgniter->runController(Object(App\Controllers\Admin\SubcategoryController))
 7 SYSTEMPATH\CodeIgniter.php(368): CodeIgniter\CodeIgniter->handleRequest(null, Object(Config\Cache), false)
 8 FCPATH\index.php(67): CodeIgniter\CodeIgniter->run()
INFO - 2023-06-18 18:57:03 --> Session: Class initialized using 'CodeIgniter\Session\Handlers\FileHandler' driver.
INFO - 2023-06-18 19:01:28 --> Session: Class initialized using 'CodeIgniter\Session\Handlers\FileHandler' driver.
INFO - 2023-06-18 19:01:35 --> Session: Class initialized using 'CodeIgniter\Session\Handlers\FileHandler' driver.
ERROR - 2023-06-18 19:01:35 --> mysqli_sql_exception: Column 'category_id' cannot be null in F:\Xampp\htdocs\Mahim_53\Codeigniter\Project\Ecomearce\system\Database\MySQLi\Connection.php:295
Stack trace:
#0 F:\Xampp\htdocs\Mahim_53\Codeigniter\Project\Ecomearce\system\Database\MySQLi\Connection.php(295): mysqli->query('INSERT INTO `su...', 0)
#1 F:\Xampp\htdocs\Mahim_53\Codeigniter\Project\Ecomearce\system\Database\BaseConnection.php(692): CodeIgniter\Database\MySQLi\Connection->execute('INSERT INTO `su...')
#2 F:\Xampp\htdocs\Mahim_53\Codeigniter\Project\Ecomearce\system\Database\BaseConnection.php(606): CodeIgniter\Database\BaseConnection->simpleQuery('INSERT INTO `su...')
#3 F:\Xampp\htdocs\Mahim_53\Codeigniter\Project\Ecomearce\system\Database\BaseBuilder.php(1801): CodeIgniter\Database\BaseConnection->query('INSERT INTO `su...', NULL, false)
#4 F:\Xampp\htdocs\Mahim_53\Codeigniter\Project\Ecomearce\system\Database\BaseBuilder.php(1929): CodeIgniter\Database\BaseBuilder->batchExecute('_upsertBatch')
#5 F:\Xampp\htdocs\Mahim_53\Codeigniter\Project\Ecomearce\app\Controllers\Admin\SubcategoryController.php(91): CodeIgniter\Database\BaseBuilder->upsert(Array)
#6 F:\Xampp\htdocs\Mahim_53\Codeigniter\Project\Ecomearce\system\CodeIgniter.php(934): App\Controllers\Admin\SubcategoryController->create()
#7 F:\Xampp\htdocs\Mahim_53\Codeigniter\Project\Ecomearce\system\CodeIgniter.php(499): CodeIgniter\CodeIgniter->runController(Object(App\Controllers\Admin\SubcategoryController))
#8 F:\Xampp\htdocs\Mahim_53\Codeigniter\Project\Ecomearce\system\CodeIgniter.php(368): CodeIgniter\CodeIgniter->handleRequest(NULL, Object(Config\Cache), false)
#9 F:\Xampp\htdocs\Mahim_53\Codeigniter\Project\Ecomearce\public\index.php(67): CodeIgniter\CodeIgniter->run()
#10 {main}
CRITICAL - 2023-06-18 19:01:35 --> Column 'category_id' cannot be null
in SYSTEMPATH\Database\MySQLi\Connection.php on line 295.
 1 SYSTEMPATH\Database\MySQLi\Connection.php(295): mysqli->query('INSERT INTO `subcategories` (`category_id`, `name`)
VALUES (NULL,NULL)
ON DUPLICATE KEY UPDATE
`subcategories`.`category_id` = VALUES(`category_id`),
`subcategories`.`name` = VALUES(`name`)', 0)
 2 SYSTEMPATH\Database\BaseConnection.php(692): CodeIgniter\Database\MySQLi\Connection->execute('INSERT INTO `subcategories` (`category_id`, `name`)
VALUES (NULL,NULL)
ON DUPLICATE KEY UPDATE
`subcategories`.`category_id` = VALUES(`category_id`),
`subcategories`.`name` = VALUES(`name`)')
 3 SYSTEMPATH\Database\BaseConnection.php(606): CodeIgniter\Database\BaseConnection->simpleQuery('INSERT INTO `subcategories` (`category_id`, `name`)
VALUES (NULL,NULL)
ON DUPLICATE KEY UPDATE
`subcategories`.`category_id` = VALUES(`category_id`),
`subcategories`.`name` = VALUES(`name`)')
 4 SYSTEMPATH\Database\BaseBuilder.php(1801): CodeIgniter\Database\BaseConnection->query('INSERT INTO `subcategories` (`category_id`, `name`)
VALUES (NULL,NULL)
ON DUPLICATE KEY UPDATE
`subcategories`.`category_id` = VALUES(`category_id`),
`subcategories`.`name` = VALUES(`name`)', null, false)
 5 SYSTEMPATH\Database\BaseBuilder.php(1929): CodeIgniter\Database\BaseBuilder->batchExecute('_upsertBatch')
 6 APPPATH\Controllers\Admin\SubcategoryController.php(91): CodeIgniter\Database\BaseBuilder->upsert([...])
 7 SYSTEMPATH\CodeIgniter.php(934): App\Controllers\Admin\SubcategoryController->create()
 8 SYSTEMPATH\CodeIgniter.php(499): CodeIgniter\CodeIgniter->runController(Object(App\Controllers\Admin\SubcategoryController))
 9 SYSTEMPATH\CodeIgniter.php(368): CodeIgniter\CodeIgniter->handleRequest(null, Object(Config\Cache), false)
10 FCPATH\index.php(67): CodeIgniter\CodeIgniter->run()
