CRITICAL - 2023-06-15 05:32:48 --> Call to undefined function link_tag()
in APPPATH\Views\login.php on line 4.
 1 SYSTEMPATH\View\View.php(213): include()
 2 SYSTEMPATH\View\View.php(216): CodeIgniter\View\View->CodeIgniter\View\{closure}()
 3 SYSTEMPATH\Common.php(1184): CodeIgniter\View\View->render('login', [], true)
 4 APPPATH\Controllers\Home.php(13): view('login')
 5 SYSTEMPATH\CodeIgniter.php(934): App\Controllers\Home->login()
 6 SYSTEMPATH\CodeIgniter.php(499): CodeIgniter\CodeIgniter->runController(Object(App\Controllers\Home))
 7 SYSTEMPATH\CodeIgniter.php(368): CodeIgniter\CodeIgniter->handleRequest(null, Object(Config\Cache), false)
 8 FCPATH\index.php(67): CodeIgniter\CodeIgniter->run()
CRITICAL - 2023-06-15 05:33:08 --> Call to undefined function link_tag()
in APPPATH\Views\login.php on line 4.
 1 SYSTEMPATH\View\View.php(213): include()
 2 SYSTEMPATH\View\View.php(216): CodeIgniter\View\View->CodeIgniter\View\{closure}()
 3 SYSTEMPATH\Common.php(1184): CodeIgniter\View\View->render('login', [], true)
 4 APPPATH\Controllers\Home.php(13): view('login')
 5 SYSTEMPATH\CodeIgniter.php(934): App\Controllers\Home->login()
 6 SYSTEMPATH\CodeIgniter.php(499): CodeIgniter\CodeIgniter->runController(Object(App\Controllers\Home))
 7 SYSTEMPATH\CodeIgniter.php(368): CodeIgniter\CodeIgniter->handleRequest(null, Object(Config\Cache), false)
 8 FCPATH\index.php(67): CodeIgniter\CodeIgniter->run()
CRITICAL - 2023-06-15 07:27:36 --> Too few arguments to function CodeIgniter\View\View::include(), 0 passed in F:\Xampp\htdocs\Mahim_53\Codeigniter\Project\Ecomearce\app\Views\Layouts\ecom.php on line 17 and at least 1 expected
in SYSTEMPATH\View\View.php on line 429.
 1 APPPATH\Views\Layouts\ecom.php(17): CodeIgniter\View\View->include()
 2 SYSTEMPATH\View\View.php(213): include('F:\\Xampp\\htdocs\\Mahim_53\\Codeigniter\\Project\\Ecomearce\\app\\Views\\Layouts\\ecom.php')
 3 SYSTEMPATH\View\View.php(216): CodeIgniter\View\View->CodeIgniter\View\{closure}()
 4 SYSTEMPATH\View\View.php(229): CodeIgniter\View\View->render('Layouts/ecom.php', [], true)
 5 SYSTEMPATH\Common.php(1184): CodeIgniter\View\View->render('home', [], true)
 6 APPPATH\Controllers\Home.php(9): view('home')
 7 SYSTEMPATH\CodeIgniter.php(934): App\Controllers\Home->index()
 8 SYSTEMPATH\CodeIgniter.php(499): CodeIgniter\CodeIgniter->runController(Object(App\Controllers\Home))
 9 SYSTEMPATH\CodeIgniter.php(368): CodeIgniter\CodeIgniter->handleRequest(null, Object(Config\Cache), false)
10 FCPATH\index.php(67): CodeIgniter\CodeIgniter->run()
ERROR - 2023-06-15 16:41:38 --> mysqli_sql_exception: Column 'name' cannot be null in F:\Xampp\htdocs\Mahim_53\Codeigniter\Project\Ecomearce\system\Database\MySQLi\Connection.php:295
Stack trace:
#0 F:\Xampp\htdocs\Mahim_53\Codeigniter\Project\Ecomearce\system\Database\MySQLi\Connection.php(295): mysqli->query('INSERT INTO `us...', 0)
#1 F:\Xampp\htdocs\Mahim_53\Codeigniter\Project\Ecomearce\system\Database\BaseConnection.php(692): CodeIgniter\Database\MySQLi\Connection->execute('INSERT INTO `us...')
#2 F:\Xampp\htdocs\Mahim_53\Codeigniter\Project\Ecomearce\system\Database\BaseConnection.php(606): CodeIgniter\Database\BaseConnection->simpleQuery('INSERT INTO `us...')
#3 F:\Xampp\htdocs\Mahim_53\Codeigniter\Project\Ecomearce\system\Database\BaseBuilder.php(2309): CodeIgniter\Database\BaseConnection->query('INSERT INTO `us...', Array, false)
#4 F:\Xampp\htdocs\Mahim_53\Codeigniter\Project\Ecomearce\system\Model.php(330): CodeIgniter\Database\BaseBuilder->insert()
#5 F:\Xampp\htdocs\Mahim_53\Codeigniter\Project\Ecomearce\system\BaseModel.php(782): CodeIgniter\Model->doInsert(Array)
#6 F:\Xampp\htdocs\Mahim_53\Codeigniter\Project\Ecomearce\system\Model.php(730): CodeIgniter\BaseModel->insert(Array, true)
#7 F:\Xampp\htdocs\Mahim_53\Codeigniter\Project\Ecomearce\app\Controllers\Login.php(32): CodeIgniter\Model->insert(Array)
#8 F:\Xampp\htdocs\Mahim_53\Codeigniter\Project\Ecomearce\system\CodeIgniter.php(934): App\Controllers\Login->do_register()
#9 F:\Xampp\htdocs\Mahim_53\Codeigniter\Project\Ecomearce\system\CodeIgniter.php(499): CodeIgniter\CodeIgniter->runController(Object(App\Controllers\Login))
#10 F:\Xampp\htdocs\Mahim_53\Codeigniter\Project\Ecomearce\system\CodeIgniter.php(368): CodeIgniter\CodeIgniter->handleRequest(NULL, Object(Config\Cache), false)
#11 F:\Xampp\htdocs\Mahim_53\Codeigniter\Project\Ecomearce\public\index.php(67): CodeIgniter\CodeIgniter->run()
#12 {main}
CRITICAL - 2023-06-15 16:41:38 --> Column 'name' cannot be null
in SYSTEMPATH\Database\MySQLi\Connection.php on line 295.
 1 SYSTEMPATH\Database\MySQLi\Connection.php(295): mysqli->query('INSERT INTO `user` (`name`, `email`, `password`) VALUES (NULL, NULL, NULL)', 0)
 2 SYSTEMPATH\Database\BaseConnection.php(692): CodeIgniter\Database\MySQLi\Connection->execute('INSERT INTO `user` (`name`, `email`, `password`) VALUES (NULL, NULL, NULL)')
 3 SYSTEMPATH\Database\BaseConnection.php(606): CodeIgniter\Database\BaseConnection->simpleQuery('INSERT INTO `user` (`name`, `email`, `password`) VALUES (NULL, NULL, NULL)')
 4 SYSTEMPATH\Database\BaseBuilder.php(2309): CodeIgniter\Database\BaseConnection->query('INSERT INTO `user` (`name`, `email`, `password`) VALUES (:name:, :email:, :password:)', [...], false)
 5 SYSTEMPATH\Model.php(330): CodeIgniter\Database\BaseBuilder->insert()
 6 SYSTEMPATH\BaseModel.php(782): CodeIgniter\Model->doInsert([...])
 7 SYSTEMPATH\Model.php(730): CodeIgniter\BaseModel->insert([...], true)
 8 APPPATH\Controllers\Login.php(32): CodeIgniter\Model->insert([...])
 9 SYSTEMPATH\CodeIgniter.php(934): App\Controllers\Login->do_register()
10 SYSTEMPATH\CodeIgniter.php(499): CodeIgniter\CodeIgniter->runController(Object(App\Controllers\Login))
11 SYSTEMPATH\CodeIgniter.php(368): CodeIgniter\CodeIgniter->handleRequest(null, Object(Config\Cache), false)
12 FCPATH\index.php(67): CodeIgniter\CodeIgniter->run()
CRITICAL - 2023-06-15 17:01:12 --> syntax error, unexpected token "}", expecting "," or ";"
in APPPATH\Controllers\Login.php on line 21.
 1 SYSTEMPATH\Autoloader\Autoloader.php(289): CodeIgniter\Autoloader\Autoloader->includeFile('F:\\Xampp\\htdocs\\Mahim_53\\Codeigniter\\Project\\Ecomearce\\app\\Controllers\\Login.php')
 2 SYSTEMPATH\Autoloader\Autoloader.php(267): CodeIgniter\Autoloader\Autoloader->loadInNamespace('App\\Controllers\\Login')
 3 [internal function]: CodeIgniter\Autoloader\Autoloader->loadClass('App\\Controllers\\Login')
 4 SYSTEMPATH\CodeIgniter.php(892): class_exists('\\App\\Controllers\\Login', true)
 5 SYSTEMPATH\CodeIgniter.php(486): CodeIgniter\CodeIgniter->startController()
 6 SYSTEMPATH\CodeIgniter.php(368): CodeIgniter\CodeIgniter->handleRequest(null, Object(Config\Cache), false)
 7 FCPATH\index.php(67): CodeIgniter\CodeIgniter->run()
CRITICAL - 2023-06-15 17:01:20 --> syntax error, unexpected token "}", expecting "," or ";"
in APPPATH\Controllers\Login.php on line 21.
 1 SYSTEMPATH\Autoloader\Autoloader.php(289): CodeIgniter\Autoloader\Autoloader->includeFile('F:\\Xampp\\htdocs\\Mahim_53\\Codeigniter\\Project\\Ecomearce\\app\\Controllers\\Login.php')
 2 SYSTEMPATH\Autoloader\Autoloader.php(267): CodeIgniter\Autoloader\Autoloader->loadInNamespace('App\\Controllers\\Login')
 3 [internal function]: CodeIgniter\Autoloader\Autoloader->loadClass('App\\Controllers\\Login')
 4 SYSTEMPATH\CodeIgniter.php(892): class_exists('\\App\\Controllers\\Login', true)
 5 SYSTEMPATH\CodeIgniter.php(486): CodeIgniter\CodeIgniter->startController()
 6 SYSTEMPATH\CodeIgniter.php(368): CodeIgniter\CodeIgniter->handleRequest(null, Object(Config\Cache), false)
 7 FCPATH\index.php(67): CodeIgniter\CodeIgniter->run()
CRITICAL - 2023-06-15 17:07:08 --> syntax error, unexpected token "}"
in APPPATH\Controllers\Login.php on line 24.
 1 SYSTEMPATH\Autoloader\Autoloader.php(289): CodeIgniter\Autoloader\Autoloader->includeFile('F:\\Xampp\\htdocs\\Mahim_53\\Codeigniter\\Project\\Ecomearce\\app\\Controllers\\Login.php')
 2 SYSTEMPATH\Autoloader\Autoloader.php(267): CodeIgniter\Autoloader\Autoloader->loadInNamespace('App\\Controllers\\Login')
 3 [internal function]: CodeIgniter\Autoloader\Autoloader->loadClass('App\\Controllers\\Login')
 4 SYSTEMPATH\CodeIgniter.php(892): class_exists('\\App\\Controllers\\Login', true)
 5 SYSTEMPATH\CodeIgniter.php(486): CodeIgniter\CodeIgniter->startController()
 6 SYSTEMPATH\CodeIgniter.php(368): CodeIgniter\CodeIgniter->handleRequest(null, Object(Config\Cache), false)
 7 FCPATH\index.php(67): CodeIgniter\CodeIgniter->run()
INFO - 2023-06-15 18:11:58 --> Session: Class initialized using 'CodeIgniter\Session\Handlers\FileHandler' driver.
WARNING - 2023-06-15 18:11:58 --> Session: Sessions is enabled, and one exists. Please don't $session->start();
INFO - 2023-06-15 18:12:06 --> Session: Class initialized using 'CodeIgniter\Session\Handlers\FileHandler' driver.
WARNING - 2023-06-15 18:12:06 --> Session: Sessions is enabled, and one exists. Please don't $session->start();
CRITICAL - 2023-06-15 18:12:06 --> Attempt to read property "id" on null
in APPPATH\Controllers\Login.php on line 36.
 1 APPPATH\Controllers\Login.php(36): CodeIgniter\Debug\Exceptions->errorHandler(2, 'Attempt to read property "id" on null', 'F:\\Xampp\\htdocs\\Mahim_53\\Codeigniter\\Project\\Ecomearce\\app\\Controllers\\Login.php', 36)
 2 SYSTEMPATH\CodeIgniter.php(934): App\Controllers\Login->do_login()
 3 SYSTEMPATH\CodeIgniter.php(499): CodeIgniter\CodeIgniter->runController(Object(App\Controllers\Login))
 4 SYSTEMPATH\CodeIgniter.php(368): CodeIgniter\CodeIgniter->handleRequest(null, Object(Config\Cache), false)
 5 FCPATH\index.php(67): CodeIgniter\CodeIgniter->run()
INFO - 2023-06-15 18:12:12 --> Session: Class initialized using 'CodeIgniter\Session\Handlers\FileHandler' driver.
WARNING - 2023-06-15 18:12:12 --> Session: Sessions is enabled, and one exists. Please don't $session->start();
INFO - 2023-06-15 18:12:14 --> Session: Class initialized using 'CodeIgniter\Session\Handlers\FileHandler' driver.
WARNING - 2023-06-15 18:12:14 --> Session: Sessions is enabled, and one exists. Please don't $session->start();
INFO - 2023-06-15 18:12:15 --> Session: Class initialized using 'CodeIgniter\Session\Handlers\FileHandler' driver.
WARNING - 2023-06-15 18:12:15 --> Session: Sessions is enabled, and one exists. Please don't $session->start();
INFO - 2023-06-15 18:12:18 --> Session: Class initialized using 'CodeIgniter\Session\Handlers\FileHandler' driver.
WARNING - 2023-06-15 18:12:18 --> Session: Sessions is enabled, and one exists. Please don't $session->start();
CRITICAL - 2023-06-15 18:12:18 --> Attempt to read property "id" on array
in APPPATH\Controllers\Login.php on line 36.
 1 APPPATH\Controllers\Login.php(36): CodeIgniter\Debug\Exceptions->errorHandler(2, 'Attempt to read property "id" on array', 'F:\\Xampp\\htdocs\\Mahim_53\\Codeigniter\\Project\\Ecomearce\\app\\Controllers\\Login.php', 36)
 2 SYSTEMPATH\CodeIgniter.php(934): App\Controllers\Login->do_login()
 3 SYSTEMPATH\CodeIgniter.php(499): CodeIgniter\CodeIgniter->runController(Object(App\Controllers\Login))
 4 SYSTEMPATH\CodeIgniter.php(368): CodeIgniter\CodeIgniter->handleRequest(null, Object(Config\Cache), false)
 5 FCPATH\index.php(67): CodeIgniter\CodeIgniter->run()
INFO - 2023-06-15 18:12:25 --> Session: Class initialized using 'CodeIgniter\Session\Handlers\FileHandler' driver.
WARNING - 2023-06-15 18:12:25 --> Session: Sessions is enabled, and one exists. Please don't $session->start();
INFO - 2023-06-15 18:12:34 --> Session: Class initialized using 'CodeIgniter\Session\Handlers\FileHandler' driver.
WARNING - 2023-06-15 18:12:34 --> Session: Sessions is enabled, and one exists. Please don't $session->start();
CRITICAL - 2023-06-15 18:12:34 --> Attempt to read property "id" on array
in APPPATH\Controllers\Login.php on line 36.
 1 APPPATH\Controllers\Login.php(36): CodeIgniter\Debug\Exceptions->errorHandler(2, 'Attempt to read property "id" on array', 'F:\\Xampp\\htdocs\\Mahim_53\\Codeigniter\\Project\\Ecomearce\\app\\Controllers\\Login.php', 36)
 2 SYSTEMPATH\CodeIgniter.php(934): App\Controllers\Login->do_login()
 3 SYSTEMPATH\CodeIgniter.php(499): CodeIgniter\CodeIgniter->runController(Object(App\Controllers\Login))
 4 SYSTEMPATH\CodeIgniter.php(368): CodeIgniter\CodeIgniter->handleRequest(null, Object(Config\Cache), false)
 5 FCPATH\index.php(67): CodeIgniter\CodeIgniter->run()
INFO - 2023-06-15 18:13:45 --> Session: Class initialized using 'CodeIgniter\Session\Handlers\FileHandler' driver.
WARNING - 2023-06-15 18:13:45 --> Session: Sessions is enabled, and one exists. Please don't $session->start();
CRITICAL - 2023-06-15 18:13:45 --> Attempt to read property "id" on array
in APPPATH\Controllers\Login.php on line 36.
 1 APPPATH\Controllers\Login.php(36): CodeIgniter\Debug\Exceptions->errorHandler(2, 'Attempt to read property "id" on array', 'F:\\Xampp\\htdocs\\Mahim_53\\Codeigniter\\Project\\Ecomearce\\app\\Controllers\\Login.php', 36)
 2 SYSTEMPATH\CodeIgniter.php(934): App\Controllers\Login->do_login()
 3 SYSTEMPATH\CodeIgniter.php(499): CodeIgniter\CodeIgniter->runController(Object(App\Controllers\Login))
 4 SYSTEMPATH\CodeIgniter.php(368): CodeIgniter\CodeIgniter->handleRequest(null, Object(Config\Cache), false)
 5 FCPATH\index.php(67): CodeIgniter\CodeIgniter->run()
INFO - 2023-06-15 18:13:47 --> Session: Class initialized using 'CodeIgniter\Session\Handlers\FileHandler' driver.
WARNING - 2023-06-15 18:13:47 --> Session: Sessions is enabled, and one exists. Please don't $session->start();
INFO - 2023-06-15 18:13:48 --> Session: Class initialized using 'CodeIgniter\Session\Handlers\FileHandler' driver.
WARNING - 2023-06-15 18:13:48 --> Session: Sessions is enabled, and one exists. Please don't $session->start();
INFO - 2023-06-15 18:13:50 --> Session: Class initialized using 'CodeIgniter\Session\Handlers\FileHandler' driver.
WARNING - 2023-06-15 18:13:50 --> Session: Sessions is enabled, and one exists. Please don't $session->start();
CRITICAL - 2023-06-15 18:13:50 --> Attempt to read property "id" on array
in APPPATH\Controllers\Login.php on line 36.
 1 APPPATH\Controllers\Login.php(36): CodeIgniter\Debug\Exceptions->errorHandler(2, 'Attempt to read property "id" on array', 'F:\\Xampp\\htdocs\\Mahim_53\\Codeigniter\\Project\\Ecomearce\\app\\Controllers\\Login.php', 36)
 2 SYSTEMPATH\CodeIgniter.php(934): App\Controllers\Login->do_login()
 3 SYSTEMPATH\CodeIgniter.php(499): CodeIgniter\CodeIgniter->runController(Object(App\Controllers\Login))
 4 SYSTEMPATH\CodeIgniter.php(368): CodeIgniter\CodeIgniter->handleRequest(null, Object(Config\Cache), false)
 5 FCPATH\index.php(67): CodeIgniter\CodeIgniter->run()
INFO - 2023-06-15 18:16:46 --> Session: Class initialized using 'CodeIgniter\Session\Handlers\FileHandler' driver.
WARNING - 2023-06-15 18:16:46 --> Session: Sessions is enabled, and one exists. Please don't $session->start();
INFO - 2023-06-15 18:16:47 --> Session: Class initialized using 'CodeIgniter\Session\Handlers\FileHandler' driver.
WARNING - 2023-06-15 18:16:47 --> Session: Sessions is enabled, and one exists. Please don't $session->start();
INFO - 2023-06-15 18:16:49 --> Session: Class initialized using 'CodeIgniter\Session\Handlers\FileHandler' driver.
WARNING - 2023-06-15 18:16:49 --> Session: Sessions is enabled, and one exists. Please don't $session->start();
CRITICAL - 2023-06-15 18:16:49 --> Attempt to read property "id" on array
in APPPATH\Controllers\Login.php on line 36.
 1 APPPATH\Controllers\Login.php(36): CodeIgniter\Debug\Exceptions->errorHandler(2, 'Attempt to read property "id" on array', 'F:\\Xampp\\htdocs\\Mahim_53\\Codeigniter\\Project\\Ecomearce\\app\\Controllers\\Login.php', 36)
 2 SYSTEMPATH\CodeIgniter.php(934): App\Controllers\Login->do_login()
 3 SYSTEMPATH\CodeIgniter.php(499): CodeIgniter\CodeIgniter->runController(Object(App\Controllers\Login))
 4 SYSTEMPATH\CodeIgniter.php(368): CodeIgniter\CodeIgniter->handleRequest(null, Object(Config\Cache), false)
 5 FCPATH\index.php(67): CodeIgniter\CodeIgniter->run()
INFO - 2023-06-15 18:18:36 --> Session: Class initialized using 'CodeIgniter\Session\Handlers\FileHandler' driver.
WARNING - 2023-06-15 18:18:36 --> Session: Sessions is enabled, and one exists. Please don't $session->start();
INFO - 2023-06-15 18:18:37 --> Session: Class initialized using 'CodeIgniter\Session\Handlers\FileHandler' driver.
WARNING - 2023-06-15 18:18:37 --> Session: Sessions is enabled, and one exists. Please don't $session->start();
INFO - 2023-06-15 18:18:39 --> Session: Class initialized using 'CodeIgniter\Session\Handlers\FileHandler' driver.
WARNING - 2023-06-15 18:18:39 --> Session: Sessions is enabled, and one exists. Please don't $session->start();
INFO - 2023-06-15 18:18:44 --> Session: Class initialized using 'CodeIgniter\Session\Handlers\FileHandler' driver.
WARNING - 2023-06-15 18:18:44 --> Session: Sessions is enabled, and one exists. Please don't $session->start();
INFO - 2023-06-15 18:18:51 --> Session: Class initialized using 'CodeIgniter\Session\Handlers\FileHandler' driver.
WARNING - 2023-06-15 18:18:51 --> Session: Sessions is enabled, and one exists. Please don't $session->start();
INFO - 2023-06-15 18:19:52 --> Session: Class initialized using 'CodeIgniter\Session\Handlers\FileHandler' driver.
WARNING - 2023-06-15 18:19:52 --> Session: Sessions is enabled, and one exists. Please don't $session->start();
INFO - 2023-06-15 18:19:55 --> Session: Class initialized using 'CodeIgniter\Session\Handlers\FileHandler' driver.
WARNING - 2023-06-15 18:19:55 --> Session: Sessions is enabled, and one exists. Please don't $session->start();
INFO - 2023-06-15 18:20:11 --> Session: Class initialized using 'CodeIgniter\Session\Handlers\FileHandler' driver.
WARNING - 2023-06-15 18:20:11 --> Session: Sessions is enabled, and one exists. Please don't $session->start();
INFO - 2023-06-15 18:20:17 --> Session: Class initialized using 'CodeIgniter\Session\Handlers\FileHandler' driver.
WARNING - 2023-06-15 18:20:17 --> Session: Sessions is enabled, and one exists. Please don't $session->start();
INFO - 2023-06-15 18:20:19 --> Session: Class initialized using 'CodeIgniter\Session\Handlers\FileHandler' driver.
WARNING - 2023-06-15 18:20:19 --> Session: Sessions is enabled, and one exists. Please don't $session->start();
INFO - 2023-06-15 18:20:28 --> Session: Class initialized using 'CodeIgniter\Session\Handlers\FileHandler' driver.
WARNING - 2023-06-15 18:20:28 --> Session: Sessions is enabled, and one exists. Please don't $session->start();
INFO - 2023-06-15 18:21:23 --> Session: Class initialized using 'CodeIgniter\Session\Handlers\FileHandler' driver.
WARNING - 2023-06-15 18:21:23 --> Session: Sessions is enabled, and one exists. Please don't $session->start();
INFO - 2023-06-15 18:21:24 --> Session: Class initialized using 'CodeIgniter\Session\Handlers\FileHandler' driver.
WARNING - 2023-06-15 18:21:24 --> Session: Sessions is enabled, and one exists. Please don't $session->start();
INFO - 2023-06-15 18:21:29 --> Session: Class initialized using 'CodeIgniter\Session\Handlers\FileHandler' driver.
WARNING - 2023-06-15 18:21:29 --> Session: Sessions is enabled, and one exists. Please don't $session->start();
INFO - 2023-06-15 18:22:09 --> Session: Class initialized using 'CodeIgniter\Session\Handlers\FileHandler' driver.
WARNING - 2023-06-15 18:22:09 --> Session: Sessions is enabled, and one exists. Please don't $session->start();
INFO - 2023-06-15 18:22:13 --> Session: Class initialized using 'CodeIgniter\Session\Handlers\FileHandler' driver.
WARNING - 2023-06-15 18:22:13 --> Session: Sessions is enabled, and one exists. Please don't $session->start();
INFO - 2023-06-15 18:22:14 --> Session: Class initialized using 'CodeIgniter\Session\Handlers\FileHandler' driver.
WARNING - 2023-06-15 18:22:14 --> Session: Sessions is enabled, and one exists. Please don't $session->start();
INFO - 2023-06-15 18:22:14 --> Session: Class initialized using 'CodeIgniter\Session\Handlers\FileHandler' driver.
WARNING - 2023-06-15 18:22:14 --> Session: Sessions is enabled, and one exists. Please don't $session->start();
INFO - 2023-06-15 18:22:15 --> Session: Class initialized using 'CodeIgniter\Session\Handlers\FileHandler' driver.
WARNING - 2023-06-15 18:22:15 --> Session: Sessions is enabled, and one exists. Please don't $session->start();
INFO - 2023-06-15 18:22:15 --> Session: Class initialized using 'CodeIgniter\Session\Handlers\FileHandler' driver.
WARNING - 2023-06-15 18:22:15 --> Session: Sessions is enabled, and one exists. Please don't $session->start();
INFO - 2023-06-15 18:22:17 --> Session: Class initialized using 'CodeIgniter\Session\Handlers\FileHandler' driver.
WARNING - 2023-06-15 18:22:17 --> Session: Sessions is enabled, and one exists. Please don't $session->start();
INFO - 2023-06-15 18:22:21 --> Session: Class initialized using 'CodeIgniter\Session\Handlers\FileHandler' driver.
WARNING - 2023-06-15 18:22:21 --> Session: Sessions is enabled, and one exists. Please don't $session->start();
INFO - 2023-06-15 18:22:48 --> Session: Class initialized using 'CodeIgniter\Session\Handlers\FileHandler' driver.
WARNING - 2023-06-15 18:22:48 --> Session: Sessions is enabled, and one exists. Please don't $session->start();
INFO - 2023-06-15 18:23:01 --> Session: Class initialized using 'CodeIgniter\Session\Handlers\FileHandler' driver.
WARNING - 2023-06-15 18:23:01 --> Session: Sessions is enabled, and one exists. Please don't $session->start();
INFO - 2023-06-15 18:23:40 --> Session: Class initialized using 'CodeIgniter\Session\Handlers\FileHandler' driver.
WARNING - 2023-06-15 18:23:40 --> Session: Sessions is enabled, and one exists. Please don't $session->start();
INFO - 2023-06-15 18:23:42 --> Session: Class initialized using 'CodeIgniter\Session\Handlers\FileHandler' driver.
WARNING - 2023-06-15 18:23:42 --> Session: Sessions is enabled, and one exists. Please don't $session->start();
INFO - 2023-06-15 18:23:46 --> Session: Class initialized using 'CodeIgniter\Session\Handlers\FileHandler' driver.
WARNING - 2023-06-15 18:23:46 --> Session: Sessions is enabled, and one exists. Please don't $session->start();
INFO - 2023-06-15 18:23:48 --> Session: Class initialized using 'CodeIgniter\Session\Handlers\FileHandler' driver.
WARNING - 2023-06-15 18:23:48 --> Session: Sessions is enabled, and one exists. Please don't $session->start();
INFO - 2023-06-15 18:23:50 --> Session: Class initialized using 'CodeIgniter\Session\Handlers\FileHandler' driver.
WARNING - 2023-06-15 18:23:50 --> Session: Sessions is enabled, and one exists. Please don't $session->start();
INFO - 2023-06-15 18:23:53 --> Session: Class initialized using 'CodeIgniter\Session\Handlers\FileHandler' driver.
WARNING - 2023-06-15 18:23:53 --> Session: Sessions is enabled, and one exists. Please don't $session->start();
INFO - 2023-06-15 18:24:57 --> Session: Class initialized using 'CodeIgniter\Session\Handlers\FileHandler' driver.
WARNING - 2023-06-15 18:24:57 --> Session: Sessions is enabled, and one exists. Please don't $session->start();
INFO - 2023-06-15 18:24:58 --> Session: Class initialized using 'CodeIgniter\Session\Handlers\FileHandler' driver.
WARNING - 2023-06-15 18:24:58 --> Session: Sessions is enabled, and one exists. Please don't $session->start();
INFO - 2023-06-15 18:25:02 --> Session: Class initialized using 'CodeIgniter\Session\Handlers\FileHandler' driver.
WARNING - 2023-06-15 18:25:02 --> Session: Sessions is enabled, and one exists. Please don't $session->start();
INFO - 2023-06-15 18:26:33 --> Session: Class initialized using 'CodeIgniter\Session\Handlers\FileHandler' driver.
WARNING - 2023-06-15 18:26:33 --> Session: Sessions is enabled, and one exists. Please don't $session->start();
INFO - 2023-06-15 18:26:40 --> Session: Class initialized using 'CodeIgniter\Session\Handlers\FileHandler' driver.
WARNING - 2023-06-15 18:26:40 --> Session: Sessions is enabled, and one exists. Please don't $session->start();
INFO - 2023-06-15 18:26:54 --> Session: Class initialized using 'CodeIgniter\Session\Handlers\FileHandler' driver.
WARNING - 2023-06-15 18:26:54 --> Session: Sessions is enabled, and one exists. Please don't $session->start();
INFO - 2023-06-15 18:26:59 --> Session: Class initialized using 'CodeIgniter\Session\Handlers\FileHandler' driver.
WARNING - 2023-06-15 18:26:59 --> Session: Sessions is enabled, and one exists. Please don't $session->start();
INFO - 2023-06-15 18:27:00 --> Session: Class initialized using 'CodeIgniter\Session\Handlers\FileHandler' driver.
WARNING - 2023-06-15 18:27:00 --> Session: Sessions is enabled, and one exists. Please don't $session->start();
INFO - 2023-06-15 18:27:04 --> Session: Class initialized using 'CodeIgniter\Session\Handlers\FileHandler' driver.
WARNING - 2023-06-15 18:27:04 --> Session: Sessions is enabled, and one exists. Please don't $session->start();
INFO - 2023-06-15 18:27:14 --> Session: Class initialized using 'CodeIgniter\Session\Handlers\FileHandler' driver.
WARNING - 2023-06-15 18:27:14 --> Session: Sessions is enabled, and one exists. Please don't $session->start();
INFO - 2023-06-15 18:27:30 --> Session: Class initialized using 'CodeIgniter\Session\Handlers\FileHandler' driver.
WARNING - 2023-06-15 18:27:30 --> Session: Sessions is enabled, and one exists. Please don't $session->start();
INFO - 2023-06-15 18:27:37 --> Session: Class initialized using 'CodeIgniter\Session\Handlers\FileHandler' driver.
WARNING - 2023-06-15 18:27:37 --> Session: Sessions is enabled, and one exists. Please don't $session->start();
INFO - 2023-06-15 18:42:44 --> Session: Class initialized using 'CodeIgniter\Session\Handlers\FileHandler' driver.
WARNING - 2023-06-15 18:42:44 --> Session: Sessions is enabled, and one exists. Please don't $session->start();
CRITICAL - 2023-06-15 18:42:50 --> The namespace delimiter is a backslash (\), not a slash (/). Route handler: "\App\Controllers\Admin/Login::index"
in SYSTEMPATH\Router\Router.php on line 474.
 1 SYSTEMPATH\Router\Router.php(474): CodeIgniter\Router\Exceptions\RouterException::forInvalidControllerName('\\App\\Controllers\\Admin/Login::index')
 2 SYSTEMPATH\Router\Router.php(182): CodeIgniter\Router\Router->checkRoutes('admin')
 3 SYSTEMPATH\CodeIgniter.php(815): CodeIgniter\Router\Router->handle('admin')
 4 SYSTEMPATH\CodeIgniter.php(449): CodeIgniter\CodeIgniter->tryToRouteIt(Object(CodeIgniter\Router\RouteCollection))
 5 SYSTEMPATH\CodeIgniter.php(368): CodeIgniter\CodeIgniter->handleRequest(null, Object(Config\Cache), false)
 6 FCPATH\index.php(67): CodeIgniter\CodeIgniter->run()
INFO - 2023-06-15 18:46:30 --> Session: Class initialized using 'CodeIgniter\Session\Handlers\FileHandler' driver.
WARNING - 2023-06-15 18:46:30 --> Session: Sessions is enabled, and one exists. Please don't $session->start();
INFO - 2023-06-15 18:46:32 --> Session: Class initialized using 'CodeIgniter\Session\Handlers\FileHandler' driver.
WARNING - 2023-06-15 18:46:32 --> Session: Sessions is enabled, and one exists. Please don't $session->start();
INFO - 2023-06-15 18:46:33 --> Session: Class initialized using 'CodeIgniter\Session\Handlers\FileHandler' driver.
WARNING - 2023-06-15 18:46:33 --> Session: Sessions is enabled, and one exists. Please don't $session->start();
CRITICAL - 2023-06-15 18:46:38 --> The namespace delimiter is a backslash (\), not a slash (/). Route handler: "\App\Controllers\Admin/Login::index"
in SYSTEMPATH\Router\Router.php on line 474.
 1 SYSTEMPATH\Router\Router.php(474): CodeIgniter\Router\Exceptions\RouterException::forInvalidControllerName('\\App\\Controllers\\Admin/Login::index')
 2 SYSTEMPATH\Router\Router.php(182): CodeIgniter\Router\Router->checkRoutes('admin')
 3 SYSTEMPATH\CodeIgniter.php(815): CodeIgniter\Router\Router->handle('admin')
 4 SYSTEMPATH\CodeIgniter.php(449): CodeIgniter\CodeIgniter->tryToRouteIt(Object(CodeIgniter\Router\RouteCollection))
 5 SYSTEMPATH\CodeIgniter.php(368): CodeIgniter\CodeIgniter->handleRequest(null, Object(Config\Cache), false)
 6 FCPATH\index.php(67): CodeIgniter\CodeIgniter->run()
INFO - 2023-06-15 18:47:54 --> Session: Class initialized using 'CodeIgniter\Session\Handlers\FileHandler' driver.
WARNING - 2023-06-15 18:47:54 --> Session: Sessions is enabled, and one exists. Please don't $session->start();
CRITICAL - 2023-06-15 18:48:00 --> The namespace delimiter is a backslash (\), not a slash (/). Route handler: "\App\Controllers\Admin/Login::index"
in SYSTEMPATH\Router\Router.php on line 474.
 1 SYSTEMPATH\Router\Router.php(474): CodeIgniter\Router\Exceptions\RouterException::forInvalidControllerName('\\App\\Controllers\\Admin/Login::index')
 2 SYSTEMPATH\Router\Router.php(182): CodeIgniter\Router\Router->checkRoutes('admin')
 3 SYSTEMPATH\CodeIgniter.php(815): CodeIgniter\Router\Router->handle('admin')
 4 SYSTEMPATH\CodeIgniter.php(449): CodeIgniter\CodeIgniter->tryToRouteIt(Object(CodeIgniter\Router\RouteCollection))
 5 SYSTEMPATH\CodeIgniter.php(368): CodeIgniter\CodeIgniter->handleRequest(null, Object(Config\Cache), false)
 6 FCPATH\index.php(67): CodeIgniter\CodeIgniter->run()
CRITICAL - 2023-06-15 18:51:30 --> The namespace delimiter is a backslash (\), not a slash (/). Route handler: "\App\Controllers\Admin/Login::index"
in SYSTEMPATH\Router\Router.php on line 474.
 1 SYSTEMPATH\Router\Router.php(474): CodeIgniter\Router\Exceptions\RouterException::forInvalidControllerName('\\App\\Controllers\\Admin/Login::index')
 2 SYSTEMPATH\Router\Router.php(182): CodeIgniter\Router\Router->checkRoutes('admin')
 3 SYSTEMPATH\CodeIgniter.php(815): CodeIgniter\Router\Router->handle('admin')
 4 SYSTEMPATH\CodeIgniter.php(449): CodeIgniter\CodeIgniter->tryToRouteIt(Object(CodeIgniter\Router\RouteCollection))
 5 SYSTEMPATH\CodeIgniter.php(368): CodeIgniter\CodeIgniter->handleRequest(null, Object(Config\Cache), false)
 6 FCPATH\index.php(67): CodeIgniter\CodeIgniter->run()
INFO - 2023-06-15 18:55:13 --> Session: Class initialized using 'CodeIgniter\Session\Handlers\FileHandler' driver.
WARNING - 2023-06-15 18:55:13 --> Session: Sessions is enabled, and one exists. Please don't $session->start();
INFO - 2023-06-15 18:58:47 --> Session: Class initialized using 'CodeIgniter\Session\Handlers\FileHandler' driver.
INFO - 2023-06-15 19:01:58 --> Session: Class initialized using 'CodeIgniter\Session\Handlers\FileHandler' driver.
INFO - 2023-06-15 19:03:21 --> Session: Class initialized using 'CodeIgniter\Session\Handlers\FileHandler' driver.
WARNING - 2023-06-15 19:03:21 --> Session: Sessions is enabled, and one exists. Please don't $session->start();
INFO - 2023-06-15 19:03:32 --> Session: Class initialized using 'CodeIgniter\Session\Handlers\FileHandler' driver.
WARNING - 2023-06-15 19:03:32 --> Session: Sessions is enabled, and one exists. Please don't $session->start();
INFO - 2023-06-15 19:03:32 --> Session: Class initialized using 'CodeIgniter\Session\Handlers\FileHandler' driver.
INFO - 2023-06-15 19:03:36 --> Session: Class initialized using 'CodeIgniter\Session\Handlers\FileHandler' driver.
INFO - 2023-06-15 19:04:36 --> Session: Class initialized using 'CodeIgniter\Session\Handlers\FileHandler' driver.
