INFO - 2023-06-20 02:27:21 --> Session: Class initialized using 'CodeIgniter\Session\Handlers\FileHandler' driver.
INFO - 2023-06-20 02:28:11 --> Session: Class initialized using 'CodeIgniter\Session\Handlers\FileHandler' driver.
WARNING - 2023-06-20 02:28:11 --> Session: Sessions is enabled, and one exists. Please don't $session->start();
INFO - 2023-06-20 02:28:13 --> Session: Class initialized using 'CodeIgniter\Session\Handlers\FileHandler' driver.
WARNING - 2023-06-20 02:28:13 --> Session: Sessions is enabled, and one exists. Please don't $session->start();
INFO - 2023-06-20 02:28:16 --> Session: Class initialized using 'CodeIgniter\Session\Handlers\FileHandler' driver.
INFO - 2023-06-20 02:42:53 --> Session: Class initialized using 'CodeIgniter\Session\Handlers\FileHandler' driver.
WARNING - 2023-06-20 02:42:53 --> Session: Sessions is enabled, and one exists. Please don't $session->start();
INFO - 2023-06-20 02:42:54 --> Session: Class initialized using 'CodeIgniter\Session\Handlers\FileHandler' driver.
WARNING - 2023-06-20 02:42:54 --> Session: Sessions is enabled, and one exists. Please don't $session->start();
INFO - 2023-06-20 02:42:55 --> Session: Class initialized using 'CodeIgniter\Session\Handlers\FileHandler' driver.
WARNING - 2023-06-20 02:42:55 --> Session: Sessions is enabled, and one exists. Please don't $session->start();
INFO - 2023-06-20 02:42:58 --> Session: Class initialized using 'CodeIgniter\Session\Handlers\FileHandler' driver.
WARNING - 2023-06-20 02:42:58 --> Session: Sessions is enabled, and one exists. Please don't $session->start();
INFO - 2023-06-20 02:45:00 --> Session: Class initialized using 'CodeIgniter\Session\Handlers\FileHandler' driver.
WARNING - 2023-06-20 02:45:00 --> Session: Sessions is enabled, and one exists. Please don't $session->start();
INFO - 2023-06-20 02:45:01 --> Session: Class initialized using 'CodeIgniter\Session\Handlers\FileHandler' driver.
WARNING - 2023-06-20 02:45:01 --> Session: Sessions is enabled, and one exists. Please don't $session->start();
INFO - 2023-06-20 02:45:02 --> Session: Class initialized using 'CodeIgniter\Session\Handlers\FileHandler' driver.
WARNING - 2023-06-20 02:45:02 --> Session: Sessions is enabled, and one exists. Please don't $session->start();
INFO - 2023-06-20 02:45:05 --> Session: Class initialized using 'CodeIgniter\Session\Handlers\FileHandler' driver.
WARNING - 2023-06-20 02:45:05 --> Session: Sessions is enabled, and one exists. Please don't $session->start();
INFO - 2023-06-20 02:45:07 --> Session: Class initialized using 'CodeIgniter\Session\Handlers\FileHandler' driver.
WARNING - 2023-06-20 02:45:07 --> Session: Sessions is enabled, and one exists. Please don't $session->start();
INFO - 2023-06-20 02:45:09 --> Session: Class initialized using 'CodeIgniter\Session\Handlers\FileHandler' driver.
WARNING - 2023-06-20 02:45:09 --> Session: Sessions is enabled, and one exists. Please don't $session->start();
INFO - 2023-06-20 02:45:11 --> Session: Class initialized using 'CodeIgniter\Session\Handlers\FileHandler' driver.
WARNING - 2023-06-20 02:45:11 --> Session: Sessions is enabled, and one exists. Please don't $session->start();
INFO - 2023-06-20 02:45:14 --> Session: Class initialized using 'CodeIgniter\Session\Handlers\FileHandler' driver.
INFO - 2023-06-20 02:45:17 --> Session: Class initialized using 'CodeIgniter\Session\Handlers\FileHandler' driver.
WARNING - 2023-06-20 02:45:17 --> Session: Sessions is enabled, and one exists. Please don't $session->start();
INFO - 2023-06-20 02:45:19 --> Session: Class initialized using 'CodeIgniter\Session\Handlers\FileHandler' driver.
WARNING - 2023-06-20 02:45:19 --> Session: Sessions is enabled, and one exists. Please don't $session->start();
INFO - 2023-06-20 02:50:19 --> Session: Class initialized using 'CodeIgniter\Session\Handlers\FileHandler' driver.
WARNING - 2023-06-20 02:50:19 --> Session: Sessions is enabled, and one exists. Please don't $session->start();
INFO - 2023-06-20 02:50:21 --> Session: Class initialized using 'CodeIgniter\Session\Handlers\FileHandler' driver.
INFO - 2023-06-20 03:41:31 --> Session: Class initialized using 'CodeIgniter\Session\Handlers\FileHandler' driver.
INFO - 2023-06-20 03:41:36 --> Session: Class initialized using 'CodeIgniter\Session\Handlers\FileHandler' driver.
WARNING - 2023-06-20 03:41:36 --> Session: Sessions is enabled, and one exists. Please don't $session->start();
INFO - 2023-06-20 03:41:39 --> Session: Class initialized using 'CodeIgniter\Session\Handlers\FileHandler' driver.
WARNING - 2023-06-20 03:41:39 --> Session: Sessions is enabled, and one exists. Please don't $session->start();
INFO - 2023-06-20 03:41:39 --> Session: Class initialized using 'CodeIgniter\Session\Handlers\FileHandler' driver.
INFO - 2023-06-20 03:41:44 --> Session: Class initialized using 'CodeIgniter\Session\Handlers\FileHandler' driver.
INFO - 2023-06-20 03:41:48 --> Session: Class initialized using 'CodeIgniter\Session\Handlers\FileHandler' driver.
INFO - 2023-06-20 03:41:49 --> Session: Class initialized using 'CodeIgniter\Session\Handlers\FileHandler' driver.
INFO - 2023-06-20 03:41:58 --> Session: Class initialized using 'CodeIgniter\Session\Handlers\FileHandler' driver.
INFO - 2023-06-20 03:42:03 --> Session: Class initialized using 'CodeIgniter\Session\Handlers\FileHandler' driver.
INFO - 2023-06-20 03:42:04 --> Session: Class initialized using 'CodeIgniter\Session\Handlers\FileHandler' driver.
INFO - 2023-06-20 03:42:09 --> Session: Class initialized using 'CodeIgniter\Session\Handlers\FileHandler' driver.
INFO - 2023-06-20 03:42:27 --> Session: Class initialized using 'CodeIgniter\Session\Handlers\FileHandler' driver.
INFO - 2023-06-20 03:42:31 --> Session: Class initialized using 'CodeIgniter\Session\Handlers\FileHandler' driver.
WARNING - 2023-06-20 03:42:31 --> Session: Sessions is enabled, and one exists. Please don't $session->start();
INFO - 2023-06-20 04:29:04 --> Session: Class initialized using 'CodeIgniter\Session\Handlers\FileHandler' driver.
WARNING - 2023-06-20 04:29:04 --> Session: Sessions is enabled, and one exists. Please don't $session->start();
INFO - 2023-06-20 04:29:04 --> Session: Class initialized using 'CodeIgniter\Session\Handlers\FileHandler' driver.
INFO - 2023-06-20 06:12:30 --> Session: Class initialized using 'CodeIgniter\Session\Handlers\FileHandler' driver.
INFO - 2023-06-20 06:12:34 --> Session: Class initialized using 'CodeIgniter\Session\Handlers\FileHandler' driver.
WARNING - 2023-06-20 06:12:34 --> Session: Sessions is enabled, and one exists. Please don't $session->start();
INFO - 2023-06-20 06:12:37 --> Session: Class initialized using 'CodeIgniter\Session\Handlers\FileHandler' driver.
WARNING - 2023-06-20 06:12:37 --> Session: Sessions is enabled, and one exists. Please don't $session->start();
INFO - 2023-06-20 06:12:37 --> Session: Class initialized using 'CodeIgniter\Session\Handlers\FileHandler' driver.
INFO - 2023-06-20 06:12:44 --> Session: Class initialized using 'CodeIgniter\Session\Handlers\FileHandler' driver.
INFO - 2023-06-20 06:13:19 --> Session: Class initialized using 'CodeIgniter\Session\Handlers\FileHandler' driver.
ERROR - 2023-06-20 06:13:19 --> mysqli_sql_exception: Cannot add or update a child row: a foreign key constraint fails (`e-comearce`.`products`, CONSTRAINT `products_category_id_foreign` FOREIGN KEY (`category_id`) REFERENCES `categories` (`id`)) in F:\Xampp\htdocs\Mahim_53\Codeigniter\Project\Ecomearce\system\Database\MySQLi\Connection.php:295
Stack trace:
#0 F:\Xampp\htdocs\Mahim_53\Codeigniter\Project\Ecomearce\system\Database\MySQLi\Connection.php(295): mysqli->query('INSERT INTO `pr...', 0)
#1 F:\Xampp\htdocs\Mahim_53\Codeigniter\Project\Ecomearce\system\Database\BaseConnection.php(692): CodeIgniter\Database\MySQLi\Connection->execute('INSERT INTO `pr...')
#2 F:\Xampp\htdocs\Mahim_53\Codeigniter\Project\Ecomearce\system\Database\BaseConnection.php(606): CodeIgniter\Database\BaseConnection->simpleQuery('INSERT INTO `pr...')
#3 F:\Xampp\htdocs\Mahim_53\Codeigniter\Project\Ecomearce\system\Database\BaseBuilder.php(2309): CodeIgniter\Database\BaseConnection->query('INSERT INTO `pr...', Array, false)
#4 F:\Xampp\htdocs\Mahim_53\Codeigniter\Project\Ecomearce\system\Model.php(330): CodeIgniter\Database\BaseBuilder->insert()
#5 F:\Xampp\htdocs\Mahim_53\Codeigniter\Project\Ecomearce\system\BaseModel.php(782): CodeIgniter\Model->doInsert(Array)
#6 F:\Xampp\htdocs\Mahim_53\Codeigniter\Project\Ecomearce\system\Model.php(730): CodeIgniter\BaseModel->insert(Array, true)
#7 F:\Xampp\htdocs\Mahim_53\Codeigniter\Project\Ecomearce\app\Controllers\Admin\Product.php(95): CodeIgniter\Model->insert(Array)
#8 F:\Xampp\htdocs\Mahim_53\Codeigniter\Project\Ecomearce\system\CodeIgniter.php(934): App\Controllers\Admin\Product->create()
#9 F:\Xampp\htdocs\Mahim_53\Codeigniter\Project\Ecomearce\system\CodeIgniter.php(499): CodeIgniter\CodeIgniter->runController(Object(App\Controllers\Admin\Product))
#10 F:\Xampp\htdocs\Mahim_53\Codeigniter\Project\Ecomearce\system\CodeIgniter.php(368): CodeIgniter\CodeIgniter->handleRequest(NULL, Object(Config\Cache), false)
#11 F:\Xampp\htdocs\Mahim_53\Codeigniter\Project\Ecomearce\public\index.php(67): CodeIgniter\CodeIgniter->run()
#12 {main}
CRITICAL - 2023-06-20 06:13:19 --> Cannot add or update a child row: a foreign key constraint fails (`e-comearce`.`products`, CONSTRAINT `products_category_id_foreign` FOREIGN KEY (`category_id`) REFERENCES `categories` (`id`))
in SYSTEMPATH\Database\MySQLi\Connection.php on line 295.
 1 SYSTEMPATH\Database\MySQLi\Connection.php(295): mysqli->query('INSERT INTO `products` (`category_id`, `subcategory_id`, `sku`, `name`, `description`, `price`, `quantity`, `discount`, `hot`) VALUES (\'1\', \'1\', \'hhhhhhhjk\', \'Electronic\', \'         yhoj                       \', \'416\', \'564\', \'564165\', 0)', 0)
 2 SYSTEMPATH\Database\BaseConnection.php(692): CodeIgniter\Database\MySQLi\Connection->execute('INSERT INTO `products` (`category_id`, `subcategory_id`, `sku`, `name`, `description`, `price`, `quantity`, `discount`, `hot`) VALUES (\'1\', \'1\', \'hhhhhhhjk\', \'Electronic\', \'         yhoj                       \', \'416\', \'564\', \'564165\', 0)')
 3 SYSTEMPATH\Database\BaseConnection.php(606): CodeIgniter\Database\BaseConnection->simpleQuery('INSERT INTO `products` (`category_id`, `subcategory_id`, `sku`, `name`, `description`, `price`, `quantity`, `discount`, `hot`) VALUES (\'1\', \'1\', \'hhhhhhhjk\', \'Electronic\', \'         yhoj                       \', \'416\', \'564\', \'564165\', 0)')
 4 SYSTEMPATH\Database\BaseBuilder.php(2309): CodeIgniter\Database\BaseConnection->query('INSERT INTO `products` (`category_id`, `subcategory_id`, `sku`, `name`, `description`, `price`, `quantity`, `discount`, `hot`) VALUES (:category_id:, :subcategory_id:, :sku:, :name:, :description:, :price:, :quantity:, :discount:, :hot:)', [...], false)
 5 SYSTEMPATH\Model.php(330): CodeIgniter\Database\BaseBuilder->insert()
 6 SYSTEMPATH\BaseModel.php(782): CodeIgniter\Model->doInsert([...])
 7 SYSTEMPATH\Model.php(730): CodeIgniter\BaseModel->insert([...], true)
 8 APPPATH\Controllers\Admin\Product.php(95): CodeIgniter\Model->insert([...])
 9 SYSTEMPATH\CodeIgniter.php(934): App\Controllers\Admin\Product->create()
10 SYSTEMPATH\CodeIgniter.php(499): CodeIgniter\CodeIgniter->runController(Object(App\Controllers\Admin\Product))
11 SYSTEMPATH\CodeIgniter.php(368): CodeIgniter\CodeIgniter->handleRequest(null, Object(Config\Cache), false)
12 FCPATH\index.php(67): CodeIgniter\CodeIgniter->run()
INFO - 2023-06-20 06:18:12 --> Session: Class initialized using 'CodeIgniter\Session\Handlers\FileHandler' driver.
INFO - 2023-06-20 06:18:44 --> Session: Class initialized using 'CodeIgniter\Session\Handlers\FileHandler' driver.
ERROR - 2023-06-20 06:18:45 --> mysqli_sql_exception: Cannot add or update a child row: a foreign key constraint fails (`e-comearce`.`products`, CONSTRAINT `products_category_id_foreign` FOREIGN KEY (`category_id`) REFERENCES `categories` (`id`)) in F:\Xampp\htdocs\Mahim_53\Codeigniter\Project\Ecomearce\system\Database\MySQLi\Connection.php:295
Stack trace:
#0 F:\Xampp\htdocs\Mahim_53\Codeigniter\Project\Ecomearce\system\Database\MySQLi\Connection.php(295): mysqli->query('INSERT INTO `pr...', 0)
#1 F:\Xampp\htdocs\Mahim_53\Codeigniter\Project\Ecomearce\system\Database\BaseConnection.php(692): CodeIgniter\Database\MySQLi\Connection->execute('INSERT INTO `pr...')
#2 F:\Xampp\htdocs\Mahim_53\Codeigniter\Project\Ecomearce\system\Database\BaseConnection.php(606): CodeIgniter\Database\BaseConnection->simpleQuery('INSERT INTO `pr...')
#3 F:\Xampp\htdocs\Mahim_53\Codeigniter\Project\Ecomearce\system\Database\BaseBuilder.php(2309): CodeIgniter\Database\BaseConnection->query('INSERT INTO `pr...', Array, false)
#4 F:\Xampp\htdocs\Mahim_53\Codeigniter\Project\Ecomearce\system\Model.php(330): CodeIgniter\Database\BaseBuilder->insert()
#5 F:\Xampp\htdocs\Mahim_53\Codeigniter\Project\Ecomearce\system\BaseModel.php(782): CodeIgniter\Model->doInsert(Array)
#6 F:\Xampp\htdocs\Mahim_53\Codeigniter\Project\Ecomearce\system\Model.php(730): CodeIgniter\BaseModel->insert(Array, true)
#7 F:\Xampp\htdocs\Mahim_53\Codeigniter\Project\Ecomearce\app\Controllers\Admin\Product.php(95): CodeIgniter\Model->insert(Array)
#8 F:\Xampp\htdocs\Mahim_53\Codeigniter\Project\Ecomearce\system\CodeIgniter.php(934): App\Controllers\Admin\Product->create()
#9 F:\Xampp\htdocs\Mahim_53\Codeigniter\Project\Ecomearce\system\CodeIgniter.php(499): CodeIgniter\CodeIgniter->runController(Object(App\Controllers\Admin\Product))
#10 F:\Xampp\htdocs\Mahim_53\Codeigniter\Project\Ecomearce\system\CodeIgniter.php(368): CodeIgniter\CodeIgniter->handleRequest(NULL, Object(Config\Cache), false)
#11 F:\Xampp\htdocs\Mahim_53\Codeigniter\Project\Ecomearce\public\index.php(67): CodeIgniter\CodeIgniter->run()
#12 {main}
CRITICAL - 2023-06-20 06:18:45 --> Cannot add or update a child row: a foreign key constraint fails (`e-comearce`.`products`, CONSTRAINT `products_category_id_foreign` FOREIGN KEY (`category_id`) REFERENCES `categories` (`id`))
in SYSTEMPATH\Database\MySQLi\Connection.php on line 295.
 1 SYSTEMPATH\Database\MySQLi\Connection.php(295): mysqli->query('INSERT INTO `products` (`category_id`, `subcategory_id`, `sku`, `name`, `description`, `price`, `quantity`, `discount`, `hot`) VALUES (\'1\', \'1\', \'hhhhhhhjk\', \'Mohim\', \'                      ggfvdhnb          \', \'416\', \'564\', \'564165\', \'\')', 0)
 2 SYSTEMPATH\Database\BaseConnection.php(692): CodeIgniter\Database\MySQLi\Connection->execute('INSERT INTO `products` (`category_id`, `subcategory_id`, `sku`, `name`, `description`, `price`, `quantity`, `discount`, `hot`) VALUES (\'1\', \'1\', \'hhhhhhhjk\', \'Mohim\', \'                      ggfvdhnb          \', \'416\', \'564\', \'564165\', \'\')')
 3 SYSTEMPATH\Database\BaseConnection.php(606): CodeIgniter\Database\BaseConnection->simpleQuery('INSERT INTO `products` (`category_id`, `subcategory_id`, `sku`, `name`, `description`, `price`, `quantity`, `discount`, `hot`) VALUES (\'1\', \'1\', \'hhhhhhhjk\', \'Mohim\', \'                      ggfvdhnb          \', \'416\', \'564\', \'564165\', \'\')')
 4 SYSTEMPATH\Database\BaseBuilder.php(2309): CodeIgniter\Database\BaseConnection->query('INSERT INTO `products` (`category_id`, `subcategory_id`, `sku`, `name`, `description`, `price`, `quantity`, `discount`, `hot`) VALUES (:category_id:, :subcategory_id:, :sku:, :name:, :description:, :price:, :quantity:, :discount:, :hot:)', [...], false)
 5 SYSTEMPATH\Model.php(330): CodeIgniter\Database\BaseBuilder->insert()
 6 SYSTEMPATH\BaseModel.php(782): CodeIgniter\Model->doInsert([...])
 7 SYSTEMPATH\Model.php(730): CodeIgniter\BaseModel->insert([...], true)
 8 APPPATH\Controllers\Admin\Product.php(95): CodeIgniter\Model->insert([...])
 9 SYSTEMPATH\CodeIgniter.php(934): App\Controllers\Admin\Product->create()
10 SYSTEMPATH\CodeIgniter.php(499): CodeIgniter\CodeIgniter->runController(Object(App\Controllers\Admin\Product))
11 SYSTEMPATH\CodeIgniter.php(368): CodeIgniter\CodeIgniter->handleRequest(null, Object(Config\Cache), false)
12 FCPATH\index.php(67): CodeIgniter\CodeIgniter->run()
INFO - 2023-06-20 06:36:20 --> Session: Class initialized using 'CodeIgniter\Session\Handlers\FileHandler' driver.
INFO - 2023-06-20 06:36:24 --> Session: Class initialized using 'CodeIgniter\Session\Handlers\FileHandler' driver.
WARNING - 2023-06-20 06:36:24 --> Session: Sessions is enabled, and one exists. Please don't $session->start();
INFO - 2023-06-20 06:36:26 --> Session: Class initialized using 'CodeIgniter\Session\Handlers\FileHandler' driver.
WARNING - 2023-06-20 06:36:26 --> Session: Sessions is enabled, and one exists. Please don't $session->start();
INFO - 2023-06-20 06:36:27 --> Session: Class initialized using 'CodeIgniter\Session\Handlers\FileHandler' driver.
INFO - 2023-06-20 06:36:32 --> Session: Class initialized using 'CodeIgniter\Session\Handlers\FileHandler' driver.
INFO - 2023-06-20 06:36:37 --> Session: Class initialized using 'CodeIgniter\Session\Handlers\FileHandler' driver.
INFO - 2023-06-20 06:36:37 --> Session: Class initialized using 'CodeIgniter\Session\Handlers\FileHandler' driver.
INFO - 2023-06-20 06:36:41 --> Session: Class initialized using 'CodeIgniter\Session\Handlers\FileHandler' driver.
INFO - 2023-06-20 06:36:41 --> Session: Class initialized using 'CodeIgniter\Session\Handlers\FileHandler' driver.
INFO - 2023-06-20 06:36:46 --> Session: Class initialized using 'CodeIgniter\Session\Handlers\FileHandler' driver.
INFO - 2023-06-20 06:36:46 --> Session: Class initialized using 'CodeIgniter\Session\Handlers\FileHandler' driver.
INFO - 2023-06-20 06:36:49 --> Session: Class initialized using 'CodeIgniter\Session\Handlers\FileHandler' driver.
INFO - 2023-06-20 06:36:49 --> Session: Class initialized using 'CodeIgniter\Session\Handlers\FileHandler' driver.
INFO - 2023-06-20 06:37:01 --> Session: Class initialized using 'CodeIgniter\Session\Handlers\FileHandler' driver.
INFO - 2023-06-20 06:37:01 --> Session: Class initialized using 'CodeIgniter\Session\Handlers\FileHandler' driver.
INFO - 2023-06-20 06:37:07 --> Session: Class initialized using 'CodeIgniter\Session\Handlers\FileHandler' driver.
INFO - 2023-06-20 06:37:07 --> Session: Class initialized using 'CodeIgniter\Session\Handlers\FileHandler' driver.
INFO - 2023-06-20 06:37:12 --> Session: Class initialized using 'CodeIgniter\Session\Handlers\FileHandler' driver.
INFO - 2023-06-20 06:37:13 --> Session: Class initialized using 'CodeIgniter\Session\Handlers\FileHandler' driver.
INFO - 2023-06-20 06:37:28 --> Session: Class initialized using 'CodeIgniter\Session\Handlers\FileHandler' driver.
INFO - 2023-06-20 06:37:35 --> Session: Class initialized using 'CodeIgniter\Session\Handlers\FileHandler' driver.
INFO - 2023-06-20 11:00:31 --> Session: Class initialized using 'CodeIgniter\Session\Handlers\FileHandler' driver.
INFO - 2023-06-20 11:00:42 --> Session: Class initialized using 'CodeIgniter\Session\Handlers\FileHandler' driver.
INFO - 2023-06-20 11:01:04 --> Session: Class initialized using 'CodeIgniter\Session\Handlers\FileHandler' driver.
INFO - 2023-06-20 11:01:08 --> Session: Class initialized using 'CodeIgniter\Session\Handlers\FileHandler' driver.
INFO - 2023-06-20 11:03:24 --> Session: Class initialized using 'CodeIgniter\Session\Handlers\FileHandler' driver.
INFO - 2023-06-20 11:05:18 --> Session: Class initialized using 'CodeIgniter\Session\Handlers\FileHandler' driver.
INFO - 2023-06-20 11:05:40 --> Session: Class initialized using 'CodeIgniter\Session\Handlers\FileHandler' driver.
INFO - 2023-06-20 11:06:09 --> Session: Class initialized using 'CodeIgniter\Session\Handlers\FileHandler' driver.
CRITICAL - 2023-06-20 11:06:09 --> Attempt to read property "id" on null
in APPPATH\Controllers\Admin\AdminHome.php on line 11.
 1 APPPATH\Controllers\Admin\AdminHome.php(11): CodeIgniter\Debug\Exceptions->errorHandler(2, 'Attempt to read property "id" on null', 'D:\\Xamp-_ismail\\htdocs\\WDPF\\CI\\mohim_CI\\Newfolder\\Ecomearce\\Ecomearce\\app\\Controllers\\Admin\\AdminHome.php', 11)
 2 SYSTEMPATH\CodeIgniter.php(934): App\Controllers\Admin\AdminHome->index()
 3 SYSTEMPATH\CodeIgniter.php(499): CodeIgniter\CodeIgniter->runController(Object(App\Controllers\Admin\AdminHome))
 4 SYSTEMPATH\CodeIgniter.php(368): CodeIgniter\CodeIgniter->handleRequest(null, Object(Config\Cache), false)
 5 FCPATH\index.php(67): CodeIgniter\CodeIgniter->run()
INFO - 2023-06-20 11:06:12 --> Session: Class initialized using 'CodeIgniter\Session\Handlers\FileHandler' driver.
INFO - 2023-06-20 11:06:14 --> Session: Class initialized using 'CodeIgniter\Session\Handlers\FileHandler' driver.
WARNING - 2023-06-20 11:06:14 --> Session: Sessions is enabled, and one exists. Please don't $session->start();
INFO - 2023-06-20 11:06:23 --> Session: Class initialized using 'CodeIgniter\Session\Handlers\FileHandler' driver.
WARNING - 2023-06-20 11:06:23 --> Session: Sessions is enabled, and one exists. Please don't $session->start();
INFO - 2023-06-20 11:06:23 --> Session: Class initialized using 'CodeIgniter\Session\Handlers\FileHandler' driver.
INFO - 2023-06-20 11:06:29 --> Session: Class initialized using 'CodeIgniter\Session\Handlers\FileHandler' driver.
INFO - 2023-06-20 11:07:00 --> Session: Class initialized using 'CodeIgniter\Session\Handlers\FileHandler' driver.
INFO - 2023-06-20 11:08:01 --> Session: Class initialized using 'CodeIgniter\Session\Handlers\FileHandler' driver.
INFO - 2023-06-20 11:10:23 --> Session: Class initialized using 'CodeIgniter\Session\Handlers\FileHandler' driver.
INFO - 2023-06-20 11:11:17 --> Session: Class initialized using 'CodeIgniter\Session\Handlers\FileHandler' driver.
ERROR - 2023-06-20 11:11:17 --> mysqli_sql_exception: Cannot add or update a child row: a foreign key constraint fails (`e-comearce`.`products`, CONSTRAINT `products_category_id_foreign` FOREIGN KEY (`category_id`) REFERENCES `categories` (`id`)) in D:\Xamp-_ismail\htdocs\WDPF\CI\mohim_CI\Newfolder\Ecomearce\Ecomearce\system\Database\MySQLi\Connection.php:295
Stack trace:
#0 D:\Xamp-_ismail\htdocs\WDPF\CI\mohim_CI\Newfolder\Ecomearce\Ecomearce\system\Database\MySQLi\Connection.php(295): mysqli->query('INSERT INTO `pr...', 0)
#1 D:\Xamp-_ismail\htdocs\WDPF\CI\mohim_CI\Newfolder\Ecomearce\Ecomearce\system\Database\BaseConnection.php(692): CodeIgniter\Database\MySQLi\Connection->execute('INSERT INTO `pr...')
#2 D:\Xamp-_ismail\htdocs\WDPF\CI\mohim_CI\Newfolder\Ecomearce\Ecomearce\system\Database\BaseConnection.php(606): CodeIgniter\Database\BaseConnection->simpleQuery('INSERT INTO `pr...')
#3 D:\Xamp-_ismail\htdocs\WDPF\CI\mohim_CI\Newfolder\Ecomearce\Ecomearce\system\Database\BaseBuilder.php(2309): CodeIgniter\Database\BaseConnection->query('INSERT INTO `pr...', Array, false)
#4 D:\Xamp-_ismail\htdocs\WDPF\CI\mohim_CI\Newfolder\Ecomearce\Ecomearce\system\Model.php(330): CodeIgniter\Database\BaseBuilder->insert()
#5 D:\Xamp-_ismail\htdocs\WDPF\CI\mohim_CI\Newfolder\Ecomearce\Ecomearce\system\BaseModel.php(782): CodeIgniter\Model->doInsert(Array)
#6 D:\Xamp-_ismail\htdocs\WDPF\CI\mohim_CI\Newfolder\Ecomearce\Ecomearce\system\Model.php(730): CodeIgniter\BaseModel->insert(Array, true)
#7 D:\Xamp-_ismail\htdocs\WDPF\CI\mohim_CI\Newfolder\Ecomearce\Ecomearce\app\Controllers\Admin\Product.php(95): CodeIgniter\Model->insert(Array)
#8 D:\Xamp-_ismail\htdocs\WDPF\CI\mohim_CI\Newfolder\Ecomearce\Ecomearce\system\CodeIgniter.php(934): App\Controllers\Admin\Product->create()
#9 D:\Xamp-_ismail\htdocs\WDPF\CI\mohim_CI\Newfolder\Ecomearce\Ecomearce\system\CodeIgniter.php(499): CodeIgniter\CodeIgniter->runController(Object(App\Controllers\Admin\Product))
#10 D:\Xamp-_ismail\htdocs\WDPF\CI\mohim_CI\Newfolder\Ecomearce\Ecomearce\system\CodeIgniter.php(368): CodeIgniter\CodeIgniter->handleRequest(NULL, Object(Config\Cache), false)
#11 D:\Xamp-_ismail\htdocs\WDPF\CI\mohim_CI\Newfolder\Ecomearce\Ecomearce\public\index.php(67): CodeIgniter\CodeIgniter->run()
#12 {main}
CRITICAL - 2023-06-20 11:11:17 --> Cannot add or update a child row: a foreign key constraint fails (`e-comearce`.`products`, CONSTRAINT `products_category_id_foreign` FOREIGN KEY (`category_id`) REFERENCES `categories` (`id`))
in SYSTEMPATH\Database\MySQLi\Connection.php on line 295.
 1 SYSTEMPATH\Database\MySQLi\Connection.php(295): mysqli->query('INSERT INTO `products` (`category_id`, `subcategory_id`, `sku`, `name`, `description`, `price`, `quantity`, `discount`, `hot`) VALUES (\'1\', \'1\', \'jlkjoj;oio\', \'ISMsdgvfjkh\', \'                     fhsdgf\', \'122\', \'5\', \'00\', 0)', 0)
 2 SYSTEMPATH\Database\BaseConnection.php(692): CodeIgniter\Database\MySQLi\Connection->execute('INSERT INTO `products` (`category_id`, `subcategory_id`, `sku`, `name`, `description`, `price`, `quantity`, `discount`, `hot`) VALUES (\'1\', \'1\', \'jlkjoj;oio\', \'ISMsdgvfjkh\', \'                     fhsdgf\', \'122\', \'5\', \'00\', 0)')
 3 SYSTEMPATH\Database\BaseConnection.php(606): CodeIgniter\Database\BaseConnection->simpleQuery('INSERT INTO `products` (`category_id`, `subcategory_id`, `sku`, `name`, `description`, `price`, `quantity`, `discount`, `hot`) VALUES (\'1\', \'1\', \'jlkjoj;oio\', \'ISMsdgvfjkh\', \'                     fhsdgf\', \'122\', \'5\', \'00\', 0)')
 4 SYSTEMPATH\Database\BaseBuilder.php(2309): CodeIgniter\Database\BaseConnection->query('INSERT INTO `products` (`category_id`, `subcategory_id`, `sku`, `name`, `description`, `price`, `quantity`, `discount`, `hot`) VALUES (:category_id:, :subcategory_id:, :sku:, :name:, :description:, :price:, :quantity:, :discount:, :hot:)', [...], false)
 5 SYSTEMPATH\Model.php(330): CodeIgniter\Database\BaseBuilder->insert()
 6 SYSTEMPATH\BaseModel.php(782): CodeIgniter\Model->doInsert([...])
 7 SYSTEMPATH\Model.php(730): CodeIgniter\BaseModel->insert([...], true)
 8 APPPATH\Controllers\Admin\Product.php(95): CodeIgniter\Model->insert([...])
 9 SYSTEMPATH\CodeIgniter.php(934): App\Controllers\Admin\Product->create()
10 SYSTEMPATH\CodeIgniter.php(499): CodeIgniter\CodeIgniter->runController(Object(App\Controllers\Admin\Product))
11 SYSTEMPATH\CodeIgniter.php(368): CodeIgniter\CodeIgniter->handleRequest(null, Object(Config\Cache), false)
12 FCPATH\index.php(67): CodeIgniter\CodeIgniter->run()
INFO - 2023-06-20 11:11:20 --> Session: Class initialized using 'CodeIgniter\Session\Handlers\FileHandler' driver.
ERROR - 2023-06-20 11:11:20 --> mysqli_sql_exception: Cannot add or update a child row: a foreign key constraint fails (`e-comearce`.`products`, CONSTRAINT `products_category_id_foreign` FOREIGN KEY (`category_id`) REFERENCES `categories` (`id`)) in D:\Xamp-_ismail\htdocs\WDPF\CI\mohim_CI\Newfolder\Ecomearce\Ecomearce\system\Database\MySQLi\Connection.php:295
Stack trace:
#0 D:\Xamp-_ismail\htdocs\WDPF\CI\mohim_CI\Newfolder\Ecomearce\Ecomearce\system\Database\MySQLi\Connection.php(295): mysqli->query('INSERT INTO `pr...', 0)
#1 D:\Xamp-_ismail\htdocs\WDPF\CI\mohim_CI\Newfolder\Ecomearce\Ecomearce\system\Database\BaseConnection.php(692): CodeIgniter\Database\MySQLi\Connection->execute('INSERT INTO `pr...')
#2 D:\Xamp-_ismail\htdocs\WDPF\CI\mohim_CI\Newfolder\Ecomearce\Ecomearce\system\Database\BaseConnection.php(606): CodeIgniter\Database\BaseConnection->simpleQuery('INSERT INTO `pr...')
#3 D:\Xamp-_ismail\htdocs\WDPF\CI\mohim_CI\Newfolder\Ecomearce\Ecomearce\system\Database\BaseBuilder.php(2309): CodeIgniter\Database\BaseConnection->query('INSERT INTO `pr...', Array, false)
#4 D:\Xamp-_ismail\htdocs\WDPF\CI\mohim_CI\Newfolder\Ecomearce\Ecomearce\system\Model.php(330): CodeIgniter\Database\BaseBuilder->insert()
#5 D:\Xamp-_ismail\htdocs\WDPF\CI\mohim_CI\Newfolder\Ecomearce\Ecomearce\system\BaseModel.php(782): CodeIgniter\Model->doInsert(Array)
#6 D:\Xamp-_ismail\htdocs\WDPF\CI\mohim_CI\Newfolder\Ecomearce\Ecomearce\system\Model.php(730): CodeIgniter\BaseModel->insert(Array, true)
#7 D:\Xamp-_ismail\htdocs\WDPF\CI\mohim_CI\Newfolder\Ecomearce\Ecomearce\app\Controllers\Admin\Product.php(95): CodeIgniter\Model->insert(Array)
#8 D:\Xamp-_ismail\htdocs\WDPF\CI\mohim_CI\Newfolder\Ecomearce\Ecomearce\system\CodeIgniter.php(934): App\Controllers\Admin\Product->create()
#9 D:\Xamp-_ismail\htdocs\WDPF\CI\mohim_CI\Newfolder\Ecomearce\Ecomearce\system\CodeIgniter.php(499): CodeIgniter\CodeIgniter->runController(Object(App\Controllers\Admin\Product))
#10 D:\Xamp-_ismail\htdocs\WDPF\CI\mohim_CI\Newfolder\Ecomearce\Ecomearce\system\CodeIgniter.php(368): CodeIgniter\CodeIgniter->handleRequest(NULL, Object(Config\Cache), false)
#11 D:\Xamp-_ismail\htdocs\WDPF\CI\mohim_CI\Newfolder\Ecomearce\Ecomearce\public\index.php(67): CodeIgniter\CodeIgniter->run()
#12 {main}
CRITICAL - 2023-06-20 11:11:20 --> Cannot add or update a child row: a foreign key constraint fails (`e-comearce`.`products`, CONSTRAINT `products_category_id_foreign` FOREIGN KEY (`category_id`) REFERENCES `categories` (`id`))
in SYSTEMPATH\Database\MySQLi\Connection.php on line 295.
 1 SYSTEMPATH\Database\MySQLi\Connection.php(295): mysqli->query('INSERT INTO `products` (`category_id`, `subcategory_id`, `sku`, `name`, `description`, `price`, `quantity`, `discount`, `hot`) VALUES (\'1\', \'1\', \'jlkjoj;oio\', \'ISMsdgvfjkh\', \'                     fhsdgf\', \'122\', \'5\', \'00\', 0)', 0)
 2 SYSTEMPATH\Database\BaseConnection.php(692): CodeIgniter\Database\MySQLi\Connection->execute('INSERT INTO `products` (`category_id`, `subcategory_id`, `sku`, `name`, `description`, `price`, `quantity`, `discount`, `hot`) VALUES (\'1\', \'1\', \'jlkjoj;oio\', \'ISMsdgvfjkh\', \'                     fhsdgf\', \'122\', \'5\', \'00\', 0)')
 3 SYSTEMPATH\Database\BaseConnection.php(606): CodeIgniter\Database\BaseConnection->simpleQuery('INSERT INTO `products` (`category_id`, `subcategory_id`, `sku`, `name`, `description`, `price`, `quantity`, `discount`, `hot`) VALUES (\'1\', \'1\', \'jlkjoj;oio\', \'ISMsdgvfjkh\', \'                     fhsdgf\', \'122\', \'5\', \'00\', 0)')
 4 SYSTEMPATH\Database\BaseBuilder.php(2309): CodeIgniter\Database\BaseConnection->query('INSERT INTO `products` (`category_id`, `subcategory_id`, `sku`, `name`, `description`, `price`, `quantity`, `discount`, `hot`) VALUES (:category_id:, :subcategory_id:, :sku:, :name:, :description:, :price:, :quantity:, :discount:, :hot:)', [...], false)
 5 SYSTEMPATH\Model.php(330): CodeIgniter\Database\BaseBuilder->insert()
 6 SYSTEMPATH\BaseModel.php(782): CodeIgniter\Model->doInsert([...])
 7 SYSTEMPATH\Model.php(730): CodeIgniter\BaseModel->insert([...], true)
 8 APPPATH\Controllers\Admin\Product.php(95): CodeIgniter\Model->insert([...])
 9 SYSTEMPATH\CodeIgniter.php(934): App\Controllers\Admin\Product->create()
10 SYSTEMPATH\CodeIgniter.php(499): CodeIgniter\CodeIgniter->runController(Object(App\Controllers\Admin\Product))
11 SYSTEMPATH\CodeIgniter.php(368): CodeIgniter\CodeIgniter->handleRequest(null, Object(Config\Cache), false)
12 FCPATH\index.php(67): CodeIgniter\CodeIgniter->run()
INFO - 2023-06-20 11:11:29 --> Session: Class initialized using 'CodeIgniter\Session\Handlers\FileHandler' driver.
INFO - 2023-06-20 11:12:04 --> Session: Class initialized using 'CodeIgniter\Session\Handlers\FileHandler' driver.
ERROR - 2023-06-20 11:12:04 --> mysqli_sql_exception: Cannot add or update a child row: a foreign key constraint fails (`e-comearce`.`products`, CONSTRAINT `products_category_id_foreign` FOREIGN KEY (`category_id`) REFERENCES `categories` (`id`)) in D:\Xamp-_ismail\htdocs\WDPF\CI\mohim_CI\Newfolder\Ecomearce\Ecomearce\system\Database\MySQLi\Connection.php:295
Stack trace:
#0 D:\Xamp-_ismail\htdocs\WDPF\CI\mohim_CI\Newfolder\Ecomearce\Ecomearce\system\Database\MySQLi\Connection.php(295): mysqli->query('INSERT INTO `pr...', 0)
#1 D:\Xamp-_ismail\htdocs\WDPF\CI\mohim_CI\Newfolder\Ecomearce\Ecomearce\system\Database\BaseConnection.php(692): CodeIgniter\Database\MySQLi\Connection->execute('INSERT INTO `pr...')
#2 D:\Xamp-_ismail\htdocs\WDPF\CI\mohim_CI\Newfolder\Ecomearce\Ecomearce\system\Database\BaseConnection.php(606): CodeIgniter\Database\BaseConnection->simpleQuery('INSERT INTO `pr...')
#3 D:\Xamp-_ismail\htdocs\WDPF\CI\mohim_CI\Newfolder\Ecomearce\Ecomearce\system\Database\BaseBuilder.php(2309): CodeIgniter\Database\BaseConnection->query('INSERT INTO `pr...', Array, false)
#4 D:\Xamp-_ismail\htdocs\WDPF\CI\mohim_CI\Newfolder\Ecomearce\Ecomearce\system\Model.php(330): CodeIgniter\Database\BaseBuilder->insert()
#5 D:\Xamp-_ismail\htdocs\WDPF\CI\mohim_CI\Newfolder\Ecomearce\Ecomearce\system\BaseModel.php(782): CodeIgniter\Model->doInsert(Array)
#6 D:\Xamp-_ismail\htdocs\WDPF\CI\mohim_CI\Newfolder\Ecomearce\Ecomearce\system\Model.php(730): CodeIgniter\BaseModel->insert(Array, true)
#7 D:\Xamp-_ismail\htdocs\WDPF\CI\mohim_CI\Newfolder\Ecomearce\Ecomearce\app\Controllers\Admin\Product.php(95): CodeIgniter\Model->insert(Array)
#8 D:\Xamp-_ismail\htdocs\WDPF\CI\mohim_CI\Newfolder\Ecomearce\Ecomearce\system\CodeIgniter.php(934): App\Controllers\Admin\Product->create()
#9 D:\Xamp-_ismail\htdocs\WDPF\CI\mohim_CI\Newfolder\Ecomearce\Ecomearce\system\CodeIgniter.php(499): CodeIgniter\CodeIgniter->runController(Object(App\Controllers\Admin\Product))
#10 D:\Xamp-_ismail\htdocs\WDPF\CI\mohim_CI\Newfolder\Ecomearce\Ecomearce\system\CodeIgniter.php(368): CodeIgniter\CodeIgniter->handleRequest(NULL, Object(Config\Cache), false)
#11 D:\Xamp-_ismail\htdocs\WDPF\CI\mohim_CI\Newfolder\Ecomearce\Ecomearce\public\index.php(67): CodeIgniter\CodeIgniter->run()
#12 {main}
CRITICAL - 2023-06-20 11:12:04 --> Cannot add or update a child row: a foreign key constraint fails (`e-comearce`.`products`, CONSTRAINT `products_category_id_foreign` FOREIGN KEY (`category_id`) REFERENCES `categories` (`id`))
in SYSTEMPATH\Database\MySQLi\Connection.php on line 295.
 1 SYSTEMPATH\Database\MySQLi\Connection.php(295): mysqli->query('INSERT INTO `products` (`category_id`, `subcategory_id`, `sku`, `name`, `description`, `price`, `quantity`, `discount`, `hot`) VALUES (\'1\', \'1\', \'jlkjoj;oio\', \'Manfjk\', \'                              hgjmgk \', \'122\', \'5\', \'00\', \'\')', 0)
 2 SYSTEMPATH\Database\BaseConnection.php(692): CodeIgniter\Database\MySQLi\Connection->execute('INSERT INTO `products` (`category_id`, `subcategory_id`, `sku`, `name`, `description`, `price`, `quantity`, `discount`, `hot`) VALUES (\'1\', \'1\', \'jlkjoj;oio\', \'Manfjk\', \'                              hgjmgk \', \'122\', \'5\', \'00\', \'\')')
 3 SYSTEMPATH\Database\BaseConnection.php(606): CodeIgniter\Database\BaseConnection->simpleQuery('INSERT INTO `products` (`category_id`, `subcategory_id`, `sku`, `name`, `description`, `price`, `quantity`, `discount`, `hot`) VALUES (\'1\', \'1\', \'jlkjoj;oio\', \'Manfjk\', \'                              hgjmgk \', \'122\', \'5\', \'00\', \'\')')
 4 SYSTEMPATH\Database\BaseBuilder.php(2309): CodeIgniter\Database\BaseConnection->query('INSERT INTO `products` (`category_id`, `subcategory_id`, `sku`, `name`, `description`, `price`, `quantity`, `discount`, `hot`) VALUES (:category_id:, :subcategory_id:, :sku:, :name:, :description:, :price:, :quantity:, :discount:, :hot:)', [...], false)
 5 SYSTEMPATH\Model.php(330): CodeIgniter\Database\BaseBuilder->insert()
 6 SYSTEMPATH\BaseModel.php(782): CodeIgniter\Model->doInsert([...])
 7 SYSTEMPATH\Model.php(730): CodeIgniter\BaseModel->insert([...], true)
 8 APPPATH\Controllers\Admin\Product.php(95): CodeIgniter\Model->insert([...])
 9 SYSTEMPATH\CodeIgniter.php(934): App\Controllers\Admin\Product->create()
10 SYSTEMPATH\CodeIgniter.php(499): CodeIgniter\CodeIgniter->runController(Object(App\Controllers\Admin\Product))
11 SYSTEMPATH\CodeIgniter.php(368): CodeIgniter\CodeIgniter->handleRequest(null, Object(Config\Cache), false)
12 FCPATH\index.php(67): CodeIgniter\CodeIgniter->run()
INFO - 2023-06-20 11:13:26 --> Session: Class initialized using 'CodeIgniter\Session\Handlers\FileHandler' driver.
ERROR - 2023-06-20 11:13:26 --> mysqli_sql_exception: Cannot add or update a child row: a foreign key constraint fails (`e-comearce`.`products`, CONSTRAINT `products_category_id_foreign` FOREIGN KEY (`category_id`) REFERENCES `categories` (`id`)) in D:\Xamp-_ismail\htdocs\WDPF\CI\mohim_CI\Newfolder\Ecomearce\Ecomearce\system\Database\MySQLi\Connection.php:295
Stack trace:
#0 D:\Xamp-_ismail\htdocs\WDPF\CI\mohim_CI\Newfolder\Ecomearce\Ecomearce\system\Database\MySQLi\Connection.php(295): mysqli->query('INSERT INTO `pr...', 0)
#1 D:\Xamp-_ismail\htdocs\WDPF\CI\mohim_CI\Newfolder\Ecomearce\Ecomearce\system\Database\BaseConnection.php(692): CodeIgniter\Database\MySQLi\Connection->execute('INSERT INTO `pr...')
#2 D:\Xamp-_ismail\htdocs\WDPF\CI\mohim_CI\Newfolder\Ecomearce\Ecomearce\system\Database\BaseConnection.php(606): CodeIgniter\Database\BaseConnection->simpleQuery('INSERT INTO `pr...')
#3 D:\Xamp-_ismail\htdocs\WDPF\CI\mohim_CI\Newfolder\Ecomearce\Ecomearce\system\Database\BaseBuilder.php(2309): CodeIgniter\Database\BaseConnection->query('INSERT INTO `pr...', Array, false)
#4 D:\Xamp-_ismail\htdocs\WDPF\CI\mohim_CI\Newfolder\Ecomearce\Ecomearce\system\Model.php(330): CodeIgniter\Database\BaseBuilder->insert()
#5 D:\Xamp-_ismail\htdocs\WDPF\CI\mohim_CI\Newfolder\Ecomearce\Ecomearce\system\BaseModel.php(782): CodeIgniter\Model->doInsert(Array)
#6 D:\Xamp-_ismail\htdocs\WDPF\CI\mohim_CI\Newfolder\Ecomearce\Ecomearce\system\Model.php(730): CodeIgniter\BaseModel->insert(Array, true)
#7 D:\Xamp-_ismail\htdocs\WDPF\CI\mohim_CI\Newfolder\Ecomearce\Ecomearce\app\Controllers\Admin\Product.php(95): CodeIgniter\Model->insert(Array)
#8 D:\Xamp-_ismail\htdocs\WDPF\CI\mohim_CI\Newfolder\Ecomearce\Ecomearce\system\CodeIgniter.php(934): App\Controllers\Admin\Product->create()
#9 D:\Xamp-_ismail\htdocs\WDPF\CI\mohim_CI\Newfolder\Ecomearce\Ecomearce\system\CodeIgniter.php(499): CodeIgniter\CodeIgniter->runController(Object(App\Controllers\Admin\Product))
#10 D:\Xamp-_ismail\htdocs\WDPF\CI\mohim_CI\Newfolder\Ecomearce\Ecomearce\system\CodeIgniter.php(368): CodeIgniter\CodeIgniter->handleRequest(NULL, Object(Config\Cache), false)
#11 D:\Xamp-_ismail\htdocs\WDPF\CI\mohim_CI\Newfolder\Ecomearce\Ecomearce\public\index.php(67): CodeIgniter\CodeIgniter->run()
#12 {main}
CRITICAL - 2023-06-20 11:13:26 --> Cannot add or update a child row: a foreign key constraint fails (`e-comearce`.`products`, CONSTRAINT `products_category_id_foreign` FOREIGN KEY (`category_id`) REFERENCES `categories` (`id`))
in SYSTEMPATH\Database\MySQLi\Connection.php on line 295.
 1 SYSTEMPATH\Database\MySQLi\Connection.php(295): mysqli->query('INSERT INTO `products` (`category_id`, `subcategory_id`, `sku`, `name`, `description`, `price`, `quantity`, `discount`, `hot`) VALUES (\'1\', \'1\', \'jlkjoj;oio\', \'Manfjk\', \'                              hgjmgk \', \'122\', \'5\', \'00\', \'\')', 0)
 2 SYSTEMPATH\Database\BaseConnection.php(692): CodeIgniter\Database\MySQLi\Connection->execute('INSERT INTO `products` (`category_id`, `subcategory_id`, `sku`, `name`, `description`, `price`, `quantity`, `discount`, `hot`) VALUES (\'1\', \'1\', \'jlkjoj;oio\', \'Manfjk\', \'                              hgjmgk \', \'122\', \'5\', \'00\', \'\')')
 3 SYSTEMPATH\Database\BaseConnection.php(606): CodeIgniter\Database\BaseConnection->simpleQuery('INSERT INTO `products` (`category_id`, `subcategory_id`, `sku`, `name`, `description`, `price`, `quantity`, `discount`, `hot`) VALUES (\'1\', \'1\', \'jlkjoj;oio\', \'Manfjk\', \'                              hgjmgk \', \'122\', \'5\', \'00\', \'\')')
 4 SYSTEMPATH\Database\BaseBuilder.php(2309): CodeIgniter\Database\BaseConnection->query('INSERT INTO `products` (`category_id`, `subcategory_id`, `sku`, `name`, `description`, `price`, `quantity`, `discount`, `hot`) VALUES (:category_id:, :subcategory_id:, :sku:, :name:, :description:, :price:, :quantity:, :discount:, :hot:)', [...], false)
 5 SYSTEMPATH\Model.php(330): CodeIgniter\Database\BaseBuilder->insert()
 6 SYSTEMPATH\BaseModel.php(782): CodeIgniter\Model->doInsert([...])
 7 SYSTEMPATH\Model.php(730): CodeIgniter\BaseModel->insert([...], true)
 8 APPPATH\Controllers\Admin\Product.php(95): CodeIgniter\Model->insert([...])
 9 SYSTEMPATH\CodeIgniter.php(934): App\Controllers\Admin\Product->create()
10 SYSTEMPATH\CodeIgniter.php(499): CodeIgniter\CodeIgniter->runController(Object(App\Controllers\Admin\Product))
11 SYSTEMPATH\CodeIgniter.php(368): CodeIgniter\CodeIgniter->handleRequest(null, Object(Config\Cache), false)
12 FCPATH\index.php(67): CodeIgniter\CodeIgniter->run()
INFO - 2023-06-20 11:13:29 --> Session: Class initialized using 'CodeIgniter\Session\Handlers\FileHandler' driver.
ERROR - 2023-06-20 11:13:29 --> mysqli_sql_exception: Cannot add or update a child row: a foreign key constraint fails (`e-comearce`.`products`, CONSTRAINT `products_category_id_foreign` FOREIGN KEY (`category_id`) REFERENCES `categories` (`id`)) in D:\Xamp-_ismail\htdocs\WDPF\CI\mohim_CI\Newfolder\Ecomearce\Ecomearce\system\Database\MySQLi\Connection.php:295
Stack trace:
#0 D:\Xamp-_ismail\htdocs\WDPF\CI\mohim_CI\Newfolder\Ecomearce\Ecomearce\system\Database\MySQLi\Connection.php(295): mysqli->query('INSERT INTO `pr...', 0)
#1 D:\Xamp-_ismail\htdocs\WDPF\CI\mohim_CI\Newfolder\Ecomearce\Ecomearce\system\Database\BaseConnection.php(692): CodeIgniter\Database\MySQLi\Connection->execute('INSERT INTO `pr...')
#2 D:\Xamp-_ismail\htdocs\WDPF\CI\mohim_CI\Newfolder\Ecomearce\Ecomearce\system\Database\BaseConnection.php(606): CodeIgniter\Database\BaseConnection->simpleQuery('INSERT INTO `pr...')
#3 D:\Xamp-_ismail\htdocs\WDPF\CI\mohim_CI\Newfolder\Ecomearce\Ecomearce\system\Database\BaseBuilder.php(2309): CodeIgniter\Database\BaseConnection->query('INSERT INTO `pr...', Array, false)
#4 D:\Xamp-_ismail\htdocs\WDPF\CI\mohim_CI\Newfolder\Ecomearce\Ecomearce\system\Model.php(330): CodeIgniter\Database\BaseBuilder->insert()
#5 D:\Xamp-_ismail\htdocs\WDPF\CI\mohim_CI\Newfolder\Ecomearce\Ecomearce\system\BaseModel.php(782): CodeIgniter\Model->doInsert(Array)
#6 D:\Xamp-_ismail\htdocs\WDPF\CI\mohim_CI\Newfolder\Ecomearce\Ecomearce\system\Model.php(730): CodeIgniter\BaseModel->insert(Array, true)
#7 D:\Xamp-_ismail\htdocs\WDPF\CI\mohim_CI\Newfolder\Ecomearce\Ecomearce\app\Controllers\Admin\Product.php(95): CodeIgniter\Model->insert(Array)
#8 D:\Xamp-_ismail\htdocs\WDPF\CI\mohim_CI\Newfolder\Ecomearce\Ecomearce\system\CodeIgniter.php(934): App\Controllers\Admin\Product->create()
#9 D:\Xamp-_ismail\htdocs\WDPF\CI\mohim_CI\Newfolder\Ecomearce\Ecomearce\system\CodeIgniter.php(499): CodeIgniter\CodeIgniter->runController(Object(App\Controllers\Admin\Product))
#10 D:\Xamp-_ismail\htdocs\WDPF\CI\mohim_CI\Newfolder\Ecomearce\Ecomearce\system\CodeIgniter.php(368): CodeIgniter\CodeIgniter->handleRequest(NULL, Object(Config\Cache), false)
#11 D:\Xamp-_ismail\htdocs\WDPF\CI\mohim_CI\Newfolder\Ecomearce\Ecomearce\public\index.php(67): CodeIgniter\CodeIgniter->run()
#12 {main}
CRITICAL - 2023-06-20 11:13:29 --> Cannot add or update a child row: a foreign key constraint fails (`e-comearce`.`products`, CONSTRAINT `products_category_id_foreign` FOREIGN KEY (`category_id`) REFERENCES `categories` (`id`))
in SYSTEMPATH\Database\MySQLi\Connection.php on line 295.
 1 SYSTEMPATH\Database\MySQLi\Connection.php(295): mysqli->query('INSERT INTO `products` (`category_id`, `subcategory_id`, `sku`, `name`, `description`, `price`, `quantity`, `discount`, `hot`) VALUES (\'1\', \'1\', \'jlkjoj;oio\', \'Manfjk\', \'                              hgjmgk \', \'122\', \'5\', \'00\', \'\')', 0)
 2 SYSTEMPATH\Database\BaseConnection.php(692): CodeIgniter\Database\MySQLi\Connection->execute('INSERT INTO `products` (`category_id`, `subcategory_id`, `sku`, `name`, `description`, `price`, `quantity`, `discount`, `hot`) VALUES (\'1\', \'1\', \'jlkjoj;oio\', \'Manfjk\', \'                              hgjmgk \', \'122\', \'5\', \'00\', \'\')')
 3 SYSTEMPATH\Database\BaseConnection.php(606): CodeIgniter\Database\BaseConnection->simpleQuery('INSERT INTO `products` (`category_id`, `subcategory_id`, `sku`, `name`, `description`, `price`, `quantity`, `discount`, `hot`) VALUES (\'1\', \'1\', \'jlkjoj;oio\', \'Manfjk\', \'                              hgjmgk \', \'122\', \'5\', \'00\', \'\')')
 4 SYSTEMPATH\Database\BaseBuilder.php(2309): CodeIgniter\Database\BaseConnection->query('INSERT INTO `products` (`category_id`, `subcategory_id`, `sku`, `name`, `description`, `price`, `quantity`, `discount`, `hot`) VALUES (:category_id:, :subcategory_id:, :sku:, :name:, :description:, :price:, :quantity:, :discount:, :hot:)', [...], false)
 5 SYSTEMPATH\Model.php(330): CodeIgniter\Database\BaseBuilder->insert()
 6 SYSTEMPATH\BaseModel.php(782): CodeIgniter\Model->doInsert([...])
 7 SYSTEMPATH\Model.php(730): CodeIgniter\BaseModel->insert([...], true)
 8 APPPATH\Controllers\Admin\Product.php(95): CodeIgniter\Model->insert([...])
 9 SYSTEMPATH\CodeIgniter.php(934): App\Controllers\Admin\Product->create()
10 SYSTEMPATH\CodeIgniter.php(499): CodeIgniter\CodeIgniter->runController(Object(App\Controllers\Admin\Product))
11 SYSTEMPATH\CodeIgniter.php(368): CodeIgniter\CodeIgniter->handleRequest(null, Object(Config\Cache), false)
12 FCPATH\index.php(67): CodeIgniter\CodeIgniter->run()
INFO - 2023-06-20 11:13:35 --> Session: Class initialized using 'CodeIgniter\Session\Handlers\FileHandler' driver.
INFO - 2023-06-20 11:14:10 --> Session: Class initialized using 'CodeIgniter\Session\Handlers\FileHandler' driver.
ERROR - 2023-06-20 11:14:10 --> mysqli_sql_exception: Cannot add or update a child row: a foreign key constraint fails (`e-comearce`.`products`, CONSTRAINT `products_category_id_foreign` FOREIGN KEY (`category_id`) REFERENCES `categories` (`id`)) in D:\Xamp-_ismail\htdocs\WDPF\CI\mohim_CI\Newfolder\Ecomearce\Ecomearce\system\Database\MySQLi\Connection.php:295
Stack trace:
#0 D:\Xamp-_ismail\htdocs\WDPF\CI\mohim_CI\Newfolder\Ecomearce\Ecomearce\system\Database\MySQLi\Connection.php(295): mysqli->query('INSERT INTO `pr...', 0)
#1 D:\Xamp-_ismail\htdocs\WDPF\CI\mohim_CI\Newfolder\Ecomearce\Ecomearce\system\Database\BaseConnection.php(692): CodeIgniter\Database\MySQLi\Connection->execute('INSERT INTO `pr...')
#2 D:\Xamp-_ismail\htdocs\WDPF\CI\mohim_CI\Newfolder\Ecomearce\Ecomearce\system\Database\BaseConnection.php(606): CodeIgniter\Database\BaseConnection->simpleQuery('INSERT INTO `pr...')
#3 D:\Xamp-_ismail\htdocs\WDPF\CI\mohim_CI\Newfolder\Ecomearce\Ecomearce\system\Database\BaseBuilder.php(2309): CodeIgniter\Database\BaseConnection->query('INSERT INTO `pr...', Array, false)
#4 D:\Xamp-_ismail\htdocs\WDPF\CI\mohim_CI\Newfolder\Ecomearce\Ecomearce\system\Model.php(330): CodeIgniter\Database\BaseBuilder->insert()
#5 D:\Xamp-_ismail\htdocs\WDPF\CI\mohim_CI\Newfolder\Ecomearce\Ecomearce\system\BaseModel.php(782): CodeIgniter\Model->doInsert(Array)
#6 D:\Xamp-_ismail\htdocs\WDPF\CI\mohim_CI\Newfolder\Ecomearce\Ecomearce\system\Model.php(730): CodeIgniter\BaseModel->insert(Array, true)
#7 D:\Xamp-_ismail\htdocs\WDPF\CI\mohim_CI\Newfolder\Ecomearce\Ecomearce\app\Controllers\Admin\Product.php(95): CodeIgniter\Model->insert(Array)
#8 D:\Xamp-_ismail\htdocs\WDPF\CI\mohim_CI\Newfolder\Ecomearce\Ecomearce\system\CodeIgniter.php(934): App\Controllers\Admin\Product->create()
#9 D:\Xamp-_ismail\htdocs\WDPF\CI\mohim_CI\Newfolder\Ecomearce\Ecomearce\system\CodeIgniter.php(499): CodeIgniter\CodeIgniter->runController(Object(App\Controllers\Admin\Product))
#10 D:\Xamp-_ismail\htdocs\WDPF\CI\mohim_CI\Newfolder\Ecomearce\Ecomearce\system\CodeIgniter.php(368): CodeIgniter\CodeIgniter->handleRequest(NULL, Object(Config\Cache), false)
#11 D:\Xamp-_ismail\htdocs\WDPF\CI\mohim_CI\Newfolder\Ecomearce\Ecomearce\public\index.php(67): CodeIgniter\CodeIgniter->run()
#12 {main}
CRITICAL - 2023-06-20 11:14:10 --> Cannot add or update a child row: a foreign key constraint fails (`e-comearce`.`products`, CONSTRAINT `products_category_id_foreign` FOREIGN KEY (`category_id`) REFERENCES `categories` (`id`))
in SYSTEMPATH\Database\MySQLi\Connection.php on line 295.
 1 SYSTEMPATH\Database\MySQLi\Connection.php(295): mysqli->query('INSERT INTO `products` (`category_id`, `subcategory_id`, `sku`, `name`, `description`, `price`, `quantity`, `discount`, `hot`) VALUES (\'1\', \'1\', \'hjjjjjjjjjjjjjjg\', \'ismail\', \'                       dfgvikjnh         \', \'122\', \'5\', \'00\', \'\')', 0)
 2 SYSTEMPATH\Database\BaseConnection.php(692): CodeIgniter\Database\MySQLi\Connection->execute('INSERT INTO `products` (`category_id`, `subcategory_id`, `sku`, `name`, `description`, `price`, `quantity`, `discount`, `hot`) VALUES (\'1\', \'1\', \'hjjjjjjjjjjjjjjg\', \'ismail\', \'                       dfgvikjnh         \', \'122\', \'5\', \'00\', \'\')')
 3 SYSTEMPATH\Database\BaseConnection.php(606): CodeIgniter\Database\BaseConnection->simpleQuery('INSERT INTO `products` (`category_id`, `subcategory_id`, `sku`, `name`, `description`, `price`, `quantity`, `discount`, `hot`) VALUES (\'1\', \'1\', \'hjjjjjjjjjjjjjjg\', \'ismail\', \'                       dfgvikjnh         \', \'122\', \'5\', \'00\', \'\')')
 4 SYSTEMPATH\Database\BaseBuilder.php(2309): CodeIgniter\Database\BaseConnection->query('INSERT INTO `products` (`category_id`, `subcategory_id`, `sku`, `name`, `description`, `price`, `quantity`, `discount`, `hot`) VALUES (:category_id:, :subcategory_id:, :sku:, :name:, :description:, :price:, :quantity:, :discount:, :hot:)', [...], false)
 5 SYSTEMPATH\Model.php(330): CodeIgniter\Database\BaseBuilder->insert()
 6 SYSTEMPATH\BaseModel.php(782): CodeIgniter\Model->doInsert([...])
 7 SYSTEMPATH\Model.php(730): CodeIgniter\BaseModel->insert([...], true)
 8 APPPATH\Controllers\Admin\Product.php(95): CodeIgniter\Model->insert([...])
 9 SYSTEMPATH\CodeIgniter.php(934): App\Controllers\Admin\Product->create()
10 SYSTEMPATH\CodeIgniter.php(499): CodeIgniter\CodeIgniter->runController(Object(App\Controllers\Admin\Product))
11 SYSTEMPATH\CodeIgniter.php(368): CodeIgniter\CodeIgniter->handleRequest(null, Object(Config\Cache), false)
12 FCPATH\index.php(67): CodeIgniter\CodeIgniter->run()
INFO - 2023-06-20 11:17:02 --> Session: Class initialized using 'CodeIgniter\Session\Handlers\FileHandler' driver.
ERROR - 2023-06-20 11:17:02 --> mysqli_sql_exception: Cannot add or update a child row: a foreign key constraint fails (`e-comearce`.`products`, CONSTRAINT `products_category_id_foreign` FOREIGN KEY (`category_id`) REFERENCES `categories` (`id`)) in D:\Xamp-_ismail\htdocs\WDPF\CI\mohim_CI\Newfolder\Ecomearce\Ecomearce\system\Database\MySQLi\Connection.php:295
Stack trace:
#0 D:\Xamp-_ismail\htdocs\WDPF\CI\mohim_CI\Newfolder\Ecomearce\Ecomearce\system\Database\MySQLi\Connection.php(295): mysqli->query('INSERT INTO `pr...', 0)
#1 D:\Xamp-_ismail\htdocs\WDPF\CI\mohim_CI\Newfolder\Ecomearce\Ecomearce\system\Database\BaseConnection.php(692): CodeIgniter\Database\MySQLi\Connection->execute('INSERT INTO `pr...')
#2 D:\Xamp-_ismail\htdocs\WDPF\CI\mohim_CI\Newfolder\Ecomearce\Ecomearce\system\Database\BaseConnection.php(606): CodeIgniter\Database\BaseConnection->simpleQuery('INSERT INTO `pr...')
#3 D:\Xamp-_ismail\htdocs\WDPF\CI\mohim_CI\Newfolder\Ecomearce\Ecomearce\system\Database\BaseBuilder.php(2309): CodeIgniter\Database\BaseConnection->query('INSERT INTO `pr...', Array, false)
#4 D:\Xamp-_ismail\htdocs\WDPF\CI\mohim_CI\Newfolder\Ecomearce\Ecomearce\system\Model.php(330): CodeIgniter\Database\BaseBuilder->insert()
#5 D:\Xamp-_ismail\htdocs\WDPF\CI\mohim_CI\Newfolder\Ecomearce\Ecomearce\system\BaseModel.php(782): CodeIgniter\Model->doInsert(Array)
#6 D:\Xamp-_ismail\htdocs\WDPF\CI\mohim_CI\Newfolder\Ecomearce\Ecomearce\system\Model.php(730): CodeIgniter\BaseModel->insert(Array, true)
#7 D:\Xamp-_ismail\htdocs\WDPF\CI\mohim_CI\Newfolder\Ecomearce\Ecomearce\app\Controllers\Admin\Product.php(95): CodeIgniter\Model->insert(Array)
#8 D:\Xamp-_ismail\htdocs\WDPF\CI\mohim_CI\Newfolder\Ecomearce\Ecomearce\system\CodeIgniter.php(934): App\Controllers\Admin\Product->create()
#9 D:\Xamp-_ismail\htdocs\WDPF\CI\mohim_CI\Newfolder\Ecomearce\Ecomearce\system\CodeIgniter.php(499): CodeIgniter\CodeIgniter->runController(Object(App\Controllers\Admin\Product))
#10 D:\Xamp-_ismail\htdocs\WDPF\CI\mohim_CI\Newfolder\Ecomearce\Ecomearce\system\CodeIgniter.php(368): CodeIgniter\CodeIgniter->handleRequest(NULL, Object(Config\Cache), false)
#11 D:\Xamp-_ismail\htdocs\WDPF\CI\mohim_CI\Newfolder\Ecomearce\Ecomearce\public\index.php(67): CodeIgniter\CodeIgniter->run()
#12 {main}
CRITICAL - 2023-06-20 11:17:02 --> Cannot add or update a child row: a foreign key constraint fails (`e-comearce`.`products`, CONSTRAINT `products_category_id_foreign` FOREIGN KEY (`category_id`) REFERENCES `categories` (`id`))
in SYSTEMPATH\Database\MySQLi\Connection.php on line 295.
 1 SYSTEMPATH\Database\MySQLi\Connection.php(295): mysqli->query('INSERT INTO `products` (`category_id`, `subcategory_id`, `sku`, `name`, `description`, `price`, `quantity`, `discount`, `hot`) VALUES (\'1\', \'1\', \'hjjjjjjjjjjjjjjg\', \'ismail\', \'                       dfgvikjnh         \', \'122\', \'5\', \'00\', \'\')', 0)
 2 SYSTEMPATH\Database\BaseConnection.php(692): CodeIgniter\Database\MySQLi\Connection->execute('INSERT INTO `products` (`category_id`, `subcategory_id`, `sku`, `name`, `description`, `price`, `quantity`, `discount`, `hot`) VALUES (\'1\', \'1\', \'hjjjjjjjjjjjjjjg\', \'ismail\', \'                       dfgvikjnh         \', \'122\', \'5\', \'00\', \'\')')
 3 SYSTEMPATH\Database\BaseConnection.php(606): CodeIgniter\Database\BaseConnection->simpleQuery('INSERT INTO `products` (`category_id`, `subcategory_id`, `sku`, `name`, `description`, `price`, `quantity`, `discount`, `hot`) VALUES (\'1\', \'1\', \'hjjjjjjjjjjjjjjg\', \'ismail\', \'                       dfgvikjnh         \', \'122\', \'5\', \'00\', \'\')')
 4 SYSTEMPATH\Database\BaseBuilder.php(2309): CodeIgniter\Database\BaseConnection->query('INSERT INTO `products` (`category_id`, `subcategory_id`, `sku`, `name`, `description`, `price`, `quantity`, `discount`, `hot`) VALUES (:category_id:, :subcategory_id:, :sku:, :name:, :description:, :price:, :quantity:, :discount:, :hot:)', [...], false)
 5 SYSTEMPATH\Model.php(330): CodeIgniter\Database\BaseBuilder->insert()
 6 SYSTEMPATH\BaseModel.php(782): CodeIgniter\Model->doInsert([...])
 7 SYSTEMPATH\Model.php(730): CodeIgniter\BaseModel->insert([...], true)
 8 APPPATH\Controllers\Admin\Product.php(95): CodeIgniter\Model->insert([...])
 9 SYSTEMPATH\CodeIgniter.php(934): App\Controllers\Admin\Product->create()
10 SYSTEMPATH\CodeIgniter.php(499): CodeIgniter\CodeIgniter->runController(Object(App\Controllers\Admin\Product))
11 SYSTEMPATH\CodeIgniter.php(368): CodeIgniter\CodeIgniter->handleRequest(null, Object(Config\Cache), false)
12 FCPATH\index.php(67): CodeIgniter\CodeIgniter->run()
INFO - 2023-06-20 11:22:25 --> Session: Class initialized using 'CodeIgniter\Session\Handlers\FileHandler' driver.
INFO - 2023-06-20 11:22:27 --> Session: Class initialized using 'CodeIgniter\Session\Handlers\FileHandler' driver.
INFO - 2023-06-20 11:23:02 --> Session: Class initialized using 'CodeIgniter\Session\Handlers\FileHandler' driver.
INFO - 2023-06-20 11:23:25 --> Session: Class initialized using 'CodeIgniter\Session\Handlers\FileHandler' driver.
INFO - 2023-06-20 11:23:28 --> Session: Class initialized using 'CodeIgniter\Session\Handlers\FileHandler' driver.
INFO - 2023-06-20 11:24:48 --> Session: Class initialized using 'CodeIgniter\Session\Handlers\FileHandler' driver.
INFO - 2023-06-20 11:25:05 --> Session: Class initialized using 'CodeIgniter\Session\Handlers\FileHandler' driver.
INFO - 2023-06-20 11:27:34 --> Session: Class initialized using 'CodeIgniter\Session\Handlers\FileHandler' driver.
INFO - 2023-06-20 11:27:37 --> Session: Class initialized using 'CodeIgniter\Session\Handlers\FileHandler' driver.
INFO - 2023-06-20 11:27:38 --> Session: Class initialized using 'CodeIgniter\Session\Handlers\FileHandler' driver.
INFO - 2023-06-20 11:28:11 --> Session: Class initialized using 'CodeIgniter\Session\Handlers\FileHandler' driver.
INFO - 2023-06-20 11:52:11 --> Session: Class initialized using 'CodeIgniter\Session\Handlers\FileHandler' driver.
INFO - 2023-06-20 14:21:44 --> Session: Class initialized using 'CodeIgniter\Session\Handlers\FileHandler' driver.
INFO - 2023-06-20 14:21:57 --> Session: Class initialized using 'CodeIgniter\Session\Handlers\FileHandler' driver.
INFO - 2023-06-20 14:22:34 --> Session: Class initialized using 'CodeIgniter\Session\Handlers\FileHandler' driver.
CRITICAL - 2023-06-20 14:22:34 --> Attempt to read property "id" on null
in APPPATH\Controllers\Admin\AdminHome.php on line 11.
 1 APPPATH\Controllers\Admin\AdminHome.php(11): CodeIgniter\Debug\Exceptions->errorHandler(2, 'Attempt to read property "id" on null', 'F:\\Xampp\\htdocs\\Mahim_53\\Codeigniter\\Project\\Ecomearce\\Ecomearce\\app\\Controllers\\Admin\\AdminHome.php', 11)
 2 SYSTEMPATH\CodeIgniter.php(934): App\Controllers\Admin\AdminHome->index()
 3 SYSTEMPATH\CodeIgniter.php(499): CodeIgniter\CodeIgniter->runController(Object(App\Controllers\Admin\AdminHome))
 4 SYSTEMPATH\CodeIgniter.php(368): CodeIgniter\CodeIgniter->handleRequest(null, Object(Config\Cache), false)
 5 FCPATH\index.php(67): CodeIgniter\CodeIgniter->run()
INFO - 2023-06-20 14:22:42 --> Session: Class initialized using 'CodeIgniter\Session\Handlers\FileHandler' driver.
INFO - 2023-06-20 14:22:45 --> Session: Class initialized using 'CodeIgniter\Session\Handlers\FileHandler' driver.
WARNING - 2023-06-20 14:22:45 --> Session: Sessions is enabled, and one exists. Please don't $session->start();
INFO - 2023-06-20 14:22:47 --> Session: Class initialized using 'CodeIgniter\Session\Handlers\FileHandler' driver.
WARNING - 2023-06-20 14:22:47 --> Session: Sessions is enabled, and one exists. Please don't $session->start();
INFO - 2023-06-20 14:22:49 --> Session: Class initialized using 'CodeIgniter\Session\Handlers\FileHandler' driver.
INFO - 2023-06-20 14:22:57 --> Session: Class initialized using 'CodeIgniter\Session\Handlers\FileHandler' driver.
INFO - 2023-06-20 14:23:42 --> Session: Class initialized using 'CodeIgniter\Session\Handlers\FileHandler' driver.
INFO - 2023-06-20 14:30:32 --> Session: Class initialized using 'CodeIgniter\Session\Handlers\FileHandler' driver.
CRITICAL - 2023-06-20 14:30:32 --> Undefined variable $cats
in APPPATH\Views\Admin\product\create.php on line 19.
 1 APPPATH\Views\Admin\product\create.php(19): CodeIgniter\Debug\Exceptions->errorHandler(2, 'Undefined variable $cats', 'F:\\Xampp\\htdocs\\Mahim_53\\Codeigniter\\Project\\Ecomearce\\Ecomearce\\app\\Views\\Admin\\product\\create.php', 19)
 2 SYSTEMPATH\View\View.php(213): include('F:\\Xampp\\htdocs\\Mahim_53\\Codeigniter\\Project\\Ecomearce\\Ecomearce\\app\\Views\\Admin\\product\\create.php')
 3 SYSTEMPATH\View\View.php(216): CodeIgniter\View\View->CodeIgniter\View\{closure}()
 4 SYSTEMPATH\Common.php(1184): CodeIgniter\View\View->render('Admin/product/create', [], true)
 5 APPPATH\Controllers\Admin\Product.php(34): view('Admin/product/create')
 6 SYSTEMPATH\CodeIgniter.php(934): App\Controllers\Admin\Product->create()
 7 SYSTEMPATH\CodeIgniter.php(499): CodeIgniter\CodeIgniter->runController(Object(App\Controllers\Admin\Product))
 8 SYSTEMPATH\CodeIgniter.php(368): CodeIgniter\CodeIgniter->handleRequest(null, Object(Config\Cache), false)
 9 FCPATH\index.php(67): CodeIgniter\CodeIgniter->run()
INFO - 2023-06-20 14:34:59 --> Session: Class initialized using 'CodeIgniter\Session\Handlers\FileHandler' driver.
CRITICAL - 2023-06-20 14:34:59 --> Undefined variable $cats
in APPPATH\Views\Admin\product\create.php on line 19.
 1 APPPATH\Views\Admin\product\create.php(19): CodeIgniter\Debug\Exceptions->errorHandler(2, 'Undefined variable $cats', 'F:\\Xampp\\htdocs\\Mahim_53\\Codeigniter\\Project\\Ecomearce\\Ecomearce\\app\\Views\\Admin\\product\\create.php', 19)
 2 SYSTEMPATH\View\View.php(213): include('F:\\Xampp\\htdocs\\Mahim_53\\Codeigniter\\Project\\Ecomearce\\Ecomearce\\app\\Views\\Admin\\product\\create.php')
 3 SYSTEMPATH\View\View.php(216): CodeIgniter\View\View->CodeIgniter\View\{closure}()
 4 SYSTEMPATH\Common.php(1184): CodeIgniter\View\View->render('Admin/product/create', [], true)
 5 APPPATH\Controllers\Admin\Product.php(27): view('Admin/product/create')
 6 SYSTEMPATH\CodeIgniter.php(934): App\Controllers\Admin\Product->create()
 7 SYSTEMPATH\CodeIgniter.php(499): CodeIgniter\CodeIgniter->runController(Object(App\Controllers\Admin\Product))
 8 SYSTEMPATH\CodeIgniter.php(368): CodeIgniter\CodeIgniter->handleRequest(null, Object(Config\Cache), false)
 9 FCPATH\index.php(67): CodeIgniter\CodeIgniter->run()
INFO - 2023-06-20 14:35:01 --> Session: Class initialized using 'CodeIgniter\Session\Handlers\FileHandler' driver.
INFO - 2023-06-20 14:35:03 --> Session: Class initialized using 'CodeIgniter\Session\Handlers\FileHandler' driver.
INFO - 2023-06-20 14:35:05 --> Session: Class initialized using 'CodeIgniter\Session\Handlers\FileHandler' driver.
INFO - 2023-06-20 14:35:08 --> Session: Class initialized using 'CodeIgniter\Session\Handlers\FileHandler' driver.
INFO - 2023-06-20 14:35:09 --> Session: Class initialized using 'CodeIgniter\Session\Handlers\FileHandler' driver.
INFO - 2023-06-20 14:35:13 --> Session: Class initialized using 'CodeIgniter\Session\Handlers\FileHandler' driver.
INFO - 2023-06-20 14:35:13 --> Session: Class initialized using 'CodeIgniter\Session\Handlers\FileHandler' driver.
INFO - 2023-06-20 14:35:18 --> Session: Class initialized using 'CodeIgniter\Session\Handlers\FileHandler' driver.
CRITICAL - 2023-06-20 14:35:18 --> Undefined variable $cats
in APPPATH\Views\Admin\product\create.php on line 19.
 1 APPPATH\Views\Admin\product\create.php(19): CodeIgniter\Debug\Exceptions->errorHandler(2, 'Undefined variable $cats', 'F:\\Xampp\\htdocs\\Mahim_53\\Codeigniter\\Project\\Ecomearce\\Ecomearce\\app\\Views\\Admin\\product\\create.php', 19)
 2 SYSTEMPATH\View\View.php(213): include('F:\\Xampp\\htdocs\\Mahim_53\\Codeigniter\\Project\\Ecomearce\\Ecomearce\\app\\Views\\Admin\\product\\create.php')
 3 SYSTEMPATH\View\View.php(216): CodeIgniter\View\View->CodeIgniter\View\{closure}()
 4 SYSTEMPATH\Common.php(1184): CodeIgniter\View\View->render('Admin/product/create', [], true)
 5 APPPATH\Controllers\Admin\Product.php(27): view('Admin/product/create')
 6 SYSTEMPATH\CodeIgniter.php(934): App\Controllers\Admin\Product->create()
 7 SYSTEMPATH\CodeIgniter.php(499): CodeIgniter\CodeIgniter->runController(Object(App\Controllers\Admin\Product))
 8 SYSTEMPATH\CodeIgniter.php(368): CodeIgniter\CodeIgniter->handleRequest(null, Object(Config\Cache), false)
 9 FCPATH\index.php(67): CodeIgniter\CodeIgniter->run()
INFO - 2023-06-20 14:35:38 --> Session: Class initialized using 'CodeIgniter\Session\Handlers\FileHandler' driver.
INFO - 2023-06-20 14:44:50 --> Session: Class initialized using 'CodeIgniter\Session\Handlers\FileHandler' driver.
CRITICAL - 2023-06-20 14:44:50 --> Undefined variable $cats
in APPPATH\Views\Admin\product\create.php on line 24.
 1 APPPATH\Views\Admin\product\create.php(24): CodeIgniter\Debug\Exceptions->errorHandler(2, 'Undefined variable $cats', 'F:\\Xampp\\htdocs\\Mahim_53\\Codeigniter\\Project\\Ecomearce\\Ecomearce\\app\\Views\\Admin\\product\\create.php', 24)
 2 SYSTEMPATH\View\View.php(213): include('F:\\Xampp\\htdocs\\Mahim_53\\Codeigniter\\Project\\Ecomearce\\Ecomearce\\app\\Views\\Admin\\product\\create.php')
 3 SYSTEMPATH\View\View.php(216): CodeIgniter\View\View->CodeIgniter\View\{closure}()
 4 SYSTEMPATH\Common.php(1184): CodeIgniter\View\View->render('Admin/product/create', [], true)
 5 APPPATH\Controllers\Admin\Product.php(42): view('Admin/product/create')
 6 SYSTEMPATH\CodeIgniter.php(934): App\Controllers\Admin\Product->create()
 7 SYSTEMPATH\CodeIgniter.php(499): CodeIgniter\CodeIgniter->runController(Object(App\Controllers\Admin\Product))
 8 SYSTEMPATH\CodeIgniter.php(368): CodeIgniter\CodeIgniter->handleRequest(null, Object(Config\Cache), false)
 9 FCPATH\index.php(67): CodeIgniter\CodeIgniter->run()
INFO - 2023-06-20 14:46:23 --> Session: Class initialized using 'CodeIgniter\Session\Handlers\FileHandler' driver.
CRITICAL - 2023-06-20 14:46:23 --> Undefined variable $data
in APPPATH\Views\Admin\product\create.php on line 24.
 1 APPPATH\Views\Admin\product\create.php(24): CodeIgniter\Debug\Exceptions->errorHandler(2, 'Undefined variable $data', 'F:\\Xampp\\htdocs\\Mahim_53\\Codeigniter\\Project\\Ecomearce\\Ecomearce\\app\\Views\\Admin\\product\\create.php', 24)
 2 SYSTEMPATH\View\View.php(213): include('F:\\Xampp\\htdocs\\Mahim_53\\Codeigniter\\Project\\Ecomearce\\Ecomearce\\app\\Views\\Admin\\product\\create.php')
 3 SYSTEMPATH\View\View.php(216): CodeIgniter\View\View->CodeIgniter\View\{closure}()
 4 SYSTEMPATH\Common.php(1184): CodeIgniter\View\View->render('Admin/product/create', [], true)
 5 APPPATH\Controllers\Admin\Product.php(42): view('Admin/product/create')
 6 SYSTEMPATH\CodeIgniter.php(934): App\Controllers\Admin\Product->create()
 7 SYSTEMPATH\CodeIgniter.php(499): CodeIgniter\CodeIgniter->runController(Object(App\Controllers\Admin\Product))
 8 SYSTEMPATH\CodeIgniter.php(368): CodeIgniter\CodeIgniter->handleRequest(null, Object(Config\Cache), false)
 9 FCPATH\index.php(67): CodeIgniter\CodeIgniter->run()
INFO - 2023-06-20 14:46:24 --> Session: Class initialized using 'CodeIgniter\Session\Handlers\FileHandler' driver.
CRITICAL - 2023-06-20 14:46:24 --> Undefined variable $data
in APPPATH\Views\Admin\product\create.php on line 24.
 1 APPPATH\Views\Admin\product\create.php(24): CodeIgniter\Debug\Exceptions->errorHandler(2, 'Undefined variable $data', 'F:\\Xampp\\htdocs\\Mahim_53\\Codeigniter\\Project\\Ecomearce\\Ecomearce\\app\\Views\\Admin\\product\\create.php', 24)
 2 SYSTEMPATH\View\View.php(213): include('F:\\Xampp\\htdocs\\Mahim_53\\Codeigniter\\Project\\Ecomearce\\Ecomearce\\app\\Views\\Admin\\product\\create.php')
 3 SYSTEMPATH\View\View.php(216): CodeIgniter\View\View->CodeIgniter\View\{closure}()
 4 SYSTEMPATH\Common.php(1184): CodeIgniter\View\View->render('Admin/product/create', [], true)
 5 APPPATH\Controllers\Admin\Product.php(42): view('Admin/product/create')
 6 SYSTEMPATH\CodeIgniter.php(934): App\Controllers\Admin\Product->create()
 7 SYSTEMPATH\CodeIgniter.php(499): CodeIgniter\CodeIgniter->runController(Object(App\Controllers\Admin\Product))
 8 SYSTEMPATH\CodeIgniter.php(368): CodeIgniter\CodeIgniter->handleRequest(null, Object(Config\Cache), false)
 9 FCPATH\index.php(67): CodeIgniter\CodeIgniter->run()
INFO - 2023-06-20 14:46:25 --> Session: Class initialized using 'CodeIgniter\Session\Handlers\FileHandler' driver.
CRITICAL - 2023-06-20 14:46:25 --> Undefined variable $data
in APPPATH\Views\Admin\product\create.php on line 24.
 1 APPPATH\Views\Admin\product\create.php(24): CodeIgniter\Debug\Exceptions->errorHandler(2, 'Undefined variable $data', 'F:\\Xampp\\htdocs\\Mahim_53\\Codeigniter\\Project\\Ecomearce\\Ecomearce\\app\\Views\\Admin\\product\\create.php', 24)
 2 SYSTEMPATH\View\View.php(213): include('F:\\Xampp\\htdocs\\Mahim_53\\Codeigniter\\Project\\Ecomearce\\Ecomearce\\app\\Views\\Admin\\product\\create.php')
 3 SYSTEMPATH\View\View.php(216): CodeIgniter\View\View->CodeIgniter\View\{closure}()
 4 SYSTEMPATH\Common.php(1184): CodeIgniter\View\View->render('Admin/product/create', [], true)
 5 APPPATH\Controllers\Admin\Product.php(42): view('Admin/product/create')
 6 SYSTEMPATH\CodeIgniter.php(934): App\Controllers\Admin\Product->create()
 7 SYSTEMPATH\CodeIgniter.php(499): CodeIgniter\CodeIgniter->runController(Object(App\Controllers\Admin\Product))
 8 SYSTEMPATH\CodeIgniter.php(368): CodeIgniter\CodeIgniter->handleRequest(null, Object(Config\Cache), false)
 9 FCPATH\index.php(67): CodeIgniter\CodeIgniter->run()
INFO - 2023-06-20 14:48:17 --> Session: Class initialized using 'CodeIgniter\Session\Handlers\FileHandler' driver.
INFO - 2023-06-20 14:49:13 --> Session: Class initialized using 'CodeIgniter\Session\Handlers\FileHandler' driver.
INFO - 2023-06-20 14:50:43 --> Session: Class initialized using 'CodeIgniter\Session\Handlers\FileHandler' driver.
INFO - 2023-06-20 14:50:44 --> Session: Class initialized using 'CodeIgniter\Session\Handlers\FileHandler' driver.
INFO - 2023-06-20 14:51:06 --> Session: Class initialized using 'CodeIgniter\Session\Handlers\FileHandler' driver.
INFO - 2023-06-20 14:51:06 --> Session: Class initialized using 'CodeIgniter\Session\Handlers\FileHandler' driver.
INFO - 2023-06-20 14:51:07 --> Session: Class initialized using 'CodeIgniter\Session\Handlers\FileHandler' driver.
INFO - 2023-06-20 14:51:08 --> Session: Class initialized using 'CodeIgniter\Session\Handlers\FileHandler' driver.
INFO - 2023-06-20 14:51:11 --> Session: Class initialized using 'CodeIgniter\Session\Handlers\FileHandler' driver.
CRITICAL - 2023-06-20 14:51:11 --> Undefined variable $data
in APPPATH\Views\Admin\product\create.php on line 24.
 1 APPPATH\Views\Admin\product\create.php(24): CodeIgniter\Debug\Exceptions->errorHandler(2, 'Undefined variable $data', 'F:\\Xampp\\htdocs\\Mahim_53\\Codeigniter\\Project\\Ecomearce\\Ecomearce\\app\\Views\\Admin\\product\\create.php', 24)
 2 SYSTEMPATH\View\View.php(213): include('F:\\Xampp\\htdocs\\Mahim_53\\Codeigniter\\Project\\Ecomearce\\Ecomearce\\app\\Views\\Admin\\product\\create.php')
 3 SYSTEMPATH\View\View.php(216): CodeIgniter\View\View->CodeIgniter\View\{closure}()
 4 SYSTEMPATH\Common.php(1184): CodeIgniter\View\View->render('Admin/product/create', [], true)
 5 APPPATH\Controllers\Admin\Product.php(45): view('Admin/product/create')
 6 SYSTEMPATH\CodeIgniter.php(934): App\Controllers\Admin\Product->create()
 7 SYSTEMPATH\CodeIgniter.php(499): CodeIgniter\CodeIgniter->runController(Object(App\Controllers\Admin\Product))
 8 SYSTEMPATH\CodeIgniter.php(368): CodeIgniter\CodeIgniter->handleRequest(null, Object(Config\Cache), false)
 9 FCPATH\index.php(67): CodeIgniter\CodeIgniter->run()
INFO - 2023-06-20 14:56:40 --> Session: Class initialized using 'CodeIgniter\Session\Handlers\FileHandler' driver.
CRITICAL - 2023-06-20 14:56:40 --> Undefined variable $data
in APPPATH\Views\Admin\product\create.php on line 24.
 1 APPPATH\Views\Admin\product\create.php(24): CodeIgniter\Debug\Exceptions->errorHandler(2, 'Undefined variable $data', 'F:\\Xampp\\htdocs\\Mahim_53\\Codeigniter\\Project\\Ecomearce\\Ecomearce\\app\\Views\\Admin\\product\\create.php', 24)
 2 SYSTEMPATH\View\View.php(213): include('F:\\Xampp\\htdocs\\Mahim_53\\Codeigniter\\Project\\Ecomearce\\Ecomearce\\app\\Views\\Admin\\product\\create.php')
 3 SYSTEMPATH\View\View.php(216): CodeIgniter\View\View->CodeIgniter\View\{closure}()
 4 SYSTEMPATH\Common.php(1184): CodeIgniter\View\View->render('Admin/product/create', [], true)
 5 APPPATH\Controllers\Admin\Product.php(45): view('Admin/product/create', [...])
 6 SYSTEMPATH\CodeIgniter.php(934): App\Controllers\Admin\Product->create()
 7 SYSTEMPATH\CodeIgniter.php(499): CodeIgniter\CodeIgniter->runController(Object(App\Controllers\Admin\Product))
 8 SYSTEMPATH\CodeIgniter.php(368): CodeIgniter\CodeIgniter->handleRequest(null, Object(Config\Cache), false)
 9 FCPATH\index.php(67): CodeIgniter\CodeIgniter->run()
INFO - 2023-06-20 14:57:13 --> Session: Class initialized using 'CodeIgniter\Session\Handlers\FileHandler' driver.
INFO - 2023-06-20 14:58:21 --> Session: Class initialized using 'CodeIgniter\Session\Handlers\FileHandler' driver.
INFO - 2023-06-20 15:02:11 --> Session: Class initialized using 'CodeIgniter\Session\Handlers\FileHandler' driver.
INFO - 2023-06-20 15:02:12 --> Session: Class initialized using 'CodeIgniter\Session\Handlers\FileHandler' driver.
INFO - 2023-06-20 15:03:43 --> Session: Class initialized using 'CodeIgniter\Session\Handlers\FileHandler' driver.
INFO - 2023-06-20 15:03:44 --> Session: Class initialized using 'CodeIgniter\Session\Handlers\FileHandler' driver.
INFO - 2023-06-20 15:08:37 --> Session: Class initialized using 'CodeIgniter\Session\Handlers\FileHandler' driver.
INFO - 2023-06-20 15:10:53 --> Session: Class initialized using 'CodeIgniter\Session\Handlers\FileHandler' driver.
INFO - 2023-06-20 15:10:56 --> Session: Class initialized using 'CodeIgniter\Session\Handlers\FileHandler' driver.
INFO - 2023-06-20 15:11:01 --> Session: Class initialized using 'CodeIgniter\Session\Handlers\FileHandler' driver.
INFO - 2023-06-20 15:11:06 --> Session: Class initialized using 'CodeIgniter\Session\Handlers\FileHandler' driver.
INFO - 2023-06-20 15:11:37 --> Session: Class initialized using 'CodeIgniter\Session\Handlers\FileHandler' driver.
INFO - 2023-06-20 15:12:12 --> Session: Class initialized using 'CodeIgniter\Session\Handlers\FileHandler' driver.
INFO - 2023-06-20 15:13:33 --> Session: Class initialized using 'CodeIgniter\Session\Handlers\FileHandler' driver.
INFO - 2023-06-20 15:37:29 --> Session: Class initialized using 'CodeIgniter\Session\Handlers\FileHandler' driver.
INFO - 2023-06-20 15:37:43 --> Session: Class initialized using 'CodeIgniter\Session\Handlers\FileHandler' driver.
